[0.051s] DEBUG:colcon:Command line arguments: ['/usr/bin/colcon', 'build', '--symlink-install']
[0.051s] DEBUG:colcon:Parsed command line arguments: Namespace(log_base=None, log_level=None, verb_name='build', build_base='build', install_base='install', merge_install=False, symlink_install=True, test_result_base=None, continue_on_error=False, executor='parallel', parallel_workers=32, event_handlers=None, ignore_user_meta=False, metas=['./colcon.meta'], base_paths=['.'], packages_ignore=None, packages_ignore_regex=None, paths=None, packages_up_to=None, packages_up_to_regex=None, packages_above=None, packages_above_and_dependencies=None, packages_above_depth=None, packages_select_by_dep=None, packages_skip_by_dep=None, packages_skip_up_to=None, packages_select_build_failed=False, packages_skip_build_finished=False, packages_select_test_failures=False, packages_skip_test_passed=False, packages_select=None, packages_skip=None, packages_select_regex=None, packages_skip_regex=None, packages_start=None, packages_end=None, allow_overriding=[], cmake_args=None, cmake_target=None, cmake_target_skip_unavailable=False, cmake_clean_cache=False, cmake_clean_first=False, cmake_force_configure=False, ament_cmake_args=None, catkin_cmake_args=None, catkin_skip_building_tests=False, verb_parser=<colcon_defaults.argument_parser.defaults.DefaultArgumentsDecorator object at 0x722680f22fe0>, verb_extension=<colcon_core.verb.build.BuildVerb object at 0x7226810a83d0>, main=<bound method BuildVerb.main of <colcon_core.verb.build.BuildVerb object at 0x7226810a83d0>>)
[0.136s] Level 1:colcon.colcon_core.package_discovery:discover_packages(colcon_meta) check parameters
[0.136s] Level 1:colcon.colcon_core.package_discovery:discover_packages(recursive) check parameters
[0.136s] Level 1:colcon.colcon_core.package_discovery:discover_packages(ignore) check parameters
[0.136s] Level 1:colcon.colcon_core.package_discovery:discover_packages(path) check parameters
[0.136s] Level 1:colcon.colcon_core.package_discovery:discover_packages(colcon_meta) discover
[0.136s] Level 1:colcon.colcon_core.package_discovery:discover_packages(recursive) discover
[0.136s] INFO:colcon.colcon_core.package_discovery:Crawling recursively for packages in '/home/jzt/nb_arm_ws'
[0.136s] Level 1:colcon.colcon_core.package_identification:_identify(.) by extensions ['ignore', 'ignore_ament_install']
[0.136s] Level 1:colcon.colcon_core.package_identification:_identify(.) by extension 'ignore'
[0.136s] Level 1:colcon.colcon_core.package_identification:_identify(.) by extension 'ignore_ament_install'
[0.136s] Level 1:colcon.colcon_core.package_identification:_identify(.) by extensions ['colcon_pkg']
[0.136s] Level 1:colcon.colcon_core.package_identification:_identify(.) by extension 'colcon_pkg'
[0.136s] Level 1:colcon.colcon_core.package_identification:_identify(.) by extensions ['colcon_meta']
[0.136s] Level 1:colcon.colcon_core.package_identification:_identify(.) by extension 'colcon_meta'
[0.136s] Level 1:colcon.colcon_core.package_identification:_identify(.) by extensions ['ros']
[0.136s] Level 1:colcon.colcon_core.package_identification:_identify(.) by extension 'ros'
[0.142s] Level 1:colcon.colcon_core.package_identification:_identify(.) by extensions ['cmake', 'python']
[0.142s] Level 1:colcon.colcon_core.package_identification:_identify(.) by extension 'cmake'
[0.142s] Level 1:colcon.colcon_core.package_identification:_identify(.) by extension 'python'
[0.142s] Level 1:colcon.colcon_core.package_identification:_identify(.) by extensions ['python_setup_py']
[0.142s] Level 1:colcon.colcon_core.package_identification:_identify(.) by extension 'python_setup_py'
[0.142s] Level 1:colcon.colcon_core.package_identification:_identify(build) by extensions ['ignore', 'ignore_ament_install']
[0.142s] Level 1:colcon.colcon_core.package_identification:_identify(build) by extension 'ignore'
[0.142s] Level 1:colcon.colcon_core.package_identification:_identify(build) ignored
[0.142s] Level 1:colcon.colcon_core.package_identification:_identify(install) by extensions ['ignore', 'ignore_ament_install']
[0.142s] Level 1:colcon.colcon_core.package_identification:_identify(install) by extension 'ignore'
[0.142s] Level 1:colcon.colcon_core.package_identification:_identify(install) ignored
[0.142s] Level 1:colcon.colcon_core.package_identification:_identify(log) by extensions ['ignore', 'ignore_ament_install']
[0.142s] Level 1:colcon.colcon_core.package_identification:_identify(log) by extension 'ignore'
[0.142s] Level 1:colcon.colcon_core.package_identification:_identify(log) ignored
[0.142s] Level 1:colcon.colcon_core.package_identification:_identify(src) by extensions ['ignore', 'ignore_ament_install']
[0.142s] Level 1:colcon.colcon_core.package_identification:_identify(src) by extension 'ignore'
[0.142s] Level 1:colcon.colcon_core.package_identification:_identify(src) by extension 'ignore_ament_install'
[0.142s] Level 1:colcon.colcon_core.package_identification:_identify(src) by extensions ['colcon_pkg']
[0.142s] Level 1:colcon.colcon_core.package_identification:_identify(src) by extension 'colcon_pkg'
[0.142s] Level 1:colcon.colcon_core.package_identification:_identify(src) by extensions ['colcon_meta']
[0.142s] Level 1:colcon.colcon_core.package_identification:_identify(src) by extension 'colcon_meta'
[0.142s] Level 1:colcon.colcon_core.package_identification:_identify(src) by extensions ['ros']
[0.142s] Level 1:colcon.colcon_core.package_identification:_identify(src) by extension 'ros'
[0.142s] Level 1:colcon.colcon_core.package_identification:_identify(src) by extensions ['cmake', 'python']
[0.142s] Level 1:colcon.colcon_core.package_identification:_identify(src) by extension 'cmake'
[0.142s] Level 1:colcon.colcon_core.package_identification:_identify(src) by extension 'python'
[0.142s] Level 1:colcon.colcon_core.package_identification:_identify(src) by extensions ['python_setup_py']
[0.142s] Level 1:colcon.colcon_core.package_identification:_identify(src) by extension 'python_setup_py'
[0.143s] Level 1:colcon.colcon_core.package_identification:_identify(src/arm_msgs) by extensions ['ignore', 'ignore_ament_install']
[0.143s] Level 1:colcon.colcon_core.package_identification:_identify(src/arm_msgs) by extension 'ignore'
[0.143s] Level 1:colcon.colcon_core.package_identification:_identify(src/arm_msgs) by extension 'ignore_ament_install'
[0.143s] Level 1:colcon.colcon_core.package_identification:_identify(src/arm_msgs) by extensions ['colcon_pkg']
[0.143s] Level 1:colcon.colcon_core.package_identification:_identify(src/arm_msgs) by extension 'colcon_pkg'
[0.143s] Level 1:colcon.colcon_core.package_identification:_identify(src/arm_msgs) by extensions ['colcon_meta']
[0.143s] Level 1:colcon.colcon_core.package_identification:_identify(src/arm_msgs) by extension 'colcon_meta'
[0.143s] Level 1:colcon.colcon_core.package_identification:_identify(src/arm_msgs) by extensions ['ros']
[0.143s] Level 1:colcon.colcon_core.package_identification:_identify(src/arm_msgs) by extension 'ros'
[0.144s] DEBUG:colcon.colcon_core.package_identification:Package 'src/arm_msgs' with type 'ros.ament_cmake' and name 'arm_msgs'
[0.144s] Level 1:colcon.colcon_core.package_identification:_identify(src/nb_arm) by extensions ['ignore', 'ignore_ament_install']
[0.144s] Level 1:colcon.colcon_core.package_identification:_identify(src/nb_arm) by extension 'ignore'
[0.144s] Level 1:colcon.colcon_core.package_identification:_identify(src/nb_arm) by extension 'ignore_ament_install'
[0.144s] Level 1:colcon.colcon_core.package_identification:_identify(src/nb_arm) by extensions ['colcon_pkg']
[0.144s] Level 1:colcon.colcon_core.package_identification:_identify(src/nb_arm) by extension 'colcon_pkg'
[0.144s] Level 1:colcon.colcon_core.package_identification:_identify(src/nb_arm) by extensions ['colcon_meta']
[0.144s] Level 1:colcon.colcon_core.package_identification:_identify(src/nb_arm) by extension 'colcon_meta'
[0.144s] Level 1:colcon.colcon_core.package_identification:_identify(src/nb_arm) by extensions ['ros']
[0.144s] Level 1:colcon.colcon_core.package_identification:_identify(src/nb_arm) by extension 'ros'
[0.145s] DEBUG:colcon.colcon_core.package_identification:Package 'src/nb_arm' with type 'ros.ament_cmake' and name 'nb_arm'
[0.145s] Level 1:colcon.colcon_core.package_discovery:discover_packages(recursive) using defaults
[0.145s] Level 1:colcon.colcon_core.package_discovery:discover_packages(ignore) discover
[0.145s] Level 1:colcon.colcon_core.package_discovery:discover_packages(ignore) using defaults
[0.145s] Level 1:colcon.colcon_core.package_discovery:discover_packages(path) discover
[0.145s] Level 1:colcon.colcon_core.package_discovery:discover_packages(path) using defaults
[0.160s] Level 1:colcon.colcon_core.package_discovery:discover_packages(prefix_path) check parameters
[0.160s] Level 1:colcon.colcon_core.package_discovery:discover_packages(prefix_path) discover
[0.161s] DEBUG:colcon.colcon_installed_package_information.package_discovery:Found 3 installed packages in /home/jzt/fastdds_ws/install
[0.161s] DEBUG:colcon.colcon_installed_package_information.package_discovery:Found 2 installed packages in /home/jzt/elite_robot_ros2/install
[0.162s] DEBUG:colcon.colcon_installed_package_information.package_discovery:Found 56 installed packages in /home/jzt/moveit2_ws/install
[0.163s] DEBUG:colcon.colcon_installed_package_information.package_discovery:Found 420 installed packages in /opt/ros/humble
[0.164s] Level 1:colcon.colcon_core.package_discovery:discover_packages(prefix_path) using defaults
[0.190s] Level 5:colcon.colcon_core.verb:set package 'arm_msgs' build argument 'cmake_args' from command line to 'None'
[0.190s] Level 5:colcon.colcon_core.verb:set package 'arm_msgs' build argument 'cmake_target' from command line to 'None'
[0.190s] Level 5:colcon.colcon_core.verb:set package 'arm_msgs' build argument 'cmake_target_skip_unavailable' from command line to 'False'
[0.190s] Level 5:colcon.colcon_core.verb:set package 'arm_msgs' build argument 'cmake_clean_cache' from command line to 'False'
[0.190s] Level 5:colcon.colcon_core.verb:set package 'arm_msgs' build argument 'cmake_clean_first' from command line to 'False'
[0.190s] Level 5:colcon.colcon_core.verb:set package 'arm_msgs' build argument 'cmake_force_configure' from command line to 'False'
[0.190s] Level 5:colcon.colcon_core.verb:set package 'arm_msgs' build argument 'ament_cmake_args' from command line to 'None'
[0.190s] Level 5:colcon.colcon_core.verb:set package 'arm_msgs' build argument 'catkin_cmake_args' from command line to 'None'
[0.190s] Level 5:colcon.colcon_core.verb:set package 'arm_msgs' build argument 'catkin_skip_building_tests' from command line to 'False'
[0.190s] DEBUG:colcon.colcon_core.verb:Building package 'arm_msgs' with the following arguments: {'ament_cmake_args': None, 'build_base': '/home/jzt/nb_arm_ws/build/arm_msgs', 'catkin_cmake_args': None, 'catkin_skip_building_tests': False, 'cmake_args': None, 'cmake_clean_cache': False, 'cmake_clean_first': False, 'cmake_force_configure': False, 'cmake_target': None, 'cmake_target_skip_unavailable': False, 'install_base': '/home/jzt/nb_arm_ws/install/arm_msgs', 'merge_install': False, 'path': '/home/jzt/nb_arm_ws/src/arm_msgs', 'symlink_install': True, 'test_result_base': None}
[0.190s] Level 5:colcon.colcon_core.verb:set package 'nb_arm' build argument 'cmake_args' from command line to 'None'
[0.190s] Level 5:colcon.colcon_core.verb:set package 'nb_arm' build argument 'cmake_target' from command line to 'None'
[0.190s] Level 5:colcon.colcon_core.verb:set package 'nb_arm' build argument 'cmake_target_skip_unavailable' from command line to 'False'
[0.190s] Level 5:colcon.colcon_core.verb:set package 'nb_arm' build argument 'cmake_clean_cache' from command line to 'False'
[0.190s] Level 5:colcon.colcon_core.verb:set package 'nb_arm' build argument 'cmake_clean_first' from command line to 'False'
[0.190s] Level 5:colcon.colcon_core.verb:set package 'nb_arm' build argument 'cmake_force_configure' from command line to 'False'
[0.190s] Level 5:colcon.colcon_core.verb:set package 'nb_arm' build argument 'ament_cmake_args' from command line to 'None'
[0.190s] Level 5:colcon.colcon_core.verb:set package 'nb_arm' build argument 'catkin_cmake_args' from command line to 'None'
[0.190s] Level 5:colcon.colcon_core.verb:set package 'nb_arm' build argument 'catkin_skip_building_tests' from command line to 'False'
[0.190s] DEBUG:colcon.colcon_core.verb:Building package 'nb_arm' with the following arguments: {'ament_cmake_args': None, 'build_base': '/home/jzt/nb_arm_ws/build/nb_arm', 'catkin_cmake_args': None, 'catkin_skip_building_tests': False, 'cmake_args': None, 'cmake_clean_cache': False, 'cmake_clean_first': False, 'cmake_force_configure': False, 'cmake_target': None, 'cmake_target_skip_unavailable': False, 'install_base': '/home/jzt/nb_arm_ws/install/nb_arm', 'merge_install': False, 'path': '/home/jzt/nb_arm_ws/src/nb_arm', 'symlink_install': True, 'test_result_base': None}
[0.190s] INFO:colcon.colcon_core.executor:Executing jobs using 'parallel' executor
[0.191s] DEBUG:colcon.colcon_parallel_executor.executor.parallel:run_until_complete
[0.191s] INFO:colcon.colcon_ros.task.ament_cmake.build:Building ROS package in '/home/jzt/nb_arm_ws/src/arm_msgs' with build type 'ament_cmake'
[0.191s] INFO:colcon.colcon_cmake.task.cmake.build:Building CMake package in '/home/jzt/nb_arm_ws/src/arm_msgs'
[0.192s] INFO:colcon.colcon_core.plugin_system:Skipping extension 'colcon_core.shell.bat': Not used on non-Windows systems
[0.192s] INFO:colcon.colcon_core.shell:Skip shell extension 'powershell' for command environment: Not usable outside of PowerShell
[0.192s] DEBUG:colcon.colcon_core.shell:Skip shell extension 'dsv' for command environment
[0.201s] DEBUG:colcon.colcon_core.event_handler.log_command:Invoking command in '/home/jzt/nb_arm_ws/build/arm_msgs': CMAKE_PREFIX_PATH=${CMAKE_PREFIX_PATH}:/home/jzt/moveit2_ws/install/moveit_configs_utils:/home/jzt/moveit2_ws/install/launch_param_builder:/opt/ros/humble /usr/local/bin/cmake --build /home/jzt/nb_arm_ws/build/arm_msgs -- -j32 -l32
[0.394s] DEBUG:colcon.colcon_core.event_handler.log_command:Invoked command in '/home/jzt/nb_arm_ws/build/arm_msgs' returned '0': CMAKE_PREFIX_PATH=${CMAKE_PREFIX_PATH}:/home/jzt/moveit2_ws/install/moveit_configs_utils:/home/jzt/moveit2_ws/install/launch_param_builder:/opt/ros/humble /usr/local/bin/cmake --build /home/jzt/nb_arm_ws/build/arm_msgs -- -j32 -l32
[0.398s] DEBUG:colcon.colcon_core.event_handler.log_command:Invoking command in '/home/jzt/nb_arm_ws/build/arm_msgs': CMAKE_PREFIX_PATH=${CMAKE_PREFIX_PATH}:/home/jzt/moveit2_ws/install/moveit_configs_utils:/home/jzt/moveit2_ws/install/launch_param_builder:/opt/ros/humble /usr/local/bin/cmake --install /home/jzt/nb_arm_ws/build/arm_msgs
[0.438s] Level 1:colcon.colcon_core.environment:create_environment_scripts_only(arm_msgs)
[0.439s] DEBUG:colcon.colcon_core.event_handler.log_command:Invoked command in '/home/jzt/nb_arm_ws/build/arm_msgs' returned '0': CMAKE_PREFIX_PATH=${CMAKE_PREFIX_PATH}:/home/jzt/moveit2_ws/install/moveit_configs_utils:/home/jzt/moveit2_ws/install/launch_param_builder:/opt/ros/humble /usr/local/bin/cmake --install /home/jzt/nb_arm_ws/build/arm_msgs
[0.440s] Level 1:colcon.colcon_core.environment:checking '/home/jzt/nb_arm_ws/install/arm_msgs' for CMake module files
[0.441s] Level 1:colcon.colcon_core.environment:checking '/home/jzt/nb_arm_ws/install/arm_msgs' for CMake config files
[0.442s] Level 1:colcon.colcon_core.shell:create_environment_hook('arm_msgs', 'cmake_prefix_path')
[0.442s] INFO:colcon.colcon_core.shell:Creating environment hook '/home/jzt/nb_arm_ws/install/arm_msgs/share/arm_msgs/hook/cmake_prefix_path.ps1'
[0.442s] INFO:colcon.colcon_core.shell:Creating environment descriptor '/home/jzt/nb_arm_ws/install/arm_msgs/share/arm_msgs/hook/cmake_prefix_path.dsv'
[0.443s] INFO:colcon.colcon_core.shell:Creating environment hook '/home/jzt/nb_arm_ws/install/arm_msgs/share/arm_msgs/hook/cmake_prefix_path.sh'
[0.443s] Level 1:colcon.colcon_core.environment:checking '/home/jzt/nb_arm_ws/install/arm_msgs/lib'
[0.443s] Level 1:colcon.colcon_core.shell:create_environment_hook('arm_msgs', 'ld_library_path_lib')
[0.444s] INFO:colcon.colcon_core.shell:Creating environment hook '/home/jzt/nb_arm_ws/install/arm_msgs/share/arm_msgs/hook/ld_library_path_lib.ps1'
[0.444s] INFO:colcon.colcon_core.shell:Creating environment descriptor '/home/jzt/nb_arm_ws/install/arm_msgs/share/arm_msgs/hook/ld_library_path_lib.dsv'
[0.444s] INFO:colcon.colcon_core.shell:Creating environment hook '/home/jzt/nb_arm_ws/install/arm_msgs/share/arm_msgs/hook/ld_library_path_lib.sh'
[0.444s] Level 1:colcon.colcon_core.environment:checking '/home/jzt/nb_arm_ws/install/arm_msgs/bin'
[0.444s] Level 1:colcon.colcon_core.environment:checking '/home/jzt/nb_arm_ws/install/arm_msgs/lib/pkgconfig/arm_msgs.pc'
[0.444s] Level 1:colcon.colcon_core.environment:checking '/home/jzt/nb_arm_ws/install/arm_msgs/lib/python3.10/site-packages'
[0.445s] Level 1:colcon.colcon_core.environment:checking '/home/jzt/nb_arm_ws/install/arm_msgs/bin'
[0.445s] INFO:colcon.colcon_core.shell:Creating package script '/home/jzt/nb_arm_ws/install/arm_msgs/share/arm_msgs/package.ps1'
[0.445s] INFO:colcon.colcon_core.shell:Creating package descriptor '/home/jzt/nb_arm_ws/install/arm_msgs/share/arm_msgs/package.dsv'
[0.445s] INFO:colcon.colcon_core.shell:Creating package script '/home/jzt/nb_arm_ws/install/arm_msgs/share/arm_msgs/package.sh'
[0.446s] INFO:colcon.colcon_core.shell:Creating package script '/home/jzt/nb_arm_ws/install/arm_msgs/share/arm_msgs/package.bash'
[0.446s] INFO:colcon.colcon_core.shell:Creating package script '/home/jzt/nb_arm_ws/install/arm_msgs/share/arm_msgs/package.zsh'
[0.446s] Level 1:colcon.colcon_core.environment:create_file_with_runtime_dependencies(/home/jzt/nb_arm_ws/install/arm_msgs/share/colcon-core/packages/arm_msgs)
[0.446s] Level 1:colcon.colcon_core.environment:create_environment_scripts_only(arm_msgs)
[0.446s] Level 1:colcon.colcon_core.environment:checking '/home/jzt/nb_arm_ws/install/arm_msgs' for CMake module files
[0.447s] Level 1:colcon.colcon_core.environment:checking '/home/jzt/nb_arm_ws/install/arm_msgs' for CMake config files
[0.447s] Level 1:colcon.colcon_core.shell:create_environment_hook('arm_msgs', 'cmake_prefix_path')
[0.447s] INFO:colcon.colcon_core.shell:Creating environment hook '/home/jzt/nb_arm_ws/install/arm_msgs/share/arm_msgs/hook/cmake_prefix_path.ps1'
[0.447s] INFO:colcon.colcon_core.shell:Creating environment descriptor '/home/jzt/nb_arm_ws/install/arm_msgs/share/arm_msgs/hook/cmake_prefix_path.dsv'
[0.447s] INFO:colcon.colcon_core.shell:Creating environment hook '/home/jzt/nb_arm_ws/install/arm_msgs/share/arm_msgs/hook/cmake_prefix_path.sh'
[0.448s] Level 1:colcon.colcon_core.environment:checking '/home/jzt/nb_arm_ws/install/arm_msgs/lib'
[0.448s] Level 1:colcon.colcon_core.shell:create_environment_hook('arm_msgs', 'ld_library_path_lib')
[0.448s] INFO:colcon.colcon_core.shell:Creating environment hook '/home/jzt/nb_arm_ws/install/arm_msgs/share/arm_msgs/hook/ld_library_path_lib.ps1'
[0.448s] INFO:colcon.colcon_core.shell:Creating environment descriptor '/home/jzt/nb_arm_ws/install/arm_msgs/share/arm_msgs/hook/ld_library_path_lib.dsv'
[0.448s] INFO:colcon.colcon_core.shell:Creating environment hook '/home/jzt/nb_arm_ws/install/arm_msgs/share/arm_msgs/hook/ld_library_path_lib.sh'
[0.448s] Level 1:colcon.colcon_core.environment:checking '/home/jzt/nb_arm_ws/install/arm_msgs/bin'
[0.448s] Level 1:colcon.colcon_core.environment:checking '/home/jzt/nb_arm_ws/install/arm_msgs/lib/pkgconfig/arm_msgs.pc'
[0.448s] Level 1:colcon.colcon_core.environment:checking '/home/jzt/nb_arm_ws/install/arm_msgs/lib/python3.10/site-packages'
[0.448s] Level 1:colcon.colcon_core.environment:checking '/home/jzt/nb_arm_ws/install/arm_msgs/bin'
[0.448s] INFO:colcon.colcon_core.shell:Creating package script '/home/jzt/nb_arm_ws/install/arm_msgs/share/arm_msgs/package.ps1'
[0.449s] INFO:colcon.colcon_core.shell:Creating package descriptor '/home/jzt/nb_arm_ws/install/arm_msgs/share/arm_msgs/package.dsv'
[0.449s] INFO:colcon.colcon_core.shell:Creating package script '/home/jzt/nb_arm_ws/install/arm_msgs/share/arm_msgs/package.sh'
[0.449s] INFO:colcon.colcon_core.shell:Creating package script '/home/jzt/nb_arm_ws/install/arm_msgs/share/arm_msgs/package.bash'
[0.449s] INFO:colcon.colcon_core.shell:Creating package script '/home/jzt/nb_arm_ws/install/arm_msgs/share/arm_msgs/package.zsh'
[0.449s] Level 1:colcon.colcon_core.environment:create_file_with_runtime_dependencies(/home/jzt/nb_arm_ws/install/arm_msgs/share/colcon-core/packages/arm_msgs)
[0.450s] INFO:colcon.colcon_ros.task.ament_cmake.build:Building ROS package in '/home/jzt/nb_arm_ws/src/nb_arm' with build type 'ament_cmake'
[0.450s] INFO:colcon.colcon_cmake.task.cmake.build:Building CMake package in '/home/jzt/nb_arm_ws/src/nb_arm'
[0.450s] INFO:colcon.colcon_core.shell:Skip shell extension 'powershell' for command environment: Not usable outside of PowerShell
[0.450s] DEBUG:colcon.colcon_core.shell:Skip shell extension 'dsv' for command environment
[0.461s] DEBUG:colcon.colcon_core.event_handler.log_command:Invoking command in '/home/jzt/nb_arm_ws/build/nb_arm': AMENT_PREFIX_PATH=/home/jzt/nb_arm_ws/install/arm_msgs:${AMENT_PREFIX_PATH} CMAKE_PREFIX_PATH=/home/jzt/nb_arm_ws/install/arm_msgs:/home/jzt/fastdds_ws/install/fastdds:/home/jzt/fastdds_ws/install/foonathan_memory_vendor:/home/jzt/fastdds_ws/install/fastcdr:/home/jzt/elite_robot_ros2/install/elite_ec66_moveit_config:/home/jzt/elite_robot_ros2/install/elite_description:/home/jzt/moveit2_ws/install/pilz_industrial_motion_planner_testutils:/home/jzt/moveit2_ws/install/moveit_runtime:/home/jzt/moveit2_ws/install/moveit2_tutorials:/home/jzt/moveit2_ws/install/moveit:/home/jzt/moveit2_ws/install/moveit_planners:/home/jzt/moveit2_ws/install/pilz_industrial_motion_planner:/home/jzt/moveit2_ws/install/hello_moveit:/home/jzt/moveit2_ws/install/moveit_visual_tools:/home/jzt/moveit2_ws/install/moveit_task_constructor_visualization:/home/jzt/moveit2_ws/install/moveit_task_constructor_demo:/home/jzt/moveit2_ws/install/moveit_task_constructor_capabilities:/home/jzt/moveit2_ws/install/moveit_task_constructor_core:/home/jzt/moveit2_ws/install/moveit_ros_control_interface:/home/jzt/moveit2_ws/install/moveit_plugins:/home/jzt/moveit2_ws/install/moveit_simple_controller_manager:/home/jzt/moveit2_ws/install/moveit_setup_assistant:/home/jzt/moveit2_ws/install/moveit_setup_srdf_plugins:/home/jzt/moveit2_ws/install/moveit_setup_core_plugins:/home/jzt/moveit2_ws/install/moveit_setup_controllers:/home/jzt/moveit2_ws/install/moveit_setup_app_plugins:/home/jzt/moveit2_ws/install/moveit_setup_framework:/home/jzt/moveit2_ws/install/moveit_servo:/home/jzt/moveit2_ws/install/moveit_ros:/home/jzt/moveit2_ws/install/moveit_ros_visualization:/home/jzt/moveit2_ws/install/moveit_hybrid_planning:/home/jzt/moveit2_ws/install/moveit_ros_planning_interface:/home/jzt/moveit2_ws/install/moveit_ros_benchmarks:/home/jzt/moveit2_ws/install/moveit_ros_warehouse:/home/jzt/moveit2_ws/install/moveit_ros_robot_interaction:/home/jzt/moveit2_ws/install/moveit_ros_perception:/home/jzt/moveit2_ws/install/moveit_resources_prbt_pg70_support:/home/jzt/moveit2_ws/install/moveit_resources_prbt_moveit_config:/home/jzt/moveit2_ws/install/moveit_ros_move_group:/home/jzt/moveit2_ws/install/moveit_planners_ompl:/home/jzt/moveit2_ws/install/moveit_ros_planning:/home/jzt/moveit2_ws/install/moveit_ros_occupancy_map_monitor:/home/jzt/moveit2_ws/install/moveit_resources_prbt_ikfast_manipulator_plugin:/home/jzt/moveit2_ws/install/moveit_planners_chomp:/home/jzt/moveit2_ws/install/moveit_kinematics:/home/jzt/moveit2_ws/install/moveit_chomp_optimizer_adapter:/home/jzt/moveit2_ws/install/chomp_motion_planner:/home/jzt/moveit2_ws/install/moveit_core:/home/jzt/moveit2_ws/install/srdfdom:/home/jzt/moveit2_ws/install/rviz_marker_tools:/home/jzt/moveit2_ws/install/rosparam_shortcuts:/home/jzt/moveit2_ws/install/moveit_task_constructor_msgs:/home/jzt/moveit2_ws/install/moveit_resources_prbt_support:/home/jzt/moveit2_ws/install/moveit_resources:/home/jzt/moveit2_ws/install/moveit_resources_pr2_description:/home/jzt/moveit2_ws/install/moveit_resources_panda_moveit_config:/home/jzt/moveit2_ws/install/moveit_resources_panda_description:/home/jzt/moveit2_ws/install/moveit_resources_fanuc_moveit_config:/home/jzt/moveit2_ws/install/moveit_resources_fanuc_description:/home/jzt/moveit2_ws/install/moveit_common:/home/jzt/moveit2_ws/install/moveit_configs_utils:/home/jzt/moveit2_ws/install/launch_param_builder:/opt/ros/humble LD_LIBRARY_PATH=/home/jzt/nb_arm_ws/install/arm_msgs/lib:/home/jzt/fastdds_ws/install/fastdds/lib:/home/jzt/fastdds_ws/install/fastcdr/lib:/home/jzt/moveit2_ws/install/pilz_industrial_motion_planner_testutils/lib:/home/jzt/moveit2_ws/install/pilz_industrial_motion_planner/lib:/home/jzt/moveit2_ws/install/moveit_visual_tools/lib:/home/jzt/moveit2_ws/install/moveit_task_constructor_visualization/lib:/home/jzt/moveit2_ws/install/moveit_task_constructor_demo/lib:/home/jzt/moveit2_ws/install/moveit_task_constructor_capabilities/lib:/home/jzt/moveit2_ws/install/moveit_task_constructor_core/lib:/home/jzt/moveit2_ws/install/moveit_ros_control_interface/lib:/home/jzt/moveit2_ws/install/moveit_simple_controller_manager/lib:/home/jzt/moveit2_ws/install/moveit_setup_assistant/lib:/home/jzt/moveit2_ws/install/moveit_setup_srdf_plugins/lib:/home/jzt/moveit2_ws/install/moveit_setup_core_plugins/lib:/home/jzt/moveit2_ws/install/moveit_setup_controllers/lib:/home/jzt/moveit2_ws/install/moveit_setup_app_plugins/lib:/home/jzt/moveit2_ws/install/moveit_setup_framework/lib:/home/jzt/moveit2_ws/install/moveit_servo/lib:/home/jzt/moveit2_ws/install/moveit_ros_visualization/lib:/home/jzt/moveit2_ws/install/moveit_hybrid_planning/lib:/home/jzt/moveit2_ws/install/moveit_ros_planning_interface/lib:/home/jzt/moveit2_ws/install/moveit_ros_benchmarks/lib:/home/jzt/moveit2_ws/install/moveit_ros_warehouse/lib:/home/jzt/moveit2_ws/install/moveit_ros_robot_interaction/lib:/home/jzt/moveit2_ws/install/moveit_ros_perception/lib:/home/jzt/moveit2_ws/install/moveit_ros_move_group/lib:/home/jzt/moveit2_ws/install/moveit_planners_ompl/lib:/home/jzt/moveit2_ws/install/moveit_ros_planning/lib:/home/jzt/moveit2_ws/install/moveit_ros_occupancy_map_monitor/lib:/home/jzt/moveit2_ws/install/moveit_resources_prbt_ikfast_manipulator_plugin/lib:/home/jzt/moveit2_ws/install/moveit_planners_chomp/lib:/home/jzt/moveit2_ws/install/moveit_kinematics/lib:/home/jzt/moveit2_ws/install/moveit_chomp_optimizer_adapter/lib:/home/jzt/moveit2_ws/install/chomp_motion_planner/lib:/home/jzt/moveit2_ws/install/moveit_core/lib:/home/jzt/moveit2_ws/install/srdfdom/lib:/home/jzt/moveit2_ws/install/rviz_marker_tools/lib:/home/jzt/moveit2_ws/install/rosparam_shortcuts/lib:/home/jzt/moveit2_ws/install/moveit_task_constructor_msgs/lib:/usr/lib/x86_64-linux-gnu/gazebo-11/plugins:/opt/ros/humble/opt/rviz_ogre_vendor/lib:/opt/ros/humble/lib/x86_64-linux-gnu:/opt/ros/humble/lib:/usr/lib/x86_64-linux-gnu/gazebo-11/plugins:/usr/lib/x86_64-linux-gnu/gazebo-11/plugins:/usr/lib/x86_64-linux-gnu/gazebo-11/plugins PYTHONPATH=/home/jzt/nb_arm_ws/install/arm_msgs/local/lib/python3.10/dist-packages:${PYTHONPATH} /usr/local/bin/cmake --build /home/jzt/nb_arm_ws/build/nb_arm -- -j32 -l32
[1.496s] DEBUG:colcon.colcon_core.event_handler.log_command:Invoked command in '/home/jzt/nb_arm_ws/build/nb_arm' returned '0': AMENT_PREFIX_PATH=/home/jzt/nb_arm_ws/install/arm_msgs:${AMENT_PREFIX_PATH} CMAKE_PREFIX_PATH=/home/jzt/nb_arm_ws/install/arm_msgs:/home/jzt/fastdds_ws/install/fastdds:/home/jzt/fastdds_ws/install/foonathan_memory_vendor:/home/jzt/fastdds_ws/install/fastcdr:/home/jzt/elite_robot_ros2/install/elite_ec66_moveit_config:/home/jzt/elite_robot_ros2/install/elite_description:/home/jzt/moveit2_ws/install/pilz_industrial_motion_planner_testutils:/home/jzt/moveit2_ws/install/moveit_runtime:/home/jzt/moveit2_ws/install/moveit2_tutorials:/home/jzt/moveit2_ws/install/moveit:/home/jzt/moveit2_ws/install/moveit_planners:/home/jzt/moveit2_ws/install/pilz_industrial_motion_planner:/home/jzt/moveit2_ws/install/hello_moveit:/home/jzt/moveit2_ws/install/moveit_visual_tools:/home/jzt/moveit2_ws/install/moveit_task_constructor_visualization:/home/jzt/moveit2_ws/install/moveit_task_constructor_demo:/home/jzt/moveit2_ws/install/moveit_task_constructor_capabilities:/home/jzt/moveit2_ws/install/moveit_task_constructor_core:/home/jzt/moveit2_ws/install/moveit_ros_control_interface:/home/jzt/moveit2_ws/install/moveit_plugins:/home/jzt/moveit2_ws/install/moveit_simple_controller_manager:/home/jzt/moveit2_ws/install/moveit_setup_assistant:/home/jzt/moveit2_ws/install/moveit_setup_srdf_plugins:/home/jzt/moveit2_ws/install/moveit_setup_core_plugins:/home/jzt/moveit2_ws/install/moveit_setup_controllers:/home/jzt/moveit2_ws/install/moveit_setup_app_plugins:/home/jzt/moveit2_ws/install/moveit_setup_framework:/home/jzt/moveit2_ws/install/moveit_servo:/home/jzt/moveit2_ws/install/moveit_ros:/home/jzt/moveit2_ws/install/moveit_ros_visualization:/home/jzt/moveit2_ws/install/moveit_hybrid_planning:/home/jzt/moveit2_ws/install/moveit_ros_planning_interface:/home/jzt/moveit2_ws/install/moveit_ros_benchmarks:/home/jzt/moveit2_ws/install/moveit_ros_warehouse:/home/jzt/moveit2_ws/install/moveit_ros_robot_interaction:/home/jzt/moveit2_ws/install/moveit_ros_perception:/home/jzt/moveit2_ws/install/moveit_resources_prbt_pg70_support:/home/jzt/moveit2_ws/install/moveit_resources_prbt_moveit_config:/home/jzt/moveit2_ws/install/moveit_ros_move_group:/home/jzt/moveit2_ws/install/moveit_planners_ompl:/home/jzt/moveit2_ws/install/moveit_ros_planning:/home/jzt/moveit2_ws/install/moveit_ros_occupancy_map_monitor:/home/jzt/moveit2_ws/install/moveit_resources_prbt_ikfast_manipulator_plugin:/home/jzt/moveit2_ws/install/moveit_planners_chomp:/home/jzt/moveit2_ws/install/moveit_kinematics:/home/jzt/moveit2_ws/install/moveit_chomp_optimizer_adapter:/home/jzt/moveit2_ws/install/chomp_motion_planner:/home/jzt/moveit2_ws/install/moveit_core:/home/jzt/moveit2_ws/install/srdfdom:/home/jzt/moveit2_ws/install/rviz_marker_tools:/home/jzt/moveit2_ws/install/rosparam_shortcuts:/home/jzt/moveit2_ws/install/moveit_task_constructor_msgs:/home/jzt/moveit2_ws/install/moveit_resources_prbt_support:/home/jzt/moveit2_ws/install/moveit_resources:/home/jzt/moveit2_ws/install/moveit_resources_pr2_description:/home/jzt/moveit2_ws/install/moveit_resources_panda_moveit_config:/home/jzt/moveit2_ws/install/moveit_resources_panda_description:/home/jzt/moveit2_ws/install/moveit_resources_fanuc_moveit_config:/home/jzt/moveit2_ws/install/moveit_resources_fanuc_description:/home/jzt/moveit2_ws/install/moveit_common:/home/jzt/moveit2_ws/install/moveit_configs_utils:/home/jzt/moveit2_ws/install/launch_param_builder:/opt/ros/humble LD_LIBRARY_PATH=/home/jzt/nb_arm_ws/install/arm_msgs/lib:/home/jzt/fastdds_ws/install/fastdds/lib:/home/jzt/fastdds_ws/install/fastcdr/lib:/home/jzt/moveit2_ws/install/pilz_industrial_motion_planner_testutils/lib:/home/jzt/moveit2_ws/install/pilz_industrial_motion_planner/lib:/home/jzt/moveit2_ws/install/moveit_visual_tools/lib:/home/jzt/moveit2_ws/install/moveit_task_constructor_visualization/lib:/home/jzt/moveit2_ws/install/moveit_task_constructor_demo/lib:/home/jzt/moveit2_ws/install/moveit_task_constructor_capabilities/lib:/home/jzt/moveit2_ws/install/moveit_task_constructor_core/lib:/home/jzt/moveit2_ws/install/moveit_ros_control_interface/lib:/home/jzt/moveit2_ws/install/moveit_simple_controller_manager/lib:/home/jzt/moveit2_ws/install/moveit_setup_assistant/lib:/home/jzt/moveit2_ws/install/moveit_setup_srdf_plugins/lib:/home/jzt/moveit2_ws/install/moveit_setup_core_plugins/lib:/home/jzt/moveit2_ws/install/moveit_setup_controllers/lib:/home/jzt/moveit2_ws/install/moveit_setup_app_plugins/lib:/home/jzt/moveit2_ws/install/moveit_setup_framework/lib:/home/jzt/moveit2_ws/install/moveit_servo/lib:/home/jzt/moveit2_ws/install/moveit_ros_visualization/lib:/home/jzt/moveit2_ws/install/moveit_hybrid_planning/lib:/home/jzt/moveit2_ws/install/moveit_ros_planning_interface/lib:/home/jzt/moveit2_ws/install/moveit_ros_benchmarks/lib:/home/jzt/moveit2_ws/install/moveit_ros_warehouse/lib:/home/jzt/moveit2_ws/install/moveit_ros_robot_interaction/lib:/home/jzt/moveit2_ws/install/moveit_ros_perception/lib:/home/jzt/moveit2_ws/install/moveit_ros_move_group/lib:/home/jzt/moveit2_ws/install/moveit_planners_ompl/lib:/home/jzt/moveit2_ws/install/moveit_ros_planning/lib:/home/jzt/moveit2_ws/install/moveit_ros_occupancy_map_monitor/lib:/home/jzt/moveit2_ws/install/moveit_resources_prbt_ikfast_manipulator_plugin/lib:/home/jzt/moveit2_ws/install/moveit_planners_chomp/lib:/home/jzt/moveit2_ws/install/moveit_kinematics/lib:/home/jzt/moveit2_ws/install/moveit_chomp_optimizer_adapter/lib:/home/jzt/moveit2_ws/install/chomp_motion_planner/lib:/home/jzt/moveit2_ws/install/moveit_core/lib:/home/jzt/moveit2_ws/install/srdfdom/lib:/home/jzt/moveit2_ws/install/rviz_marker_tools/lib:/home/jzt/moveit2_ws/install/rosparam_shortcuts/lib:/home/jzt/moveit2_ws/install/moveit_task_constructor_msgs/lib:/usr/lib/x86_64-linux-gnu/gazebo-11/plugins:/opt/ros/humble/opt/rviz_ogre_vendor/lib:/opt/ros/humble/lib/x86_64-linux-gnu:/opt/ros/humble/lib:/usr/lib/x86_64-linux-gnu/gazebo-11/plugins:/usr/lib/x86_64-linux-gnu/gazebo-11/plugins:/usr/lib/x86_64-linux-gnu/gazebo-11/plugins PYTHONPATH=/home/jzt/nb_arm_ws/install/arm_msgs/local/lib/python3.10/dist-packages:${PYTHONPATH} /usr/local/bin/cmake --build /home/jzt/nb_arm_ws/build/nb_arm -- -j32 -l32
[1.497s] DEBUG:colcon.colcon_core.event_handler.log_command:Invoking command in '/home/jzt/nb_arm_ws/build/nb_arm': AMENT_PREFIX_PATH=/home/jzt/nb_arm_ws/install/arm_msgs:${AMENT_PREFIX_PATH} CMAKE_PREFIX_PATH=/home/jzt/nb_arm_ws/install/arm_msgs:/home/jzt/fastdds_ws/install/fastdds:/home/jzt/fastdds_ws/install/foonathan_memory_vendor:/home/jzt/fastdds_ws/install/fastcdr:/home/jzt/elite_robot_ros2/install/elite_ec66_moveit_config:/home/jzt/elite_robot_ros2/install/elite_description:/home/jzt/moveit2_ws/install/pilz_industrial_motion_planner_testutils:/home/jzt/moveit2_ws/install/moveit_runtime:/home/jzt/moveit2_ws/install/moveit2_tutorials:/home/jzt/moveit2_ws/install/moveit:/home/jzt/moveit2_ws/install/moveit_planners:/home/jzt/moveit2_ws/install/pilz_industrial_motion_planner:/home/jzt/moveit2_ws/install/hello_moveit:/home/jzt/moveit2_ws/install/moveit_visual_tools:/home/jzt/moveit2_ws/install/moveit_task_constructor_visualization:/home/jzt/moveit2_ws/install/moveit_task_constructor_demo:/home/jzt/moveit2_ws/install/moveit_task_constructor_capabilities:/home/jzt/moveit2_ws/install/moveit_task_constructor_core:/home/jzt/moveit2_ws/install/moveit_ros_control_interface:/home/jzt/moveit2_ws/install/moveit_plugins:/home/jzt/moveit2_ws/install/moveit_simple_controller_manager:/home/jzt/moveit2_ws/install/moveit_setup_assistant:/home/jzt/moveit2_ws/install/moveit_setup_srdf_plugins:/home/jzt/moveit2_ws/install/moveit_setup_core_plugins:/home/jzt/moveit2_ws/install/moveit_setup_controllers:/home/jzt/moveit2_ws/install/moveit_setup_app_plugins:/home/jzt/moveit2_ws/install/moveit_setup_framework:/home/jzt/moveit2_ws/install/moveit_servo:/home/jzt/moveit2_ws/install/moveit_ros:/home/jzt/moveit2_ws/install/moveit_ros_visualization:/home/jzt/moveit2_ws/install/moveit_hybrid_planning:/home/jzt/moveit2_ws/install/moveit_ros_planning_interface:/home/jzt/moveit2_ws/install/moveit_ros_benchmarks:/home/jzt/moveit2_ws/install/moveit_ros_warehouse:/home/jzt/moveit2_ws/install/moveit_ros_robot_interaction:/home/jzt/moveit2_ws/install/moveit_ros_perception:/home/jzt/moveit2_ws/install/moveit_resources_prbt_pg70_support:/home/jzt/moveit2_ws/install/moveit_resources_prbt_moveit_config:/home/jzt/moveit2_ws/install/moveit_ros_move_group:/home/jzt/moveit2_ws/install/moveit_planners_ompl:/home/jzt/moveit2_ws/install/moveit_ros_planning:/home/jzt/moveit2_ws/install/moveit_ros_occupancy_map_monitor:/home/jzt/moveit2_ws/install/moveit_resources_prbt_ikfast_manipulator_plugin:/home/jzt/moveit2_ws/install/moveit_planners_chomp:/home/jzt/moveit2_ws/install/moveit_kinematics:/home/jzt/moveit2_ws/install/moveit_chomp_optimizer_adapter:/home/jzt/moveit2_ws/install/chomp_motion_planner:/home/jzt/moveit2_ws/install/moveit_core:/home/jzt/moveit2_ws/install/srdfdom:/home/jzt/moveit2_ws/install/rviz_marker_tools:/home/jzt/moveit2_ws/install/rosparam_shortcuts:/home/jzt/moveit2_ws/install/moveit_task_constructor_msgs:/home/jzt/moveit2_ws/install/moveit_resources_prbt_support:/home/jzt/moveit2_ws/install/moveit_resources:/home/jzt/moveit2_ws/install/moveit_resources_pr2_description:/home/jzt/moveit2_ws/install/moveit_resources_panda_moveit_config:/home/jzt/moveit2_ws/install/moveit_resources_panda_description:/home/jzt/moveit2_ws/install/moveit_resources_fanuc_moveit_config:/home/jzt/moveit2_ws/install/moveit_resources_fanuc_description:/home/jzt/moveit2_ws/install/moveit_common:/home/jzt/moveit2_ws/install/moveit_configs_utils:/home/jzt/moveit2_ws/install/launch_param_builder:/opt/ros/humble LD_LIBRARY_PATH=/home/jzt/nb_arm_ws/install/arm_msgs/lib:/home/jzt/fastdds_ws/install/fastdds/lib:/home/jzt/fastdds_ws/install/fastcdr/lib:/home/jzt/moveit2_ws/install/pilz_industrial_motion_planner_testutils/lib:/home/jzt/moveit2_ws/install/pilz_industrial_motion_planner/lib:/home/jzt/moveit2_ws/install/moveit_visual_tools/lib:/home/jzt/moveit2_ws/install/moveit_task_constructor_visualization/lib:/home/jzt/moveit2_ws/install/moveit_task_constructor_demo/lib:/home/jzt/moveit2_ws/install/moveit_task_constructor_capabilities/lib:/home/jzt/moveit2_ws/install/moveit_task_constructor_core/lib:/home/jzt/moveit2_ws/install/moveit_ros_control_interface/lib:/home/jzt/moveit2_ws/install/moveit_simple_controller_manager/lib:/home/jzt/moveit2_ws/install/moveit_setup_assistant/lib:/home/jzt/moveit2_ws/install/moveit_setup_srdf_plugins/lib:/home/jzt/moveit2_ws/install/moveit_setup_core_plugins/lib:/home/jzt/moveit2_ws/install/moveit_setup_controllers/lib:/home/jzt/moveit2_ws/install/moveit_setup_app_plugins/lib:/home/jzt/moveit2_ws/install/moveit_setup_framework/lib:/home/jzt/moveit2_ws/install/moveit_servo/lib:/home/jzt/moveit2_ws/install/moveit_ros_visualization/lib:/home/jzt/moveit2_ws/install/moveit_hybrid_planning/lib:/home/jzt/moveit2_ws/install/moveit_ros_planning_interface/lib:/home/jzt/moveit2_ws/install/moveit_ros_benchmarks/lib:/home/jzt/moveit2_ws/install/moveit_ros_warehouse/lib:/home/jzt/moveit2_ws/install/moveit_ros_robot_interaction/lib:/home/jzt/moveit2_ws/install/moveit_ros_perception/lib:/home/jzt/moveit2_ws/install/moveit_ros_move_group/lib:/home/jzt/moveit2_ws/install/moveit_planners_ompl/lib:/home/jzt/moveit2_ws/install/moveit_ros_planning/lib:/home/jzt/moveit2_ws/install/moveit_ros_occupancy_map_monitor/lib:/home/jzt/moveit2_ws/install/moveit_resources_prbt_ikfast_manipulator_plugin/lib:/home/jzt/moveit2_ws/install/moveit_planners_chomp/lib:/home/jzt/moveit2_ws/install/moveit_kinematics/lib:/home/jzt/moveit2_ws/install/moveit_chomp_optimizer_adapter/lib:/home/jzt/moveit2_ws/install/chomp_motion_planner/lib:/home/jzt/moveit2_ws/install/moveit_core/lib:/home/jzt/moveit2_ws/install/srdfdom/lib:/home/jzt/moveit2_ws/install/rviz_marker_tools/lib:/home/jzt/moveit2_ws/install/rosparam_shortcuts/lib:/home/jzt/moveit2_ws/install/moveit_task_constructor_msgs/lib:/usr/lib/x86_64-linux-gnu/gazebo-11/plugins:/opt/ros/humble/opt/rviz_ogre_vendor/lib:/opt/ros/humble/lib/x86_64-linux-gnu:/opt/ros/humble/lib:/usr/lib/x86_64-linux-gnu/gazebo-11/plugins:/usr/lib/x86_64-linux-gnu/gazebo-11/plugins:/usr/lib/x86_64-linux-gnu/gazebo-11/plugins PYTHONPATH=/home/jzt/nb_arm_ws/install/arm_msgs/local/lib/python3.10/dist-packages:${PYTHONPATH} /usr/local/bin/cmake --install /home/jzt/nb_arm_ws/build/nb_arm
[1.508s] Level 1:colcon.colcon_core.environment:create_environment_scripts_only(nb_arm)
[1.509s] DEBUG:colcon.colcon_core.event_handler.log_command:Invoked command in '/home/jzt/nb_arm_ws/build/nb_arm' returned '0': AMENT_PREFIX_PATH=/home/jzt/nb_arm_ws/install/arm_msgs:${AMENT_PREFIX_PATH} CMAKE_PREFIX_PATH=/home/jzt/nb_arm_ws/install/arm_msgs:/home/jzt/fastdds_ws/install/fastdds:/home/jzt/fastdds_ws/install/foonathan_memory_vendor:/home/jzt/fastdds_ws/install/fastcdr:/home/jzt/elite_robot_ros2/install/elite_ec66_moveit_config:/home/jzt/elite_robot_ros2/install/elite_description:/home/jzt/moveit2_ws/install/pilz_industrial_motion_planner_testutils:/home/jzt/moveit2_ws/install/moveit_runtime:/home/jzt/moveit2_ws/install/moveit2_tutorials:/home/jzt/moveit2_ws/install/moveit:/home/jzt/moveit2_ws/install/moveit_planners:/home/jzt/moveit2_ws/install/pilz_industrial_motion_planner:/home/jzt/moveit2_ws/install/hello_moveit:/home/jzt/moveit2_ws/install/moveit_visual_tools:/home/jzt/moveit2_ws/install/moveit_task_constructor_visualization:/home/jzt/moveit2_ws/install/moveit_task_constructor_demo:/home/jzt/moveit2_ws/install/moveit_task_constructor_capabilities:/home/jzt/moveit2_ws/install/moveit_task_constructor_core:/home/jzt/moveit2_ws/install/moveit_ros_control_interface:/home/jzt/moveit2_ws/install/moveit_plugins:/home/jzt/moveit2_ws/install/moveit_simple_controller_manager:/home/jzt/moveit2_ws/install/moveit_setup_assistant:/home/jzt/moveit2_ws/install/moveit_setup_srdf_plugins:/home/jzt/moveit2_ws/install/moveit_setup_core_plugins:/home/jzt/moveit2_ws/install/moveit_setup_controllers:/home/jzt/moveit2_ws/install/moveit_setup_app_plugins:/home/jzt/moveit2_ws/install/moveit_setup_framework:/home/jzt/moveit2_ws/install/moveit_servo:/home/jzt/moveit2_ws/install/moveit_ros:/home/jzt/moveit2_ws/install/moveit_ros_visualization:/home/jzt/moveit2_ws/install/moveit_hybrid_planning:/home/jzt/moveit2_ws/install/moveit_ros_planning_interface:/home/jzt/moveit2_ws/install/moveit_ros_benchmarks:/home/jzt/moveit2_ws/install/moveit_ros_warehouse:/home/jzt/moveit2_ws/install/moveit_ros_robot_interaction:/home/jzt/moveit2_ws/install/moveit_ros_perception:/home/jzt/moveit2_ws/install/moveit_resources_prbt_pg70_support:/home/jzt/moveit2_ws/install/moveit_resources_prbt_moveit_config:/home/jzt/moveit2_ws/install/moveit_ros_move_group:/home/jzt/moveit2_ws/install/moveit_planners_ompl:/home/jzt/moveit2_ws/install/moveit_ros_planning:/home/jzt/moveit2_ws/install/moveit_ros_occupancy_map_monitor:/home/jzt/moveit2_ws/install/moveit_resources_prbt_ikfast_manipulator_plugin:/home/jzt/moveit2_ws/install/moveit_planners_chomp:/home/jzt/moveit2_ws/install/moveit_kinematics:/home/jzt/moveit2_ws/install/moveit_chomp_optimizer_adapter:/home/jzt/moveit2_ws/install/chomp_motion_planner:/home/jzt/moveit2_ws/install/moveit_core:/home/jzt/moveit2_ws/install/srdfdom:/home/jzt/moveit2_ws/install/rviz_marker_tools:/home/jzt/moveit2_ws/install/rosparam_shortcuts:/home/jzt/moveit2_ws/install/moveit_task_constructor_msgs:/home/jzt/moveit2_ws/install/moveit_resources_prbt_support:/home/jzt/moveit2_ws/install/moveit_resources:/home/jzt/moveit2_ws/install/moveit_resources_pr2_description:/home/jzt/moveit2_ws/install/moveit_resources_panda_moveit_config:/home/jzt/moveit2_ws/install/moveit_resources_panda_description:/home/jzt/moveit2_ws/install/moveit_resources_fanuc_moveit_config:/home/jzt/moveit2_ws/install/moveit_resources_fanuc_description:/home/jzt/moveit2_ws/install/moveit_common:/home/jzt/moveit2_ws/install/moveit_configs_utils:/home/jzt/moveit2_ws/install/launch_param_builder:/opt/ros/humble LD_LIBRARY_PATH=/home/jzt/nb_arm_ws/install/arm_msgs/lib:/home/jzt/fastdds_ws/install/fastdds/lib:/home/jzt/fastdds_ws/install/fastcdr/lib:/home/jzt/moveit2_ws/install/pilz_industrial_motion_planner_testutils/lib:/home/jzt/moveit2_ws/install/pilz_industrial_motion_planner/lib:/home/jzt/moveit2_ws/install/moveit_visual_tools/lib:/home/jzt/moveit2_ws/install/moveit_task_constructor_visualization/lib:/home/jzt/moveit2_ws/install/moveit_task_constructor_demo/lib:/home/jzt/moveit2_ws/install/moveit_task_constructor_capabilities/lib:/home/jzt/moveit2_ws/install/moveit_task_constructor_core/lib:/home/jzt/moveit2_ws/install/moveit_ros_control_interface/lib:/home/jzt/moveit2_ws/install/moveit_simple_controller_manager/lib:/home/jzt/moveit2_ws/install/moveit_setup_assistant/lib:/home/jzt/moveit2_ws/install/moveit_setup_srdf_plugins/lib:/home/jzt/moveit2_ws/install/moveit_setup_core_plugins/lib:/home/jzt/moveit2_ws/install/moveit_setup_controllers/lib:/home/jzt/moveit2_ws/install/moveit_setup_app_plugins/lib:/home/jzt/moveit2_ws/install/moveit_setup_framework/lib:/home/jzt/moveit2_ws/install/moveit_servo/lib:/home/jzt/moveit2_ws/install/moveit_ros_visualization/lib:/home/jzt/moveit2_ws/install/moveit_hybrid_planning/lib:/home/jzt/moveit2_ws/install/moveit_ros_planning_interface/lib:/home/jzt/moveit2_ws/install/moveit_ros_benchmarks/lib:/home/jzt/moveit2_ws/install/moveit_ros_warehouse/lib:/home/jzt/moveit2_ws/install/moveit_ros_robot_interaction/lib:/home/jzt/moveit2_ws/install/moveit_ros_perception/lib:/home/jzt/moveit2_ws/install/moveit_ros_move_group/lib:/home/jzt/moveit2_ws/install/moveit_planners_ompl/lib:/home/jzt/moveit2_ws/install/moveit_ros_planning/lib:/home/jzt/moveit2_ws/install/moveit_ros_occupancy_map_monitor/lib:/home/jzt/moveit2_ws/install/moveit_resources_prbt_ikfast_manipulator_plugin/lib:/home/jzt/moveit2_ws/install/moveit_planners_chomp/lib:/home/jzt/moveit2_ws/install/moveit_kinematics/lib:/home/jzt/moveit2_ws/install/moveit_chomp_optimizer_adapter/lib:/home/jzt/moveit2_ws/install/chomp_motion_planner/lib:/home/jzt/moveit2_ws/install/moveit_core/lib:/home/jzt/moveit2_ws/install/srdfdom/lib:/home/jzt/moveit2_ws/install/rviz_marker_tools/lib:/home/jzt/moveit2_ws/install/rosparam_shortcuts/lib:/home/jzt/moveit2_ws/install/moveit_task_constructor_msgs/lib:/usr/lib/x86_64-linux-gnu/gazebo-11/plugins:/opt/ros/humble/opt/rviz_ogre_vendor/lib:/opt/ros/humble/lib/x86_64-linux-gnu:/opt/ros/humble/lib:/usr/lib/x86_64-linux-gnu/gazebo-11/plugins:/usr/lib/x86_64-linux-gnu/gazebo-11/plugins:/usr/lib/x86_64-linux-gnu/gazebo-11/plugins PYTHONPATH=/home/jzt/nb_arm_ws/install/arm_msgs/local/lib/python3.10/dist-packages:${PYTHONPATH} /usr/local/bin/cmake --install /home/jzt/nb_arm_ws/build/nb_arm
[1.509s] Level 1:colcon.colcon_core.environment:checking '/home/jzt/nb_arm_ws/install/nb_arm' for CMake module files
[1.509s] Level 1:colcon.colcon_core.environment:checking '/home/jzt/nb_arm_ws/install/nb_arm' for CMake config files
[1.509s] Level 1:colcon.colcon_core.shell:create_environment_hook('nb_arm', 'cmake_prefix_path')
[1.510s] INFO:colcon.colcon_core.shell:Creating environment hook '/home/jzt/nb_arm_ws/install/nb_arm/share/nb_arm/hook/cmake_prefix_path.ps1'
[1.510s] INFO:colcon.colcon_core.shell:Creating environment descriptor '/home/jzt/nb_arm_ws/install/nb_arm/share/nb_arm/hook/cmake_prefix_path.dsv'
[1.510s] INFO:colcon.colcon_core.shell:Creating environment hook '/home/jzt/nb_arm_ws/install/nb_arm/share/nb_arm/hook/cmake_prefix_path.sh'
[1.510s] Level 1:colcon.colcon_core.environment:checking '/home/jzt/nb_arm_ws/install/nb_arm/lib'
[1.510s] Level 1:colcon.colcon_core.environment:checking '/home/jzt/nb_arm_ws/install/nb_arm/bin'
[1.510s] Level 1:colcon.colcon_core.environment:checking '/home/jzt/nb_arm_ws/install/nb_arm/lib/pkgconfig/nb_arm.pc'
[1.510s] Level 1:colcon.colcon_core.environment:checking '/home/jzt/nb_arm_ws/install/nb_arm/lib/python3.10/site-packages'
[1.510s] Level 1:colcon.colcon_core.environment:checking '/home/jzt/nb_arm_ws/install/nb_arm/bin'
[1.511s] INFO:colcon.colcon_core.shell:Creating package script '/home/jzt/nb_arm_ws/install/nb_arm/share/nb_arm/package.ps1'
[1.511s] INFO:colcon.colcon_core.shell:Creating package descriptor '/home/jzt/nb_arm_ws/install/nb_arm/share/nb_arm/package.dsv'
[1.511s] INFO:colcon.colcon_core.shell:Creating package script '/home/jzt/nb_arm_ws/install/nb_arm/share/nb_arm/package.sh'
[1.511s] INFO:colcon.colcon_core.shell:Creating package script '/home/jzt/nb_arm_ws/install/nb_arm/share/nb_arm/package.bash'
[1.511s] INFO:colcon.colcon_core.shell:Creating package script '/home/jzt/nb_arm_ws/install/nb_arm/share/nb_arm/package.zsh'
[1.511s] Level 1:colcon.colcon_core.environment:create_file_with_runtime_dependencies(/home/jzt/nb_arm_ws/install/nb_arm/share/colcon-core/packages/nb_arm)
[1.512s] Level 1:colcon.colcon_core.environment:create_environment_scripts_only(nb_arm)
[1.512s] Level 1:colcon.colcon_core.environment:checking '/home/jzt/nb_arm_ws/install/nb_arm' for CMake module files
[1.512s] Level 1:colcon.colcon_core.environment:checking '/home/jzt/nb_arm_ws/install/nb_arm' for CMake config files
[1.512s] Level 1:colcon.colcon_core.shell:create_environment_hook('nb_arm', 'cmake_prefix_path')
[1.512s] INFO:colcon.colcon_core.shell:Creating environment hook '/home/jzt/nb_arm_ws/install/nb_arm/share/nb_arm/hook/cmake_prefix_path.ps1'
[1.512s] INFO:colcon.colcon_core.shell:Creating environment descriptor '/home/jzt/nb_arm_ws/install/nb_arm/share/nb_arm/hook/cmake_prefix_path.dsv'
[1.512s] INFO:colcon.colcon_core.shell:Creating environment hook '/home/jzt/nb_arm_ws/install/nb_arm/share/nb_arm/hook/cmake_prefix_path.sh'
[1.513s] Level 1:colcon.colcon_core.environment:checking '/home/jzt/nb_arm_ws/install/nb_arm/lib'
[1.513s] Level 1:colcon.colcon_core.environment:checking '/home/jzt/nb_arm_ws/install/nb_arm/bin'
[1.513s] Level 1:colcon.colcon_core.environment:checking '/home/jzt/nb_arm_ws/install/nb_arm/lib/pkgconfig/nb_arm.pc'
[1.513s] Level 1:colcon.colcon_core.environment:checking '/home/jzt/nb_arm_ws/install/nb_arm/lib/python3.10/site-packages'
[1.513s] Level 1:colcon.colcon_core.environment:checking '/home/jzt/nb_arm_ws/install/nb_arm/bin'
[1.513s] INFO:colcon.colcon_core.shell:Creating package script '/home/jzt/nb_arm_ws/install/nb_arm/share/nb_arm/package.ps1'
[1.513s] INFO:colcon.colcon_core.shell:Creating package descriptor '/home/jzt/nb_arm_ws/install/nb_arm/share/nb_arm/package.dsv'
[1.513s] INFO:colcon.colcon_core.shell:Creating package script '/home/jzt/nb_arm_ws/install/nb_arm/share/nb_arm/package.sh'
[1.514s] INFO:colcon.colcon_core.shell:Creating package script '/home/jzt/nb_arm_ws/install/nb_arm/share/nb_arm/package.bash'
[1.514s] INFO:colcon.colcon_core.shell:Creating package script '/home/jzt/nb_arm_ws/install/nb_arm/share/nb_arm/package.zsh'
[1.514s] Level 1:colcon.colcon_core.environment:create_file_with_runtime_dependencies(/home/jzt/nb_arm_ws/install/nb_arm/share/colcon-core/packages/nb_arm)
[1.514s] DEBUG:colcon.colcon_parallel_executor.executor.parallel:closing loop
[1.514s] DEBUG:colcon.colcon_parallel_executor.executor.parallel:loop closed
[1.514s] DEBUG:colcon.colcon_parallel_executor.executor.parallel:run_until_complete finished with '0'
[1.514s] DEBUG:colcon.colcon_core.event_reactor:joining thread
[1.517s] INFO:colcon.colcon_core.plugin_system:Skipping extension 'colcon_notification.desktop_notification.terminal_notifier': Not used on non-Darwin systems
[1.517s] INFO:colcon.colcon_core.plugin_system:Skipping extension 'colcon_notification.desktop_notification.win32': Not used on non-Windows systems
[1.517s] INFO:colcon.colcon_notification.desktop_notification:Sending desktop notification using 'notify2'
[1.522s] DEBUG:colcon.colcon_core.event_reactor:joined thread
[1.523s] INFO:colcon.colcon_core.shell:Creating prefix script '/home/jzt/nb_arm_ws/install/local_setup.ps1'
[1.523s] INFO:colcon.colcon_core.shell:Creating prefix util module '/home/jzt/nb_arm_ws/install/_local_setup_util_ps1.py'
[1.524s] INFO:colcon.colcon_core.shell:Creating prefix chain script '/home/jzt/nb_arm_ws/install/setup.ps1'
[1.526s] INFO:colcon.colcon_core.shell:Creating prefix script '/home/jzt/nb_arm_ws/install/local_setup.sh'
[1.527s] INFO:colcon.colcon_core.shell:Creating prefix util module '/home/jzt/nb_arm_ws/install/_local_setup_util_sh.py'
[1.527s] INFO:colcon.colcon_core.shell:Creating prefix chain script '/home/jzt/nb_arm_ws/install/setup.sh'
[1.530s] INFO:colcon.colcon_core.shell:Creating prefix script '/home/jzt/nb_arm_ws/install/local_setup.bash'
[1.531s] INFO:colcon.colcon_core.shell:Creating prefix chain script '/home/jzt/nb_arm_ws/install/setup.bash'
[1.532s] INFO:colcon.colcon_core.shell:Creating prefix script '/home/jzt/nb_arm_ws/install/local_setup.zsh'
[1.532s] INFO:colcon.colcon_core.shell:Creating prefix chain script '/home/jzt/nb_arm_ws/install/setup.zsh'
