-- The C compiler identification is GNU 11.4.0
-- The CXX compiler identification is GNU 11.4.0
-- Detecting C compiler ABI info
-- Detecting C compiler ABI info - done
-- Check for working C compiler: /usr/bin/cc - skipped
-- Detecting C compile features
-- Detecting C compile features - done
-- Detecting CXX compiler ABI info
-- Detecting CXX compiler ABI info - done
-- Check for working CXX compiler: /usr/bin/c++ - skipped
-- Detecting CXX compile features
-- Detecting CXX compile features - done
-- ts LIBSERIAL_LIBRARY: /usr/lib/x86_64-linux-gnu/libserial.so
-- ts LIBSERIAL_INCLUDE_DIR: /usr/include
-- Found ament_cmake: 1.3.12 (/opt/ros/humble/share/ament_cmake/cmake)
-- Found Python3: /usr/bin/python3 (found version "3.10.12") found components: Interpreter
-- Override CMake install command with custom implementation using symlinks instead of copying resources
-- Found rclcpp: 16.0.14 (/opt/ros/humble/share/rclcpp/cmake)
-- Found rosidl_generator_c: 3.1.7 (/opt/ros/humble/share/rosidl_generator_c/cmake)
-- Found rosidl_adapter: 3.1.7 (/opt/ros/humble/share/rosidl_adapter/cmake)
-- Found rosidl_generator_cpp: 3.1.7 (/opt/ros/humble/share/rosidl_generator_cpp/cmake)
-- Using all available rosidl_typesupport_c: rosidl_typesupport_fastrtps_c;rosidl_typesupport_introspection_c
-- Using all available rosidl_typesupport_cpp: rosidl_typesupport_fastrtps_cpp;rosidl_typesupport_introspection_cpp
-- Found rmw_implementation_cmake: 6.1.2 (/opt/ros/humble/share/rmw_implementation_cmake/cmake)
-- Found rmw_fastrtps_cpp: 6.2.8 (/opt/ros/humble/share/rmw_fastrtps_cpp/cmake)
-- Found OpenSSL: /usr/lib/x86_64-linux-gnu/libcrypto.so (found version "3.0.2")
-- Found FastRTPS: /opt/ros/humble/include
-- Using RMW implementation 'rmw_fastrtps_cpp' as default
-- Performing Test CMAKE_HAVE_LIBC_PTHREAD
-- Performing Test CMAKE_HAVE_LIBC_PTHREAD - Success
-- Found Threads: TRUE
-- Found kdl_parser: 2.6.4 (/opt/ros/humble/share/kdl_parser/cmake)
-- Found eigen3_cmake_module: 0.1.1 (/opt/ros/humble/share/eigen3_cmake_module/cmake)
-- Found Eigen3: TRUE (found version "3.4.0")
-- Ensuring Eigen3 include directory is part of orocos-kdl CMake target
-- Found urdf: 2.6.1 (/opt/ros/humble/share/urdf/cmake)
-- Found sensor_msgs: 4.9.0 (/opt/ros/humble/share/sensor_msgs/cmake)
-- Found nav_msgs: 4.9.0 (/opt/ros/humble/share/nav_msgs/cmake)
-- Found tf2_ros: 0.25.16 (/opt/ros/humble/share/tf2_ros/cmake)
-- Found trajectory_msgs: 4.9.0 (/opt/ros/humble/share/trajectory_msgs/cmake)
-- Found arm_msgs: 0.0.0 (/home/jzt/nb_arm_ws/install/arm_msgs/share/arm_msgs/cmake)
-- Found PkgConfig: /usr/bin/pkg-config (found version "0.29.2")
-- Checking for module 'libusb-1.0'
--   Found libusb-1.0, version 1.0.25
-- Found ament_lint_auto: 0.12.14 (/opt/ros/humble/share/ament_lint_auto/cmake)
-- Added test 'cppcheck' to perform static code analysis on C / C++ code
-- Configured cppcheck include dirs: /home/jzt/nb_arm_ws/src/nb_arm/include;$<BUILD_INTERFACE:/home/jzt/nb_arm_ws/src/nb_arm/include>;/home/jzt/nb_arm_ws/src/nb_arm/motor
-- Configured cppcheck exclude dirs and/or files: 
-- Added test 'flake8' to check Python code syntax and style conventions
-- Added test 'lint_cmake' to check CMake code style
-- Added test 'pep257' to check Python code against some of the docstring style conventions in PEP 257
-- Added test 'uncrustify' to check C / C++ code style
-- Configured uncrustify additional arguments: 
-- Added test 'xmllint' to check XML markup files
-- Configuring done (1.1s)
-- Generating done (0.0s)
-- Build files have been written to: /home/jzt/nb_arm_ws/build/nb_arm
[ 13%] [32mBuilding CXX object CMakeFiles/motor.dir/src/protocol/damiao.cpp.o[0m
[ 13%] [32mBuilding CXX object CMakeFiles/arm_control_sim_node.dir/src/nodes/arm_control_sim_node.cpp.o[0m
[ 20%] [32mBuilding CXX object CMakeFiles/arm_main_node.dir/src/protocol/damiao.cpp.o[0m
[ 33%] [32mBuilding CXX object CMakeFiles/arm_control_sim_node.dir/src/path/trajectory_generator.cpp.o[0m
[ 33%] [32mBuilding CXX object CMakeFiles/arm_control_sim_node.dir/src/drivers/motor_driver.cpp.o[0m
[ 40%] [32mBuilding CXX object CMakeFiles/arm_control_sim_node.dir/src/controllers/arm_control.cpp.o[0m
[ 46%] [32mBuilding CXX object CMakeFiles/arm_main_node.dir/src/controllers/controller.cpp.o[0m
[ 53%] [32mBuilding CXX object CMakeFiles/arm_control_sim_node.dir/src/mathematical_model/nb_arm_xdof.cpp.o[0m
[ 66%] [32mBuilding CXX object CMakeFiles/arm_main_node.dir/src/nodes/arm_main_node.cpp.o[0m
[ 66%] [32mBuilding CXX object CMakeFiles/arm_control_sim_node.dir/src/controllers/arm_control_sim.cpp.o[0m
[ 73%] [32mBuilding CXX object CMakeFiles/arm_main_node.dir/src/mathematical_model/nb_arm_xdof.cpp.o[0m
[ 80%] [32mBuilding CXX object CMakeFiles/arm_main_node.dir/src/path/trajectory_generator.cpp.o[0m
[ 86%] [32m[1mLinking CXX static library libmotor.a[0m
[ 86%] Built target motor
[ 93%] [32m[1mLinking CXX executable arm_main_node[0m
[ 93%] Built target arm_main_node
[100%] [32m[1mLinking CXX executable arm_control_sim_node[0m
[100%] Built target arm_control_sim_node
-- Install configuration: ""
-- Execute custom install script
-- Symlinking: /home/jzt/nb_arm_ws/install/nb_arm/lib/nb_arm/arm_main_node
-- Symlinking: /home/jzt/nb_arm_ws/install/nb_arm/lib/nb_arm/arm_control_sim_node
-- Symlinking: /home/jzt/nb_arm_ws/install/nb_arm/share/nb_arm/launch/arm_control_sim.launch.py
-- Symlinking: /home/jzt/nb_arm_ws/install/nb_arm/share/nb_arm/launch/position_control.launch.py
-- Symlinking: /home/jzt/nb_arm_ws/install/nb_arm/share/nb_arm/urdf/first_robot.urdf
-- Symlinking: /home/jzt/nb_arm_ws/install/nb_arm/share/nb_arm/urdf/ur5.urdf
-- Symlinking: /home/jzt/nb_arm_ws/install/nb_arm/share/nb_arm/rviz/arm_sim.rviz
-- Symlinking: /home/jzt/nb_arm_ws/install/nb_arm/share/ament_index/resource_index/package_run_dependencies/nb_arm
-- Symlinking: /home/jzt/nb_arm_ws/install/nb_arm/share/ament_index/resource_index/parent_prefix_path/nb_arm
-- Symlinking: /home/jzt/nb_arm_ws/install/nb_arm/share/nb_arm/environment/ament_prefix_path.sh
-- Symlinking: /home/jzt/nb_arm_ws/install/nb_arm/share/nb_arm/environment/ament_prefix_path.dsv
-- Symlinking: /home/jzt/nb_arm_ws/install/nb_arm/share/nb_arm/environment/path.sh
-- Symlinking: /home/jzt/nb_arm_ws/install/nb_arm/share/nb_arm/environment/path.dsv
-- Symlinking: /home/jzt/nb_arm_ws/install/nb_arm/share/nb_arm/local_setup.bash
-- Symlinking: /home/jzt/nb_arm_ws/install/nb_arm/share/nb_arm/local_setup.sh
-- Symlinking: /home/jzt/nb_arm_ws/install/nb_arm/share/nb_arm/local_setup.zsh
-- Symlinking: /home/jzt/nb_arm_ws/install/nb_arm/share/nb_arm/local_setup.dsv
-- Symlinking: /home/jzt/nb_arm_ws/install/nb_arm/share/nb_arm/package.dsv
-- Symlinking: /home/jzt/nb_arm_ws/install/nb_arm/share/ament_index/resource_index/packages/nb_arm
-- Symlinking: /home/jzt/nb_arm_ws/install/nb_arm/share/nb_arm/cmake/nb_armConfig.cmake
-- Symlinking: /home/jzt/nb_arm_ws/install/nb_arm/share/nb_arm/cmake/nb_armConfig-version.cmake
-- Symlinking: /home/jzt/nb_arm_ws/install/nb_arm/share/nb_arm/package.xml
