-- ts LIBSERIAL_LIBRARY: /usr/lib/x86_64-linux-gnu/libserial.so
-- ts LIBSERIAL_INCLUDE_DIR: /usr/include
-- Found ament_cmake: 1.3.12 (/opt/ros/humble/share/ament_cmake/cmake)
-- Override CMake install command with custom implementation using symlinks instead of copying resources
-- Found rclcpp: 16.0.14 (/opt/ros/humble/share/rclcpp/cmake)
-- Found rosidl_generator_c: 3.1.7 (/opt/ros/humble/share/rosidl_generator_c/cmake)
-- Found rosidl_adapter: 3.1.7 (/opt/ros/humble/share/rosidl_adapter/cmake)
-- Found rosidl_generator_cpp: 3.1.7 (/opt/ros/humble/share/rosidl_generator_cpp/cmake)
-- Using all available rosidl_typesupport_c: rosidl_typesupport_fastrtps_c;rosidl_typesupport_introspection_c
-- Using all available rosidl_typesupport_cpp: rosidl_typesupport_fastrtps_cpp;rosidl_typesupport_introspection_cpp
-- Found rmw_implementation_cmake: 6.1.2 (/opt/ros/humble/share/rmw_implementation_cmake/cmake)
-- Found rmw_fastrtps_cpp: 6.2.8 (/opt/ros/humble/share/rmw_fastrtps_cpp/cmake)
-- Using RMW implementation 'rmw_fastrtps_cpp' as default
-- Found kdl_parser: 2.6.4 (/opt/ros/humble/share/kdl_parser/cmake)
-- Found eigen3_cmake_module: 0.1.1 (/opt/ros/humble/share/eigen3_cmake_module/cmake)
-- Ensuring Eigen3 include directory is part of orocos-kdl CMake target
-- Found urdf: 2.6.1 (/opt/ros/humble/share/urdf/cmake)
-- Found sensor_msgs: 4.9.0 (/opt/ros/humble/share/sensor_msgs/cmake)
-- Found nav_msgs: 4.9.0 (/opt/ros/humble/share/nav_msgs/cmake)
-- Found tf2_ros: 0.25.16 (/opt/ros/humble/share/tf2_ros/cmake)
-- Found trajectory_msgs: 4.9.0 (/opt/ros/humble/share/trajectory_msgs/cmake)
-- Found arm_msgs: 0.0.0 (/home/jzt/nb_arm_ws/install/arm_msgs/share/arm_msgs/cmake)
-- Found ament_lint_auto: 0.12.14 (/opt/ros/humble/share/ament_lint_auto/cmake)
-- Added test 'cppcheck' to perform static code analysis on C / C++ code
-- Configured cppcheck include dirs: /home/jzt/nb_arm_ws/src/nb_arm/include;$<BUILD_INTERFACE:/home/jzt/nb_arm_ws/src/nb_arm/include>;/home/jzt/nb_arm_ws/src/nb_arm/motor
-- Configured cppcheck exclude dirs and/or files: 
-- Added test 'flake8' to check Python code syntax and style conventions
-- Added test 'lint_cmake' to check CMake code style
-- Added test 'pep257' to check Python code against some of the docstring style conventions in PEP 257
-- Added test 'uncrustify' to check C / C++ code style
-- Configured uncrustify additional arguments: 
-- Added test 'xmllint' to check XML markup files
-- Configuring done (0.6s)
-- Generating done (0.0s)
-- Build files have been written to: /home/jzt/nb_arm_ws/build/nb_arm
[  6%] [32mBuilding CXX object CMakeFiles/motor.dir/src/protocol/damiao.cpp.o[0m
[ 20%] [32mBuilding CXX object CMakeFiles/arm_main_node.dir/src/protocol/damiao.cpp.o[0m
[ 60%] Built target arm_control_sim_node
[ 66%] [32m[1mLinking CXX static library libmotor.a[0m
[ 73%] [32m[1mLinking CXX executable arm_main_node[0m
[ 73%] Built target motor
[100%] Built target arm_main_node
-- Install configuration: ""
-- Execute custom install script
-- Up-to-date symlink: /home/jzt/nb_arm_ws/install/nb_arm/lib/nb_arm/arm_main_node
-- Up-to-date symlink: /home/jzt/nb_arm_ws/install/nb_arm/lib/nb_arm/arm_control_sim_node
-- Up-to-date symlink: /home/jzt/nb_arm_ws/install/nb_arm/share/nb_arm/launch/arm_control_sim.launch.py
-- Up-to-date symlink: /home/jzt/nb_arm_ws/install/nb_arm/share/nb_arm/launch/position_control.launch.py
-- Up-to-date symlink: /home/jzt/nb_arm_ws/install/nb_arm/share/nb_arm/urdf/first_robot.urdf
-- Up-to-date symlink: /home/jzt/nb_arm_ws/install/nb_arm/share/nb_arm/urdf/ur5.urdf
-- Up-to-date symlink: /home/jzt/nb_arm_ws/install/nb_arm/share/nb_arm/rviz/arm_sim.rviz
-- Up-to-date symlink: /home/jzt/nb_arm_ws/install/nb_arm/share/ament_index/resource_index/package_run_dependencies/nb_arm
-- Up-to-date symlink: /home/jzt/nb_arm_ws/install/nb_arm/share/ament_index/resource_index/parent_prefix_path/nb_arm
-- Up-to-date symlink: /home/jzt/nb_arm_ws/install/nb_arm/share/nb_arm/environment/ament_prefix_path.sh
-- Up-to-date symlink: /home/jzt/nb_arm_ws/install/nb_arm/share/nb_arm/environment/ament_prefix_path.dsv
-- Up-to-date symlink: /home/jzt/nb_arm_ws/install/nb_arm/share/nb_arm/environment/path.sh
-- Up-to-date symlink: /home/jzt/nb_arm_ws/install/nb_arm/share/nb_arm/environment/path.dsv
-- Up-to-date symlink: /home/jzt/nb_arm_ws/install/nb_arm/share/nb_arm/local_setup.bash
-- Up-to-date symlink: /home/jzt/nb_arm_ws/install/nb_arm/share/nb_arm/local_setup.sh
-- Up-to-date symlink: /home/jzt/nb_arm_ws/install/nb_arm/share/nb_arm/local_setup.zsh
-- Up-to-date symlink: /home/jzt/nb_arm_ws/install/nb_arm/share/nb_arm/local_setup.dsv
-- Symlinking: /home/jzt/nb_arm_ws/install/nb_arm/share/nb_arm/package.dsv
-- Up-to-date symlink: /home/jzt/nb_arm_ws/install/nb_arm/share/ament_index/resource_index/packages/nb_arm
-- Up-to-date symlink: /home/jzt/nb_arm_ws/install/nb_arm/share/nb_arm/cmake/nb_armConfig.cmake
-- Up-to-date symlink: /home/jzt/nb_arm_ws/install/nb_arm/share/nb_arm/cmake/nb_armConfig-version.cmake
-- Up-to-date symlink: /home/jzt/nb_arm_ws/install/nb_arm/share/nb_arm/package.xml
