[0.010s] Invoking command in '/home/jzt/nb_arm_ws/build/arm_msgs': CMAKE_PREFIX_PATH=${CMAKE_PREFIX_PATH}:/home/jzt/moveit2_ws/install/moveit_configs_utils:/home/jzt/moveit2_ws/install/launch_param_builder:/opt/ros/humble /usr/local/bin/cmake /home/jzt/nb_arm_ws/src/arm_msgs -DAMENT_CMAKE_SYMLINK_INSTALL=1 -DCMAKE_INSTALL_PREFIX=/home/jzt/nb_arm_ws/install/arm_msgs
[0.043s] -- The C compiler identification is GNU 11.4.0
[0.076s] -- The CXX compiler identification is GNU 11.4.0
[0.083s] -- Detecting C compiler ABI info
[0.128s] -- Detecting C compiler ABI info - done
[0.139s] -- Check for working C compiler: /usr/bin/cc - skipped
[0.139s] -- Detecting C compile features
[0.139s] -- Detecting C compile features - done
[0.142s] -- Detecting CXX compiler ABI info
[0.201s] -- Detecting CXX compiler ABI info - done
[0.213s] -- Check for working CXX compiler: /usr/bin/c++ - skipped
[0.213s] -- Detecting CXX compile features
[0.213s] -- Detecting CXX compile features - done
[0.218s] -- Found ament_cmake: 1.3.12 (/opt/ros/humble/share/ament_cmake/cmake)
[0.300s] -- Found Python3: /usr/bin/python3 (found version "3.10.12") found components: Interpreter
[0.336s] -- Override CMake install command with custom implementation using symlinks instead of copying resources
[0.375s] -- Found rosidl_default_generators: 1.2.0 (/opt/ros/humble/share/rosidl_default_generators/cmake)
[0.383s] -- Using all available rosidl_typesupport_c: rosidl_typesupport_fastrtps_c;rosidl_typesupport_introspection_c
[0.391s] -- Found rosidl_adapter: 3.1.7 (/opt/ros/humble/share/rosidl_adapter/cmake)
[0.429s] -- Using all available rosidl_typesupport_cpp: rosidl_typesupport_fastrtps_cpp;rosidl_typesupport_introspection_cpp
[0.459s] -- Found geometry_msgs: 4.9.0 (/opt/ros/humble/share/geometry_msgs/cmake)
[0.747s] -- Found ament_cmake_ros: 0.10.0 (/opt/ros/humble/share/ament_cmake_ros/cmake)
[1.041s] -- Using all available rosidl_typesupport_c: rosidl_typesupport_fastrtps_c;rosidl_typesupport_introspection_c
[1.406s] -- Using all available rosidl_typesupport_cpp: rosidl_typesupport_fastrtps_cpp;rosidl_typesupport_introspection_cpp
[1.420s] -- Found PythonInterp: /usr/bin/python3 (found suitable version "3.10.12", minimum required is "3.6")
[1.423s] -- Found python_cmake_module: 0.10.0 (/opt/ros/humble/share/python_cmake_module/cmake)
[1.439s] -- Found PythonLibs: /usr/lib/x86_64-linux-gnu/libpython3.10.so (found suitable version "3.10.12", minimum required is "3.5")
[1.439s] -- Using PYTHON_EXECUTABLE: /usr/bin/python3
[1.439s] -- Using PYTHON_INCLUDE_DIRS: /usr/include/python3.10
[1.439s] -- Using PYTHON_LIBRARIES: /usr/lib/x86_64-linux-gnu/libpython3.10.so
[1.451s] -- Found PythonExtra: .so
[1.509s] -- Found ament_lint_auto: 0.12.14 (/opt/ros/humble/share/ament_lint_auto/cmake)
[1.534s] -- Added test 'lint_cmake' to check CMake code style
[1.535s] -- Added test 'xmllint' to check XML markup files
[1.537s] -- Configuring done (1.5s)
[1.561s] -- Generating done (0.0s)
[1.566s] -- Build files have been written to: /home/jzt/nb_arm_ws/build/arm_msgs
[1.572s] Invoked command in '/home/jzt/nb_arm_ws/build/arm_msgs' returned '0': CMAKE_PREFIX_PATH=${CMAKE_PREFIX_PATH}:/home/jzt/moveit2_ws/install/moveit_configs_utils:/home/jzt/moveit2_ws/install/launch_param_builder:/opt/ros/humble /usr/local/bin/cmake /home/jzt/nb_arm_ws/src/arm_msgs -DAMENT_CMAKE_SYMLINK_INSTALL=1 -DCMAKE_INSTALL_PREFIX=/home/jzt/nb_arm_ws/install/arm_msgs
[1.573s] Invoking command in '/home/jzt/nb_arm_ws/build/arm_msgs': CMAKE_PREFIX_PATH=${CMAKE_PREFIX_PATH}:/home/jzt/moveit2_ws/install/moveit_configs_utils:/home/jzt/moveit2_ws/install/launch_param_builder:/opt/ros/humble /usr/local/bin/cmake --build /home/jzt/nb_arm_ws/build/arm_msgs -- -j32 -l32
[1.594s] [  1%] [34m[1mGenerating C code for ROS interfaces[0m
[1.599s] [  2%] [34m[1mGenerating C++ code for ROS interfaces[0m
[1.603s] [  2%] Built target ament_cmake_python_symlink_arm_msgs
[1.740s] running egg_info
[1.741s] creating arm_msgs.egg-info
[1.741s] writing arm_msgs.egg-info/PKG-INFO
[1.741s] writing dependency_links to arm_msgs.egg-info/dependency_links.txt
[1.741s] writing top-level names to arm_msgs.egg-info/top_level.txt
[1.741s] writing manifest file 'arm_msgs.egg-info/SOURCES.txt'
[1.742s] reading manifest file 'arm_msgs.egg-info/SOURCES.txt'
[1.742s] writing manifest file 'arm_msgs.egg-info/SOURCES.txt'
[1.764s] [  2%] Built target ament_cmake_python_build_arm_msgs_egg
[1.908s] [  2%] Built target arm_msgs__cpp
[1.914s] [  4%] [34m[1mGenerating C++ type support dispatch for ROS interfaces[0m
[1.915s] [  5%] [34m[1mGenerating C++ type support for eProsima Fast-RTPS[0m
[1.915s] [  7%] [34m[1mGenerating C++ introspection for ROS interfaces[0m
[1.919s] [  8%] [32mBuilding C object CMakeFiles/arm_msgs__rosidl_generator_c.dir/rosidl_generator_c/arm_msgs/msg/detail/robot_command__functions.c.o[0m
[1.919s] [  9%] [32mBuilding C object CMakeFiles/arm_msgs__rosidl_generator_c.dir/rosidl_generator_c/arm_msgs/msg/detail/motor_mit_cmd_tau__functions.c.o[0m
[1.920s] [ 11%] [32mBuilding C object CMakeFiles/arm_msgs__rosidl_generator_c.dir/rosidl_generator_c/arm_msgs/msg/detail/motor_command__functions.c.o[0m
[1.920s] [ 12%] [32mBuilding C object CMakeFiles/arm_msgs__rosidl_generator_c.dir/rosidl_generator_c/arm_msgs/msg/detail/motor_state__functions.c.o[0m
[1.920s] [ 14%] [32mBuilding C object CMakeFiles/arm_msgs__rosidl_generator_c.dir/rosidl_generator_c/arm_msgs/msg/detail/robot_mit_cmd_tau__functions.c.o[0m
[1.920s] [ 15%] [32mBuilding C object CMakeFiles/arm_msgs__rosidl_generator_c.dir/rosidl_generator_c/arm_msgs/msg/detail/robot_state__functions.c.o[0m
[1.950s] [ 16%] [32m[1mLinking C shared library libarm_msgs__rosidl_generator_c.so[0m
[1.981s] [ 16%] Built target arm_msgs__rosidl_generator_c
[1.989s] [ 18%] [34m[1mGenerating C type support for eProsima Fast-RTPS[0m
[1.989s] [ 19%] [34m[1mGenerating C type support dispatch for ROS interfaces[0m
[1.990s] [ 21%] [34m[1mGenerating C introspection for ROS interfaces[0m
[2.199s] [ 22%] [32mBuilding CXX object CMakeFiles/arm_msgs__rosidl_typesupport_cpp.dir/rosidl_typesupport_cpp/arm_msgs/msg/motor_state__type_support.cpp.o[0m
[2.199s] [ 23%] [32mBuilding CXX object CMakeFiles/arm_msgs__rosidl_typesupport_cpp.dir/rosidl_typesupport_cpp/arm_msgs/msg/motor_command__type_support.cpp.o[0m
[2.200s] [ 25%] [32mBuilding CXX object CMakeFiles/arm_msgs__rosidl_typesupport_cpp.dir/rosidl_typesupport_cpp/arm_msgs/msg/robot_command__type_support.cpp.o[0m
[2.200s] [ 26%] [32mBuilding CXX object CMakeFiles/arm_msgs__rosidl_typesupport_cpp.dir/rosidl_typesupport_cpp/arm_msgs/msg/robot_state__type_support.cpp.o[0m
[2.200s] [ 28%] [32mBuilding CXX object CMakeFiles/arm_msgs__rosidl_typesupport_cpp.dir/rosidl_typesupport_cpp/arm_msgs/msg/motor_mit_cmd_tau__type_support.cpp.o[0m
[2.200s] [ 29%] [32mBuilding CXX object CMakeFiles/arm_msgs__rosidl_typesupport_cpp.dir/rosidl_typesupport_cpp/arm_msgs/msg/robot_mit_cmd_tau__type_support.cpp.o[0m
[2.221s] [ 33%] [32mBuilding CXX object CMakeFiles/arm_msgs__rosidl_typesupport_introspection_cpp.dir/rosidl_typesupport_introspection_cpp/arm_msgs/msg/detail/robot_command__type_support.cpp.o[0m
[2.221s] [ 33%] [32mBuilding CXX object CMakeFiles/arm_msgs__rosidl_typesupport_introspection_cpp.dir/rosidl_typesupport_introspection_cpp/arm_msgs/msg/detail/motor_command__type_support.cpp.o[0m
[2.221s] [ 33%] [32mBuilding CXX object CMakeFiles/arm_msgs__rosidl_typesupport_introspection_cpp.dir/rosidl_typesupport_introspection_cpp/arm_msgs/msg/detail/motor_mit_cmd_tau__type_support.cpp.o[0m
[2.221s] [ 35%] [32mBuilding CXX object CMakeFiles/arm_msgs__rosidl_typesupport_introspection_cpp.dir/rosidl_typesupport_introspection_cpp/arm_msgs/msg/detail/motor_state__type_support.cpp.o[0m
[2.221s] [ 38%] [32mBuilding CXX object CMakeFiles/arm_msgs__rosidl_typesupport_introspection_cpp.dir/rosidl_typesupport_introspection_cpp/arm_msgs/msg/detail/robot_state__type_support.cpp.o[0m
[2.221s] [ 38%] [32mBuilding CXX object CMakeFiles/arm_msgs__rosidl_typesupport_introspection_cpp.dir/rosidl_typesupport_introspection_cpp/arm_msgs/msg/detail/robot_mit_cmd_tau__type_support.cpp.o[0m
[2.240s] [ 39%] [32mBuilding CXX object CMakeFiles/arm_msgs__rosidl_typesupport_fastrtps_cpp.dir/rosidl_typesupport_fastrtps_cpp/arm_msgs/msg/detail/dds_fastrtps/robot_state__type_support.cpp.o[0m
[2.241s] [ 42%] [32mBuilding CXX object CMakeFiles/arm_msgs__rosidl_typesupport_fastrtps_cpp.dir/rosidl_typesupport_fastrtps_cpp/arm_msgs/msg/detail/dds_fastrtps/robot_command__type_support.cpp.o[0m
[2.241s] [ 45%] [32mBuilding CXX object CMakeFiles/arm_msgs__rosidl_typesupport_fastrtps_cpp.dir/rosidl_typesupport_fastrtps_cpp/arm_msgs/msg/detail/dds_fastrtps/robot_mit_cmd_tau__type_support.cpp.o[0m
[2.241s] [ 45%] [32mBuilding CXX object CMakeFiles/arm_msgs__rosidl_typesupport_fastrtps_cpp.dir/rosidl_typesupport_fastrtps_cpp/arm_msgs/msg/detail/dds_fastrtps/motor_command__type_support.cpp.o[0m
[2.241s] [ 45%] [32mBuilding CXX object CMakeFiles/arm_msgs__rosidl_typesupport_fastrtps_cpp.dir/rosidl_typesupport_fastrtps_cpp/arm_msgs/msg/detail/dds_fastrtps/motor_state__type_support.cpp.o[0m
[2.241s] [ 46%] [32mBuilding CXX object CMakeFiles/arm_msgs__rosidl_typesupport_fastrtps_cpp.dir/rosidl_typesupport_fastrtps_cpp/arm_msgs/msg/detail/dds_fastrtps/motor_mit_cmd_tau__type_support.cpp.o[0m
[2.257s] [ 47%] [32mBuilding CXX object CMakeFiles/arm_msgs__rosidl_typesupport_c.dir/rosidl_typesupport_c/arm_msgs/msg/motor_command__type_support.cpp.o[0m
[2.258s] [ 50%] [32mBuilding CXX object CMakeFiles/arm_msgs__rosidl_typesupport_c.dir/rosidl_typesupport_c/arm_msgs/msg/robot_state__type_support.cpp.o[0m
[2.258s] [ 50%] [32mBuilding CXX object CMakeFiles/arm_msgs__rosidl_typesupport_c.dir/rosidl_typesupport_c/arm_msgs/msg/robot_command__type_support.cpp.o[0m
[2.258s] [ 53%] [32mBuilding CXX object CMakeFiles/arm_msgs__rosidl_typesupport_c.dir/rosidl_typesupport_c/arm_msgs/msg/motor_mit_cmd_tau__type_support.cpp.o[0m
[2.258s] [ 53%] [32mBuilding CXX object CMakeFiles/arm_msgs__rosidl_typesupport_c.dir/rosidl_typesupport_c/arm_msgs/msg/motor_state__type_support.cpp.o[0m
[2.258s] [ 54%] [32mBuilding CXX object CMakeFiles/arm_msgs__rosidl_typesupport_c.dir/rosidl_typesupport_c/arm_msgs/msg/robot_mit_cmd_tau__type_support.cpp.o[0m
[2.288s] [ 56%] [32m[1mLinking CXX shared library libarm_msgs__rosidl_typesupport_c.so[0m
[2.319s] [ 57%] [32mBuilding C object CMakeFiles/arm_msgs__rosidl_typesupport_introspection_c.dir/rosidl_typesupport_introspection_c/arm_msgs/msg/detail/motor_mit_cmd_tau__type_support.c.o[0m
[2.320s] [ 59%] [32mBuilding C object CMakeFiles/arm_msgs__rosidl_typesupport_introspection_c.dir/rosidl_typesupport_introspection_c/arm_msgs/msg/detail/motor_command__type_support.c.o[0m
[2.320s] [ 59%] Built target arm_msgs__rosidl_typesupport_c
[2.320s] [ 60%] [32mBuilding C object CMakeFiles/arm_msgs__rosidl_typesupport_introspection_c.dir/rosidl_typesupport_introspection_c/arm_msgs/msg/detail/robot_command__type_support.c.o[0m
[2.320s] [ 61%] [32mBuilding C object CMakeFiles/arm_msgs__rosidl_typesupport_introspection_c.dir/rosidl_typesupport_introspection_c/arm_msgs/msg/detail/robot_state__type_support.c.o[0m
[2.320s] [ 63%] [32mBuilding C object CMakeFiles/arm_msgs__rosidl_typesupport_introspection_c.dir/rosidl_typesupport_introspection_c/arm_msgs/msg/detail/robot_mit_cmd_tau__type_support.c.o[0m
[2.321s] [ 64%] [32mBuilding C object CMakeFiles/arm_msgs__rosidl_typesupport_introspection_c.dir/rosidl_typesupport_introspection_c/arm_msgs/msg/detail/motor_state__type_support.c.o[0m
[2.361s] [ 66%] [32m[1mLinking C shared library libarm_msgs__rosidl_typesupport_introspection_c.so[0m
[2.389s] [ 67%] [32mBuilding CXX object CMakeFiles/arm_msgs__rosidl_typesupport_fastrtps_c.dir/rosidl_typesupport_fastrtps_c/arm_msgs/msg/detail/robot_command__type_support_c.cpp.o[0m
[2.389s] [ 67%] Built target arm_msgs__rosidl_typesupport_introspection_c
[2.389s] [ 70%] [32mBuilding CXX object CMakeFiles/arm_msgs__rosidl_typesupport_fastrtps_c.dir/rosidl_typesupport_fastrtps_c/arm_msgs/msg/detail/motor_mit_cmd_tau__type_support_c.cpp.o[0m
[2.389s] [ 70%] [32mBuilding CXX object CMakeFiles/arm_msgs__rosidl_typesupport_fastrtps_c.dir/rosidl_typesupport_fastrtps_c/arm_msgs/msg/detail/motor_state__type_support_c.cpp.o[0m
[2.389s] [ 71%] [32mBuilding CXX object CMakeFiles/arm_msgs__rosidl_typesupport_fastrtps_c.dir/rosidl_typesupport_fastrtps_c/arm_msgs/msg/detail/motor_command__type_support_c.cpp.o[0m
[2.390s] [ 73%] [32mBuilding CXX object CMakeFiles/arm_msgs__rosidl_typesupport_fastrtps_c.dir/rosidl_typesupport_fastrtps_c/arm_msgs/msg/detail/robot_state__type_support_c.cpp.o[0m
[2.390s] [ 74%] [32mBuilding CXX object CMakeFiles/arm_msgs__rosidl_typesupport_fastrtps_c.dir/rosidl_typesupport_fastrtps_c/arm_msgs/msg/detail/robot_mit_cmd_tau__type_support_c.cpp.o[0m
[2.485s] [ 76%] [32m[1mLinking CXX shared library libarm_msgs__rosidl_typesupport_cpp.so[0m
[2.517s] [ 76%] Built target arm_msgs__rosidl_typesupport_cpp
[2.640s] [ 77%] [32m[1mLinking CXX shared library libarm_msgs__rosidl_typesupport_introspection_cpp.so[0m
[2.647s] [ 78%] [32m[1mLinking CXX shared library libarm_msgs__rosidl_typesupport_fastrtps_cpp.so[0m
[2.673s] [ 80%] [32m[1mLinking CXX shared library libarm_msgs__rosidl_typesupport_fastrtps_c.so[0m
[2.687s] [ 80%] Built target arm_msgs__rosidl_typesupport_introspection_cpp
[2.694s] [ 80%] Built target arm_msgs__rosidl_typesupport_fastrtps_cpp
[2.703s] [ 80%] Built target arm_msgs__rosidl_typesupport_fastrtps_c
[2.716s] [ 80%] Built target arm_msgs
[2.728s] [ 81%] [34m[1mGenerating Python code for ROS interfaces[0m
[3.149s] [ 81%] Built target arm_msgs__py
[3.159s] [ 83%] [32mBuilding C object CMakeFiles/arm_msgs__rosidl_generator_py.dir/rosidl_generator_py/arm_msgs/msg/_motor_state_s.c.o[0m
[3.160s] [ 84%] [32mBuilding C object CMakeFiles/arm_msgs__rosidl_generator_py.dir/rosidl_generator_py/arm_msgs/msg/_motor_command_s.c.o[0m
[3.160s] [ 85%] [32mBuilding C object CMakeFiles/arm_msgs__rosidl_generator_py.dir/rosidl_generator_py/arm_msgs/msg/_robot_state_s.c.o[0m
[3.161s] [ 87%] [32mBuilding C object CMakeFiles/arm_msgs__rosidl_generator_py.dir/rosidl_generator_py/arm_msgs/msg/_robot_command_s.c.o[0m
[3.161s] [ 88%] [32mBuilding C object CMakeFiles/arm_msgs__rosidl_generator_py.dir/rosidl_generator_py/arm_msgs/msg/_motor_mit_cmd_tau_s.c.o[0m
[3.161s] [ 90%] [32mBuilding C object CMakeFiles/arm_msgs__rosidl_generator_py.dir/rosidl_generator_py/arm_msgs/msg/_robot_mit_cmd_tau_s.c.o[0m
[3.223s] [ 91%] [32m[1mLinking C shared library rosidl_generator_py/arm_msgs/libarm_msgs__rosidl_generator_py.so[0m
[3.249s] [ 91%] Built target arm_msgs__rosidl_generator_py
[3.262s] [ 94%] [32mBuilding C object CMakeFiles/arm_msgs__rosidl_typesupport_introspection_c__pyext.dir/rosidl_generator_py/arm_msgs/_arm_msgs_s.ep.rosidl_typesupport_introspection_c.c.o[0m
[3.262s] [ 94%] [32mBuilding C object CMakeFiles/arm_msgs__rosidl_typesupport_fastrtps_c__pyext.dir/rosidl_generator_py/arm_msgs/_arm_msgs_s.ep.rosidl_typesupport_fastrtps_c.c.o[0m
[3.263s] [ 95%] [32mBuilding C object CMakeFiles/arm_msgs__rosidl_typesupport_c__pyext.dir/rosidl_generator_py/arm_msgs/_arm_msgs_s.ep.rosidl_typesupport_c.c.o[0m
[3.320s] [100%] [32m[1mLinking C shared library rosidl_generator_py/arm_msgs/arm_msgs_s__rosidl_typesupport_fastrtps_c.cpython-310-x86_64-linux-gnu.so[0m
[3.320s] [100%] [32m[1mLinking C shared library rosidl_generator_py/arm_msgs/arm_msgs_s__rosidl_typesupport_c.cpython-310-x86_64-linux-gnu.so[0m
[3.320s] [100%] [32m[1mLinking C shared library rosidl_generator_py/arm_msgs/arm_msgs_s__rosidl_typesupport_introspection_c.cpython-310-x86_64-linux-gnu.so[0m
[3.343s] [100%] Built target arm_msgs__rosidl_typesupport_introspection_c__pyext
[3.343s] [100%] Built target arm_msgs__rosidl_typesupport_fastrtps_c__pyext
[3.344s] [100%] Built target arm_msgs__rosidl_typesupport_c__pyext
[3.349s] Invoked command in '/home/jzt/nb_arm_ws/build/arm_msgs' returned '0': CMAKE_PREFIX_PATH=${CMAKE_PREFIX_PATH}:/home/jzt/moveit2_ws/install/moveit_configs_utils:/home/jzt/moveit2_ws/install/launch_param_builder:/opt/ros/humble /usr/local/bin/cmake --build /home/jzt/nb_arm_ws/build/arm_msgs -- -j32 -l32
[3.353s] Invoking command in '/home/jzt/nb_arm_ws/build/arm_msgs': CMAKE_PREFIX_PATH=${CMAKE_PREFIX_PATH}:/home/jzt/moveit2_ws/install/moveit_configs_utils:/home/jzt/moveit2_ws/install/launch_param_builder:/opt/ros/humble /usr/local/bin/cmake --install /home/jzt/nb_arm_ws/build/arm_msgs
[3.357s] -- Install configuration: ""
[3.358s] -- Execute custom install script
[3.358s] -- Symlinking: /home/jzt/nb_arm_ws/install/arm_msgs/share/ament_index/resource_index/rosidl_interfaces/arm_msgs
[3.362s] -- Symlinking: /home/jzt/nb_arm_ws/install/arm_msgs/include/arm_msgs/arm_msgs/msg/detail/motor_command__functions.h
[3.366s] -- Symlinking: /home/jzt/nb_arm_ws/install/arm_msgs/include/arm_msgs/arm_msgs/msg/detail/motor_command__struct.h
[3.368s] -- Symlinking: /home/jzt/nb_arm_ws/install/arm_msgs/include/arm_msgs/arm_msgs/msg/detail/motor_command__type_support.h
[3.371s] -- Symlinking: /home/jzt/nb_arm_ws/install/arm_msgs/include/arm_msgs/arm_msgs/msg/detail/motor_mit_cmd_tau__functions.h
[3.373s] -- Symlinking: /home/jzt/nb_arm_ws/install/arm_msgs/include/arm_msgs/arm_msgs/msg/detail/motor_mit_cmd_tau__struct.h
[3.376s] -- Symlinking: /home/jzt/nb_arm_ws/install/arm_msgs/include/arm_msgs/arm_msgs/msg/detail/motor_mit_cmd_tau__type_support.h
[3.380s] -- Symlinking: /home/jzt/nb_arm_ws/install/arm_msgs/include/arm_msgs/arm_msgs/msg/detail/motor_state__functions.h
[3.383s] -- Symlinking: /home/jzt/nb_arm_ws/install/arm_msgs/include/arm_msgs/arm_msgs/msg/detail/motor_state__struct.h
[3.387s] -- Symlinking: /home/jzt/nb_arm_ws/install/arm_msgs/include/arm_msgs/arm_msgs/msg/detail/motor_state__type_support.h
[3.390s] -- Symlinking: /home/jzt/nb_arm_ws/install/arm_msgs/include/arm_msgs/arm_msgs/msg/detail/robot_command__functions.h
[3.393s] -- Symlinking: /home/jzt/nb_arm_ws/install/arm_msgs/include/arm_msgs/arm_msgs/msg/detail/robot_command__struct.h
[3.397s] -- Symlinking: /home/jzt/nb_arm_ws/install/arm_msgs/include/arm_msgs/arm_msgs/msg/detail/robot_command__type_support.h
[3.401s] -- Symlinking: /home/jzt/nb_arm_ws/install/arm_msgs/include/arm_msgs/arm_msgs/msg/detail/robot_mit_cmd_tau__functions.h
[3.404s] -- Symlinking: /home/jzt/nb_arm_ws/install/arm_msgs/include/arm_msgs/arm_msgs/msg/detail/robot_mit_cmd_tau__struct.h
[3.408s] -- Symlinking: /home/jzt/nb_arm_ws/install/arm_msgs/include/arm_msgs/arm_msgs/msg/detail/robot_mit_cmd_tau__type_support.h
[3.410s] -- Symlinking: /home/jzt/nb_arm_ws/install/arm_msgs/include/arm_msgs/arm_msgs/msg/detail/robot_state__functions.h
[3.414s] -- Symlinking: /home/jzt/nb_arm_ws/install/arm_msgs/include/arm_msgs/arm_msgs/msg/detail/robot_state__struct.h
[3.418s] -- Symlinking: /home/jzt/nb_arm_ws/install/arm_msgs/include/arm_msgs/arm_msgs/msg/detail/robot_state__type_support.h
[3.422s] -- Symlinking: /home/jzt/nb_arm_ws/install/arm_msgs/include/arm_msgs/arm_msgs/msg/motor_command.h
[3.426s] -- Symlinking: /home/jzt/nb_arm_ws/install/arm_msgs/include/arm_msgs/arm_msgs/msg/motor_mit_cmd_tau.h
[3.430s] -- Symlinking: /home/jzt/nb_arm_ws/install/arm_msgs/include/arm_msgs/arm_msgs/msg/motor_state.h
[3.434s] -- Symlinking: /home/jzt/nb_arm_ws/install/arm_msgs/include/arm_msgs/arm_msgs/msg/robot_command.h
[3.437s] -- Symlinking: /home/jzt/nb_arm_ws/install/arm_msgs/include/arm_msgs/arm_msgs/msg/robot_mit_cmd_tau.h
[3.440s] -- Symlinking: /home/jzt/nb_arm_ws/install/arm_msgs/include/arm_msgs/arm_msgs/msg/robot_state.h
[3.443s] -- Symlinking: /home/jzt/nb_arm_ws/install/arm_msgs/include/arm_msgs/arm_msgs/msg/rosidl_generator_c__visibility_control.h
[3.447s] -- Symlinking: /home/jzt/nb_arm_ws/install/arm_msgs/share/arm_msgs/environment/library_path.sh
[3.451s] -- Symlinking: /home/jzt/nb_arm_ws/install/arm_msgs/share/arm_msgs/environment/library_path.dsv
[3.455s] -- Symlinking: /home/jzt/nb_arm_ws/install/arm_msgs/include/arm_msgs/arm_msgs/msg/detail/motor_command__rosidl_typesupport_fastrtps_c.h
[3.459s] -- Symlinking: /home/jzt/nb_arm_ws/install/arm_msgs/include/arm_msgs/arm_msgs/msg/detail/motor_mit_cmd_tau__rosidl_typesupport_fastrtps_c.h
[3.463s] -- Symlinking: /home/jzt/nb_arm_ws/install/arm_msgs/include/arm_msgs/arm_msgs/msg/detail/motor_state__rosidl_typesupport_fastrtps_c.h
[3.466s] -- Symlinking: /home/jzt/nb_arm_ws/install/arm_msgs/include/arm_msgs/arm_msgs/msg/detail/robot_command__rosidl_typesupport_fastrtps_c.h
[3.469s] -- Symlinking: /home/jzt/nb_arm_ws/install/arm_msgs/include/arm_msgs/arm_msgs/msg/detail/robot_mit_cmd_tau__rosidl_typesupport_fastrtps_c.h
[3.472s] -- Symlinking: /home/jzt/nb_arm_ws/install/arm_msgs/include/arm_msgs/arm_msgs/msg/detail/robot_state__rosidl_typesupport_fastrtps_c.h
[3.475s] -- Symlinking: /home/jzt/nb_arm_ws/install/arm_msgs/include/arm_msgs/arm_msgs/msg/rosidl_typesupport_fastrtps_c__visibility_control.h
[3.477s] -- Symlinking: /home/jzt/nb_arm_ws/install/arm_msgs/include/arm_msgs/arm_msgs/msg/detail/motor_command__rosidl_typesupport_introspection_c.h
[3.481s] -- Symlinking: /home/jzt/nb_arm_ws/install/arm_msgs/include/arm_msgs/arm_msgs/msg/detail/motor_mit_cmd_tau__rosidl_typesupport_introspection_c.h
[3.484s] -- Symlinking: /home/jzt/nb_arm_ws/install/arm_msgs/include/arm_msgs/arm_msgs/msg/detail/motor_state__rosidl_typesupport_introspection_c.h
[3.487s] -- Symlinking: /home/jzt/nb_arm_ws/install/arm_msgs/include/arm_msgs/arm_msgs/msg/detail/robot_command__rosidl_typesupport_introspection_c.h
[3.489s] -- Symlinking: /home/jzt/nb_arm_ws/install/arm_msgs/include/arm_msgs/arm_msgs/msg/detail/robot_mit_cmd_tau__rosidl_typesupport_introspection_c.h
[3.493s] -- Symlinking: /home/jzt/nb_arm_ws/install/arm_msgs/include/arm_msgs/arm_msgs/msg/detail/robot_state__rosidl_typesupport_introspection_c.h
[3.496s] -- Symlinking: /home/jzt/nb_arm_ws/install/arm_msgs/include/arm_msgs/arm_msgs/msg/rosidl_typesupport_introspection_c__visibility_control.h
[3.500s] -- Symlinking: /home/jzt/nb_arm_ws/install/arm_msgs/include/arm_msgs/arm_msgs/msg/detail/motor_command__builder.hpp
[3.502s] -- Symlinking: /home/jzt/nb_arm_ws/install/arm_msgs/include/arm_msgs/arm_msgs/msg/detail/motor_command__struct.hpp
[3.505s] -- Symlinking: /home/jzt/nb_arm_ws/install/arm_msgs/include/arm_msgs/arm_msgs/msg/detail/motor_command__traits.hpp
[3.509s] -- Symlinking: /home/jzt/nb_arm_ws/install/arm_msgs/include/arm_msgs/arm_msgs/msg/detail/motor_command__type_support.hpp
[3.512s] -- Symlinking: /home/jzt/nb_arm_ws/install/arm_msgs/include/arm_msgs/arm_msgs/msg/detail/motor_mit_cmd_tau__builder.hpp
[3.514s] -- Symlinking: /home/jzt/nb_arm_ws/install/arm_msgs/include/arm_msgs/arm_msgs/msg/detail/motor_mit_cmd_tau__struct.hpp
[3.517s] -- Symlinking: /home/jzt/nb_arm_ws/install/arm_msgs/include/arm_msgs/arm_msgs/msg/detail/motor_mit_cmd_tau__traits.hpp
[3.520s] -- Symlinking: /home/jzt/nb_arm_ws/install/arm_msgs/include/arm_msgs/arm_msgs/msg/detail/motor_mit_cmd_tau__type_support.hpp
[3.523s] -- Symlinking: /home/jzt/nb_arm_ws/install/arm_msgs/include/arm_msgs/arm_msgs/msg/detail/motor_state__builder.hpp
[3.526s] -- Symlinking: /home/jzt/nb_arm_ws/install/arm_msgs/include/arm_msgs/arm_msgs/msg/detail/motor_state__struct.hpp
[3.530s] -- Symlinking: /home/jzt/nb_arm_ws/install/arm_msgs/include/arm_msgs/arm_msgs/msg/detail/motor_state__traits.hpp
[3.533s] -- Symlinking: /home/jzt/nb_arm_ws/install/arm_msgs/include/arm_msgs/arm_msgs/msg/detail/motor_state__type_support.hpp
[3.535s] -- Symlinking: /home/jzt/nb_arm_ws/install/arm_msgs/include/arm_msgs/arm_msgs/msg/detail/robot_command__builder.hpp
[3.538s] -- Symlinking: /home/jzt/nb_arm_ws/install/arm_msgs/include/arm_msgs/arm_msgs/msg/detail/robot_command__struct.hpp
[3.541s] -- Symlinking: /home/jzt/nb_arm_ws/install/arm_msgs/include/arm_msgs/arm_msgs/msg/detail/robot_command__traits.hpp
[3.545s] -- Symlinking: /home/jzt/nb_arm_ws/install/arm_msgs/include/arm_msgs/arm_msgs/msg/detail/robot_command__type_support.hpp
[3.547s] -- Symlinking: /home/jzt/nb_arm_ws/install/arm_msgs/include/arm_msgs/arm_msgs/msg/detail/robot_mit_cmd_tau__builder.hpp
[3.550s] -- Symlinking: /home/jzt/nb_arm_ws/install/arm_msgs/include/arm_msgs/arm_msgs/msg/detail/robot_mit_cmd_tau__struct.hpp
[3.554s] -- Symlinking: /home/jzt/nb_arm_ws/install/arm_msgs/include/arm_msgs/arm_msgs/msg/detail/robot_mit_cmd_tau__traits.hpp
[3.556s] -- Symlinking: /home/jzt/nb_arm_ws/install/arm_msgs/include/arm_msgs/arm_msgs/msg/detail/robot_mit_cmd_tau__type_support.hpp
[3.559s] -- Symlinking: /home/jzt/nb_arm_ws/install/arm_msgs/include/arm_msgs/arm_msgs/msg/detail/robot_state__builder.hpp
[3.562s] -- Symlinking: /home/jzt/nb_arm_ws/install/arm_msgs/include/arm_msgs/arm_msgs/msg/detail/robot_state__struct.hpp
[3.564s] -- Symlinking: /home/jzt/nb_arm_ws/install/arm_msgs/include/arm_msgs/arm_msgs/msg/detail/robot_state__traits.hpp
[3.568s] -- Symlinking: /home/jzt/nb_arm_ws/install/arm_msgs/include/arm_msgs/arm_msgs/msg/detail/robot_state__type_support.hpp
[3.570s] -- Symlinking: /home/jzt/nb_arm_ws/install/arm_msgs/include/arm_msgs/arm_msgs/msg/motor_command.hpp
[3.573s] -- Symlinking: /home/jzt/nb_arm_ws/install/arm_msgs/include/arm_msgs/arm_msgs/msg/motor_mit_cmd_tau.hpp
[3.576s] -- Symlinking: /home/jzt/nb_arm_ws/install/arm_msgs/include/arm_msgs/arm_msgs/msg/motor_state.hpp
[3.579s] -- Symlinking: /home/jzt/nb_arm_ws/install/arm_msgs/include/arm_msgs/arm_msgs/msg/robot_command.hpp
[3.583s] -- Symlinking: /home/jzt/nb_arm_ws/install/arm_msgs/include/arm_msgs/arm_msgs/msg/robot_mit_cmd_tau.hpp
[3.585s] -- Symlinking: /home/jzt/nb_arm_ws/install/arm_msgs/include/arm_msgs/arm_msgs/msg/robot_state.hpp
[3.588s] -- Symlinking: /home/jzt/nb_arm_ws/install/arm_msgs/include/arm_msgs/arm_msgs/msg/rosidl_generator_cpp__visibility_control.hpp
[3.591s] -- Symlinking: /home/jzt/nb_arm_ws/install/arm_msgs/include/arm_msgs/arm_msgs/msg/detail/motor_command__rosidl_typesupport_fastrtps_cpp.hpp
[3.594s] -- Symlinking: /home/jzt/nb_arm_ws/install/arm_msgs/include/arm_msgs/arm_msgs/msg/detail/motor_mit_cmd_tau__rosidl_typesupport_fastrtps_cpp.hpp
[3.596s] -- Symlinking: /home/jzt/nb_arm_ws/install/arm_msgs/include/arm_msgs/arm_msgs/msg/detail/motor_state__rosidl_typesupport_fastrtps_cpp.hpp
[3.600s] -- Symlinking: /home/jzt/nb_arm_ws/install/arm_msgs/include/arm_msgs/arm_msgs/msg/detail/robot_command__rosidl_typesupport_fastrtps_cpp.hpp
[3.602s] -- Symlinking: /home/jzt/nb_arm_ws/install/arm_msgs/include/arm_msgs/arm_msgs/msg/detail/robot_mit_cmd_tau__rosidl_typesupport_fastrtps_cpp.hpp
[3.606s] -- Symlinking: /home/jzt/nb_arm_ws/install/arm_msgs/include/arm_msgs/arm_msgs/msg/detail/robot_state__rosidl_typesupport_fastrtps_cpp.hpp
[3.609s] -- Symlinking: /home/jzt/nb_arm_ws/install/arm_msgs/include/arm_msgs/arm_msgs/msg/rosidl_typesupport_fastrtps_cpp__visibility_control.h
[3.612s] -- Symlinking: /home/jzt/nb_arm_ws/install/arm_msgs/include/arm_msgs/arm_msgs/msg/detail/motor_command__rosidl_typesupport_introspection_cpp.hpp
[3.615s] -- Symlinking: /home/jzt/nb_arm_ws/install/arm_msgs/include/arm_msgs/arm_msgs/msg/detail/motor_mit_cmd_tau__rosidl_typesupport_introspection_cpp.hpp
[3.618s] -- Symlinking: /home/jzt/nb_arm_ws/install/arm_msgs/include/arm_msgs/arm_msgs/msg/detail/motor_state__rosidl_typesupport_introspection_cpp.hpp
[3.622s] -- Symlinking: /home/jzt/nb_arm_ws/install/arm_msgs/include/arm_msgs/arm_msgs/msg/detail/robot_command__rosidl_typesupport_introspection_cpp.hpp
[3.626s] -- Symlinking: /home/jzt/nb_arm_ws/install/arm_msgs/include/arm_msgs/arm_msgs/msg/detail/robot_mit_cmd_tau__rosidl_typesupport_introspection_cpp.hpp
[3.630s] -- Symlinking: /home/jzt/nb_arm_ws/install/arm_msgs/include/arm_msgs/arm_msgs/msg/detail/robot_state__rosidl_typesupport_introspection_cpp.hpp
[3.632s] -- Symlinking: /home/jzt/nb_arm_ws/install/arm_msgs/share/arm_msgs/environment/pythonpath.sh
[3.636s] -- Symlinking: /home/jzt/nb_arm_ws/install/arm_msgs/share/arm_msgs/environment/pythonpath.dsv
[3.639s] -- Symlinking: /home/jzt/nb_arm_ws/install/arm_msgs/local/lib/python3.10/dist-packages/arm_msgs-0.0.0-py3.10.egg-info/PKG-INFO
[3.642s] -- Symlinking: /home/jzt/nb_arm_ws/install/arm_msgs/local/lib/python3.10/dist-packages/arm_msgs-0.0.0-py3.10.egg-info/SOURCES.txt
[3.646s] -- Symlinking: /home/jzt/nb_arm_ws/install/arm_msgs/local/lib/python3.10/dist-packages/arm_msgs-0.0.0-py3.10.egg-info/dependency_links.txt
[3.650s] -- Symlinking: /home/jzt/nb_arm_ws/install/arm_msgs/local/lib/python3.10/dist-packages/arm_msgs-0.0.0-py3.10.egg-info/top_level.txt
[3.653s] -- Symlinking: /home/jzt/nb_arm_ws/install/arm_msgs/local/lib/python3.10/dist-packages/arm_msgs/__init__.py
[3.657s] -- Symlinking: /home/jzt/nb_arm_ws/install/arm_msgs/local/lib/python3.10/dist-packages/arm_msgs/_arm_msgs_s.ep.rosidl_typesupport_c.c
[3.660s] -- Symlinking: /home/jzt/nb_arm_ws/install/arm_msgs/local/lib/python3.10/dist-packages/arm_msgs/_arm_msgs_s.ep.rosidl_typesupport_fastrtps_c.c
[3.664s] -- Symlinking: /home/jzt/nb_arm_ws/install/arm_msgs/local/lib/python3.10/dist-packages/arm_msgs/_arm_msgs_s.ep.rosidl_typesupport_introspection_c.c
[3.668s] -- Symlinking: /home/jzt/nb_arm_ws/install/arm_msgs/local/lib/python3.10/dist-packages/arm_msgs/arm_msgs_s__rosidl_typesupport_c.cpython-310-x86_64-linux-gnu.so
[3.673s] -- Symlinking: /home/jzt/nb_arm_ws/install/arm_msgs/local/lib/python3.10/dist-packages/arm_msgs/arm_msgs_s__rosidl_typesupport_fastrtps_c.cpython-310-x86_64-linux-gnu.so
[3.676s] -- Symlinking: /home/jzt/nb_arm_ws/install/arm_msgs/local/lib/python3.10/dist-packages/arm_msgs/arm_msgs_s__rosidl_typesupport_introspection_c.cpython-310-x86_64-linux-gnu.so
[3.679s] -- Symlinking: /home/jzt/nb_arm_ws/install/arm_msgs/local/lib/python3.10/dist-packages/arm_msgs/libarm_msgs__rosidl_generator_py.so
[3.682s] -- Symlinking: /home/jzt/nb_arm_ws/install/arm_msgs/local/lib/python3.10/dist-packages/arm_msgs/msg/__init__.py
[3.685s] -- Symlinking: /home/jzt/nb_arm_ws/install/arm_msgs/local/lib/python3.10/dist-packages/arm_msgs/msg/_motor_command.py
[3.689s] -- Symlinking: /home/jzt/nb_arm_ws/install/arm_msgs/local/lib/python3.10/dist-packages/arm_msgs/msg/_motor_command_s.c
[3.693s] -- Symlinking: /home/jzt/nb_arm_ws/install/arm_msgs/local/lib/python3.10/dist-packages/arm_msgs/msg/_motor_mit_cmd_tau.py
[3.697s] -- Symlinking: /home/jzt/nb_arm_ws/install/arm_msgs/local/lib/python3.10/dist-packages/arm_msgs/msg/_motor_mit_cmd_tau_s.c
[3.701s] -- Symlinking: /home/jzt/nb_arm_ws/install/arm_msgs/local/lib/python3.10/dist-packages/arm_msgs/msg/_motor_state.py
[3.705s] -- Symlinking: /home/jzt/nb_arm_ws/install/arm_msgs/local/lib/python3.10/dist-packages/arm_msgs/msg/_motor_state_s.c
[3.708s] -- Symlinking: /home/jzt/nb_arm_ws/install/arm_msgs/local/lib/python3.10/dist-packages/arm_msgs/msg/_robot_command.py
[3.712s] -- Symlinking: /home/jzt/nb_arm_ws/install/arm_msgs/local/lib/python3.10/dist-packages/arm_msgs/msg/_robot_command_s.c
[3.715s] -- Symlinking: /home/jzt/nb_arm_ws/install/arm_msgs/local/lib/python3.10/dist-packages/arm_msgs/msg/_robot_mit_cmd_tau.py
[3.719s] -- Symlinking: /home/jzt/nb_arm_ws/install/arm_msgs/local/lib/python3.10/dist-packages/arm_msgs/msg/_robot_mit_cmd_tau_s.c
[3.723s] -- Symlinking: /home/jzt/nb_arm_ws/install/arm_msgs/local/lib/python3.10/dist-packages/arm_msgs/msg/_robot_state.py
[3.726s] -- Symlinking: /home/jzt/nb_arm_ws/install/arm_msgs/local/lib/python3.10/dist-packages/arm_msgs/msg/_robot_state_s.c
[3.730s] -- Up-to-date symlink: /home/jzt/nb_arm_ws/install/arm_msgs/local/lib/python3.10/dist-packages/arm_msgs/arm_msgs_s__rosidl_typesupport_fastrtps_c.cpython-310-x86_64-linux-gnu.so
[3.730s] -- Up-to-date symlink: /home/jzt/nb_arm_ws/install/arm_msgs/local/lib/python3.10/dist-packages/arm_msgs/arm_msgs_s__rosidl_typesupport_introspection_c.cpython-310-x86_64-linux-gnu.so
[3.731s] -- Up-to-date symlink: /home/jzt/nb_arm_ws/install/arm_msgs/local/lib/python3.10/dist-packages/arm_msgs/arm_msgs_s__rosidl_typesupport_c.cpython-310-x86_64-linux-gnu.so
[3.731s] -- Symlinking: /home/jzt/nb_arm_ws/install/arm_msgs/share/arm_msgs/msg/MotorCommand.idl
[3.734s] -- Symlinking: /home/jzt/nb_arm_ws/install/arm_msgs/share/arm_msgs/msg/MotorState.idl
[3.737s] -- Symlinking: /home/jzt/nb_arm_ws/install/arm_msgs/share/arm_msgs/msg/RobotCommand.idl
[3.740s] -- Symlinking: /home/jzt/nb_arm_ws/install/arm_msgs/share/arm_msgs/msg/RobotState.idl
[3.743s] -- Symlinking: /home/jzt/nb_arm_ws/install/arm_msgs/share/arm_msgs/msg/MotorMitCmdTau.idl
[3.746s] -- Symlinking: /home/jzt/nb_arm_ws/install/arm_msgs/share/arm_msgs/msg/RobotMitCmdTau.idl
[3.749s] -- Symlinking: /home/jzt/nb_arm_ws/install/arm_msgs/share/arm_msgs/msg/MotorCommand.msg
[3.752s] -- Symlinking: /home/jzt/nb_arm_ws/install/arm_msgs/share/arm_msgs/msg/MotorState.msg
[3.756s] -- Symlinking: /home/jzt/nb_arm_ws/install/arm_msgs/share/arm_msgs/msg/RobotCommand.msg
[3.759s] -- Symlinking: /home/jzt/nb_arm_ws/install/arm_msgs/share/arm_msgs/msg/RobotState.msg
[3.762s] -- Symlinking: /home/jzt/nb_arm_ws/install/arm_msgs/share/arm_msgs/msg/MotorMitCmdTau.msg
[3.765s] -- Symlinking: /home/jzt/nb_arm_ws/install/arm_msgs/share/arm_msgs/msg/RobotMitCmdTau.msg
[3.768s] -- Symlinking: /home/jzt/nb_arm_ws/install/arm_msgs/share/ament_index/resource_index/package_run_dependencies/arm_msgs
[3.770s] -- Symlinking: /home/jzt/nb_arm_ws/install/arm_msgs/share/ament_index/resource_index/parent_prefix_path/arm_msgs
[3.773s] -- Symlinking: /home/jzt/nb_arm_ws/install/arm_msgs/share/arm_msgs/environment/ament_prefix_path.sh
[3.776s] -- Symlinking: /home/jzt/nb_arm_ws/install/arm_msgs/share/arm_msgs/environment/ament_prefix_path.dsv
[3.779s] -- Symlinking: /home/jzt/nb_arm_ws/install/arm_msgs/share/arm_msgs/environment/path.sh
[3.783s] -- Symlinking: /home/jzt/nb_arm_ws/install/arm_msgs/share/arm_msgs/environment/path.dsv
[3.786s] -- Symlinking: /home/jzt/nb_arm_ws/install/arm_msgs/share/arm_msgs/local_setup.bash
[3.790s] -- Symlinking: /home/jzt/nb_arm_ws/install/arm_msgs/share/arm_msgs/local_setup.sh
[3.793s] -- Symlinking: /home/jzt/nb_arm_ws/install/arm_msgs/share/arm_msgs/local_setup.zsh
[3.797s] -- Symlinking: /home/jzt/nb_arm_ws/install/arm_msgs/share/arm_msgs/local_setup.dsv
[3.801s] -- Symlinking: /home/jzt/nb_arm_ws/install/arm_msgs/share/arm_msgs/package.dsv
[3.804s] -- Symlinking: /home/jzt/nb_arm_ws/install/arm_msgs/share/ament_index/resource_index/packages/arm_msgs
[3.807s] -- Symlinking: /home/jzt/nb_arm_ws/install/arm_msgs/share/arm_msgs/cmake/rosidl_cmake-extras.cmake
[3.810s] -- Symlinking: /home/jzt/nb_arm_ws/install/arm_msgs/share/arm_msgs/cmake/ament_cmake_export_dependencies-extras.cmake
[3.812s] -- Symlinking: /home/jzt/nb_arm_ws/install/arm_msgs/share/arm_msgs/cmake/ament_cmake_export_include_directories-extras.cmake
[3.815s] -- Symlinking: /home/jzt/nb_arm_ws/install/arm_msgs/share/arm_msgs/cmake/ament_cmake_export_libraries-extras.cmake
[3.819s] -- Symlinking: /home/jzt/nb_arm_ws/install/arm_msgs/share/arm_msgs/cmake/ament_cmake_export_targets-extras.cmake
[3.822s] -- Symlinking: /home/jzt/nb_arm_ws/install/arm_msgs/share/arm_msgs/cmake/rosidl_cmake_export_typesupport_targets-extras.cmake
[3.826s] -- Symlinking: /home/jzt/nb_arm_ws/install/arm_msgs/share/arm_msgs/cmake/rosidl_cmake_export_typesupport_libraries-extras.cmake
[3.830s] -- Symlinking: /home/jzt/nb_arm_ws/install/arm_msgs/share/arm_msgs/cmake/arm_msgsConfig.cmake
[3.833s] -- Symlinking: /home/jzt/nb_arm_ws/install/arm_msgs/share/arm_msgs/cmake/arm_msgsConfig-version.cmake
[3.836s] -- Symlinking: /home/jzt/nb_arm_ws/install/arm_msgs/share/arm_msgs/package.xml
[3.840s] -- Installing: /home/jzt/nb_arm_ws/install/arm_msgs/lib/libarm_msgs__rosidl_generator_c.so
[3.841s] -- Set non-toolchain portion of runtime path of "/home/jzt/nb_arm_ws/install/arm_msgs/lib/libarm_msgs__rosidl_generator_c.so" to ""
[3.841s] -- Installing: /home/jzt/nb_arm_ws/install/arm_msgs/lib/libarm_msgs__rosidl_typesupport_fastrtps_c.so
[3.842s] -- Set non-toolchain portion of runtime path of "/home/jzt/nb_arm_ws/install/arm_msgs/lib/libarm_msgs__rosidl_typesupport_fastrtps_c.so" to ""
[3.842s] -- Installing: /home/jzt/nb_arm_ws/install/arm_msgs/lib/libarm_msgs__rosidl_typesupport_introspection_c.so
[3.842s] -- Set non-toolchain portion of runtime path of "/home/jzt/nb_arm_ws/install/arm_msgs/lib/libarm_msgs__rosidl_typesupport_introspection_c.so" to ""
[3.842s] -- Installing: /home/jzt/nb_arm_ws/install/arm_msgs/lib/libarm_msgs__rosidl_typesupport_c.so
[3.843s] -- Set non-toolchain portion of runtime path of "/home/jzt/nb_arm_ws/install/arm_msgs/lib/libarm_msgs__rosidl_typesupport_c.so" to ""
[3.843s] -- Installing: /home/jzt/nb_arm_ws/install/arm_msgs/lib/libarm_msgs__rosidl_typesupport_fastrtps_cpp.so
[3.844s] -- Set non-toolchain portion of runtime path of "/home/jzt/nb_arm_ws/install/arm_msgs/lib/libarm_msgs__rosidl_typesupport_fastrtps_cpp.so" to ""
[3.844s] -- Installing: /home/jzt/nb_arm_ws/install/arm_msgs/lib/libarm_msgs__rosidl_typesupport_introspection_cpp.so
[3.845s] -- Set non-toolchain portion of runtime path of "/home/jzt/nb_arm_ws/install/arm_msgs/lib/libarm_msgs__rosidl_typesupport_introspection_cpp.so" to ""
[3.845s] -- Installing: /home/jzt/nb_arm_ws/install/arm_msgs/lib/libarm_msgs__rosidl_typesupport_cpp.so
[3.845s] -- Set non-toolchain portion of runtime path of "/home/jzt/nb_arm_ws/install/arm_msgs/lib/libarm_msgs__rosidl_typesupport_cpp.so" to ""
[3.868s] Listing '/home/jzt/nb_arm_ws/install/arm_msgs/local/lib/python3.10/dist-packages/arm_msgs'...
[3.868s] Compiling '/home/jzt/nb_arm_ws/install/arm_msgs/local/lib/python3.10/dist-packages/arm_msgs/__init__.py'...
[3.868s] Listing '/home/jzt/nb_arm_ws/install/arm_msgs/local/lib/python3.10/dist-packages/arm_msgs/msg'...
[3.868s] Compiling '/home/jzt/nb_arm_ws/install/arm_msgs/local/lib/python3.10/dist-packages/arm_msgs/msg/__init__.py'...
[3.868s] Compiling '/home/jzt/nb_arm_ws/install/arm_msgs/local/lib/python3.10/dist-packages/arm_msgs/msg/_motor_command.py'...
[3.869s] Compiling '/home/jzt/nb_arm_ws/install/arm_msgs/local/lib/python3.10/dist-packages/arm_msgs/msg/_motor_mit_cmd_tau.py'...
[3.869s] Compiling '/home/jzt/nb_arm_ws/install/arm_msgs/local/lib/python3.10/dist-packages/arm_msgs/msg/_motor_state.py'...
[3.869s] Compiling '/home/jzt/nb_arm_ws/install/arm_msgs/local/lib/python3.10/dist-packages/arm_msgs/msg/_robot_command.py'...
[3.869s] Compiling '/home/jzt/nb_arm_ws/install/arm_msgs/local/lib/python3.10/dist-packages/arm_msgs/msg/_robot_mit_cmd_tau.py'...
[3.869s] Compiling '/home/jzt/nb_arm_ws/install/arm_msgs/local/lib/python3.10/dist-packages/arm_msgs/msg/_robot_state.py'...
[3.871s] -- Installing: /home/jzt/nb_arm_ws/install/arm_msgs/lib/libarm_msgs__rosidl_generator_py.so
[3.871s] -- Set non-toolchain portion of runtime path of "/home/jzt/nb_arm_ws/install/arm_msgs/lib/libarm_msgs__rosidl_generator_py.so" to ""
[3.871s] -- Installing: /home/jzt/nb_arm_ws/install/arm_msgs/share/arm_msgs/cmake/export_arm_msgs__rosidl_generator_cExport.cmake
[3.871s] -- Installing: /home/jzt/nb_arm_ws/install/arm_msgs/share/arm_msgs/cmake/export_arm_msgs__rosidl_generator_cExport-noconfig.cmake
[3.872s] -- Installing: /home/jzt/nb_arm_ws/install/arm_msgs/share/arm_msgs/cmake/export_arm_msgs__rosidl_typesupport_fastrtps_cExport.cmake
[3.872s] -- Installing: /home/jzt/nb_arm_ws/install/arm_msgs/share/arm_msgs/cmake/export_arm_msgs__rosidl_typesupport_fastrtps_cExport-noconfig.cmake
[3.872s] -- Installing: /home/jzt/nb_arm_ws/install/arm_msgs/share/arm_msgs/cmake/arm_msgs__rosidl_typesupport_introspection_cExport.cmake
[3.872s] -- Installing: /home/jzt/nb_arm_ws/install/arm_msgs/share/arm_msgs/cmake/arm_msgs__rosidl_typesupport_introspection_cExport-noconfig.cmake
[3.872s] -- Installing: /home/jzt/nb_arm_ws/install/arm_msgs/share/arm_msgs/cmake/arm_msgs__rosidl_typesupport_cExport.cmake
[3.872s] -- Installing: /home/jzt/nb_arm_ws/install/arm_msgs/share/arm_msgs/cmake/arm_msgs__rosidl_typesupport_cExport-noconfig.cmake
[3.872s] -- Installing: /home/jzt/nb_arm_ws/install/arm_msgs/share/arm_msgs/cmake/export_arm_msgs__rosidl_generator_cppExport.cmake
[3.872s] -- Installing: /home/jzt/nb_arm_ws/install/arm_msgs/share/arm_msgs/cmake/export_arm_msgs__rosidl_typesupport_fastrtps_cppExport.cmake
[3.872s] -- Installing: /home/jzt/nb_arm_ws/install/arm_msgs/share/arm_msgs/cmake/export_arm_msgs__rosidl_typesupport_fastrtps_cppExport-noconfig.cmake
[3.872s] -- Installing: /home/jzt/nb_arm_ws/install/arm_msgs/share/arm_msgs/cmake/arm_msgs__rosidl_typesupport_introspection_cppExport.cmake
[3.873s] -- Installing: /home/jzt/nb_arm_ws/install/arm_msgs/share/arm_msgs/cmake/arm_msgs__rosidl_typesupport_introspection_cppExport-noconfig.cmake
[3.873s] -- Installing: /home/jzt/nb_arm_ws/install/arm_msgs/share/arm_msgs/cmake/arm_msgs__rosidl_typesupport_cppExport.cmake
[3.873s] -- Installing: /home/jzt/nb_arm_ws/install/arm_msgs/share/arm_msgs/cmake/arm_msgs__rosidl_typesupport_cppExport-noconfig.cmake
[3.873s] -- Installing: /home/jzt/nb_arm_ws/install/arm_msgs/share/arm_msgs/cmake/export_arm_msgs__rosidl_generator_pyExport.cmake
[3.873s] -- Installing: /home/jzt/nb_arm_ws/install/arm_msgs/share/arm_msgs/cmake/export_arm_msgs__rosidl_generator_pyExport-noconfig.cmake
[3.874s] Invoked command in '/home/jzt/nb_arm_ws/build/arm_msgs' returned '0': CMAKE_PREFIX_PATH=${CMAKE_PREFIX_PATH}:/home/jzt/moveit2_ws/install/moveit_configs_utils:/home/jzt/moveit2_ws/install/launch_param_builder:/opt/ros/humble /usr/local/bin/cmake --install /home/jzt/nb_arm_ws/build/arm_msgs
