[  1%] Built target arm_msgs__cpp
[ 12%] Built target arm_msgs__rosidl_generator_c
[ 12%] Built target ament_cmake_python_symlink_arm_msgs
[ 23%] Built target arm_msgs__rosidl_typesupport_c
[ 35%] Built target arm_msgs__rosidl_typesupport_introspection_c
[ 46%] Built target arm_msgs__rosidl_typesupport_cpp
[ 57%] Built target arm_msgs__rosidl_typesupport_fastrtps_c
[ 69%] Built target arm_msgs__rosidl_typesupport_introspection_cpp
[ 80%] Built target arm_msgs__rosidl_typesupport_fastrtps_cpp
[ 80%] Built target arm_msgs
[ 81%] Built target arm_msgs__py
[ 91%] Built target arm_msgs__rosidl_generator_py
[100%] Built target arm_msgs__rosidl_typesupport_c__pyext
[100%] Built target arm_msgs__rosidl_typesupport_fastrtps_c__pyext
[100%] Built target arm_msgs__rosidl_typesupport_introspection_c__pyext
running egg_info
writing arm_msgs.egg-info/PKG-INFO
writing dependency_links to arm_msgs.egg-info/dependency_links.txt
writing top-level names to arm_msgs.egg-info/top_level.txt
reading manifest file 'arm_msgs.egg-info/SOURCES.txt'
writing manifest file 'arm_msgs.egg-info/SOURCES.txt'
[100%] Built target ament_cmake_python_build_arm_msgs_egg
-- Install configuration: ""
-- Execute custom install script
-- Up-to-date symlink: /home/jzt/nb_arm_ws/install/arm_msgs/share/ament_index/resource_index/rosidl_interfaces/arm_msgs
-- Up-to-date symlink: /home/jzt/nb_arm_ws/install/arm_msgs/include/arm_msgs/arm_msgs/msg/detail/motor_command__functions.h
-- Up-to-date symlink: /home/jzt/nb_arm_ws/install/arm_msgs/include/arm_msgs/arm_msgs/msg/detail/motor_command__struct.h
-- Up-to-date symlink: /home/jzt/nb_arm_ws/install/arm_msgs/include/arm_msgs/arm_msgs/msg/detail/motor_command__type_support.h
-- Up-to-date symlink: /home/jzt/nb_arm_ws/install/arm_msgs/include/arm_msgs/arm_msgs/msg/detail/motor_mit_cmd_tau__functions.h
-- Up-to-date symlink: /home/jzt/nb_arm_ws/install/arm_msgs/include/arm_msgs/arm_msgs/msg/detail/motor_mit_cmd_tau__struct.h
-- Up-to-date symlink: /home/jzt/nb_arm_ws/install/arm_msgs/include/arm_msgs/arm_msgs/msg/detail/motor_mit_cmd_tau__type_support.h
-- Up-to-date symlink: /home/jzt/nb_arm_ws/install/arm_msgs/include/arm_msgs/arm_msgs/msg/detail/motor_state__functions.h
-- Up-to-date symlink: /home/jzt/nb_arm_ws/install/arm_msgs/include/arm_msgs/arm_msgs/msg/detail/motor_state__struct.h
-- Up-to-date symlink: /home/jzt/nb_arm_ws/install/arm_msgs/include/arm_msgs/arm_msgs/msg/detail/motor_state__type_support.h
-- Up-to-date symlink: /home/jzt/nb_arm_ws/install/arm_msgs/include/arm_msgs/arm_msgs/msg/detail/robot_command__functions.h
-- Up-to-date symlink: /home/jzt/nb_arm_ws/install/arm_msgs/include/arm_msgs/arm_msgs/msg/detail/robot_command__struct.h
-- Up-to-date symlink: /home/jzt/nb_arm_ws/install/arm_msgs/include/arm_msgs/arm_msgs/msg/detail/robot_command__type_support.h
-- Up-to-date symlink: /home/jzt/nb_arm_ws/install/arm_msgs/include/arm_msgs/arm_msgs/msg/detail/robot_mit_cmd_tau__functions.h
-- Up-to-date symlink: /home/jzt/nb_arm_ws/install/arm_msgs/include/arm_msgs/arm_msgs/msg/detail/robot_mit_cmd_tau__struct.h
-- Up-to-date symlink: /home/jzt/nb_arm_ws/install/arm_msgs/include/arm_msgs/arm_msgs/msg/detail/robot_mit_cmd_tau__type_support.h
-- Up-to-date symlink: /home/jzt/nb_arm_ws/install/arm_msgs/include/arm_msgs/arm_msgs/msg/detail/robot_state__functions.h
-- Up-to-date symlink: /home/jzt/nb_arm_ws/install/arm_msgs/include/arm_msgs/arm_msgs/msg/detail/robot_state__struct.h
-- Up-to-date symlink: /home/jzt/nb_arm_ws/install/arm_msgs/include/arm_msgs/arm_msgs/msg/detail/robot_state__type_support.h
-- Up-to-date symlink: /home/jzt/nb_arm_ws/install/arm_msgs/include/arm_msgs/arm_msgs/msg/motor_command.h
-- Up-to-date symlink: /home/jzt/nb_arm_ws/install/arm_msgs/include/arm_msgs/arm_msgs/msg/motor_mit_cmd_tau.h
-- Up-to-date symlink: /home/jzt/nb_arm_ws/install/arm_msgs/include/arm_msgs/arm_msgs/msg/motor_state.h
-- Up-to-date symlink: /home/jzt/nb_arm_ws/install/arm_msgs/include/arm_msgs/arm_msgs/msg/robot_command.h
-- Up-to-date symlink: /home/jzt/nb_arm_ws/install/arm_msgs/include/arm_msgs/arm_msgs/msg/robot_mit_cmd_tau.h
-- Up-to-date symlink: /home/jzt/nb_arm_ws/install/arm_msgs/include/arm_msgs/arm_msgs/msg/robot_state.h
-- Up-to-date symlink: /home/jzt/nb_arm_ws/install/arm_msgs/include/arm_msgs/arm_msgs/msg/rosidl_generator_c__visibility_control.h
-- Up-to-date symlink: /home/jzt/nb_arm_ws/install/arm_msgs/share/arm_msgs/environment/library_path.sh
-- Up-to-date symlink: /home/jzt/nb_arm_ws/install/arm_msgs/share/arm_msgs/environment/library_path.dsv
-- Up-to-date symlink: /home/jzt/nb_arm_ws/install/arm_msgs/include/arm_msgs/arm_msgs/msg/detail/motor_command__rosidl_typesupport_fastrtps_c.h
-- Up-to-date symlink: /home/jzt/nb_arm_ws/install/arm_msgs/include/arm_msgs/arm_msgs/msg/detail/motor_mit_cmd_tau__rosidl_typesupport_fastrtps_c.h
-- Up-to-date symlink: /home/jzt/nb_arm_ws/install/arm_msgs/include/arm_msgs/arm_msgs/msg/detail/motor_state__rosidl_typesupport_fastrtps_c.h
-- Up-to-date symlink: /home/jzt/nb_arm_ws/install/arm_msgs/include/arm_msgs/arm_msgs/msg/detail/robot_command__rosidl_typesupport_fastrtps_c.h
-- Up-to-date symlink: /home/jzt/nb_arm_ws/install/arm_msgs/include/arm_msgs/arm_msgs/msg/detail/robot_mit_cmd_tau__rosidl_typesupport_fastrtps_c.h
-- Up-to-date symlink: /home/jzt/nb_arm_ws/install/arm_msgs/include/arm_msgs/arm_msgs/msg/detail/robot_state__rosidl_typesupport_fastrtps_c.h
-- Up-to-date symlink: /home/jzt/nb_arm_ws/install/arm_msgs/include/arm_msgs/arm_msgs/msg/rosidl_typesupport_fastrtps_c__visibility_control.h
-- Up-to-date symlink: /home/jzt/nb_arm_ws/install/arm_msgs/include/arm_msgs/arm_msgs/msg/detail/motor_command__rosidl_typesupport_introspection_c.h
-- Up-to-date symlink: /home/jzt/nb_arm_ws/install/arm_msgs/include/arm_msgs/arm_msgs/msg/detail/motor_mit_cmd_tau__rosidl_typesupport_introspection_c.h
-- Up-to-date symlink: /home/jzt/nb_arm_ws/install/arm_msgs/include/arm_msgs/arm_msgs/msg/detail/motor_state__rosidl_typesupport_introspection_c.h
-- Up-to-date symlink: /home/jzt/nb_arm_ws/install/arm_msgs/include/arm_msgs/arm_msgs/msg/detail/robot_command__rosidl_typesupport_introspection_c.h
-- Up-to-date symlink: /home/jzt/nb_arm_ws/install/arm_msgs/include/arm_msgs/arm_msgs/msg/detail/robot_mit_cmd_tau__rosidl_typesupport_introspection_c.h
-- Up-to-date symlink: /home/jzt/nb_arm_ws/install/arm_msgs/include/arm_msgs/arm_msgs/msg/detail/robot_state__rosidl_typesupport_introspection_c.h
-- Up-to-date symlink: /home/jzt/nb_arm_ws/install/arm_msgs/include/arm_msgs/arm_msgs/msg/rosidl_typesupport_introspection_c__visibility_control.h
-- Up-to-date symlink: /home/jzt/nb_arm_ws/install/arm_msgs/include/arm_msgs/arm_msgs/msg/detail/motor_command__builder.hpp
-- Up-to-date symlink: /home/jzt/nb_arm_ws/install/arm_msgs/include/arm_msgs/arm_msgs/msg/detail/motor_command__struct.hpp
-- Up-to-date symlink: /home/jzt/nb_arm_ws/install/arm_msgs/include/arm_msgs/arm_msgs/msg/detail/motor_command__traits.hpp
-- Up-to-date symlink: /home/jzt/nb_arm_ws/install/arm_msgs/include/arm_msgs/arm_msgs/msg/detail/motor_command__type_support.hpp
-- Up-to-date symlink: /home/jzt/nb_arm_ws/install/arm_msgs/include/arm_msgs/arm_msgs/msg/detail/motor_mit_cmd_tau__builder.hpp
-- Up-to-date symlink: /home/jzt/nb_arm_ws/install/arm_msgs/include/arm_msgs/arm_msgs/msg/detail/motor_mit_cmd_tau__struct.hpp
-- Up-to-date symlink: /home/jzt/nb_arm_ws/install/arm_msgs/include/arm_msgs/arm_msgs/msg/detail/motor_mit_cmd_tau__traits.hpp
-- Up-to-date symlink: /home/jzt/nb_arm_ws/install/arm_msgs/include/arm_msgs/arm_msgs/msg/detail/motor_mit_cmd_tau__type_support.hpp
-- Up-to-date symlink: /home/jzt/nb_arm_ws/install/arm_msgs/include/arm_msgs/arm_msgs/msg/detail/motor_state__builder.hpp
-- Up-to-date symlink: /home/jzt/nb_arm_ws/install/arm_msgs/include/arm_msgs/arm_msgs/msg/detail/motor_state__struct.hpp
-- Up-to-date symlink: /home/jzt/nb_arm_ws/install/arm_msgs/include/arm_msgs/arm_msgs/msg/detail/motor_state__traits.hpp
-- Up-to-date symlink: /home/jzt/nb_arm_ws/install/arm_msgs/include/arm_msgs/arm_msgs/msg/detail/motor_state__type_support.hpp
-- Up-to-date symlink: /home/jzt/nb_arm_ws/install/arm_msgs/include/arm_msgs/arm_msgs/msg/detail/robot_command__builder.hpp
-- Up-to-date symlink: /home/jzt/nb_arm_ws/install/arm_msgs/include/arm_msgs/arm_msgs/msg/detail/robot_command__struct.hpp
-- Up-to-date symlink: /home/jzt/nb_arm_ws/install/arm_msgs/include/arm_msgs/arm_msgs/msg/detail/robot_command__traits.hpp
-- Up-to-date symlink: /home/jzt/nb_arm_ws/install/arm_msgs/include/arm_msgs/arm_msgs/msg/detail/robot_command__type_support.hpp
-- Up-to-date symlink: /home/jzt/nb_arm_ws/install/arm_msgs/include/arm_msgs/arm_msgs/msg/detail/robot_mit_cmd_tau__builder.hpp
-- Up-to-date symlink: /home/jzt/nb_arm_ws/install/arm_msgs/include/arm_msgs/arm_msgs/msg/detail/robot_mit_cmd_tau__struct.hpp
-- Up-to-date symlink: /home/jzt/nb_arm_ws/install/arm_msgs/include/arm_msgs/arm_msgs/msg/detail/robot_mit_cmd_tau__traits.hpp
-- Up-to-date symlink: /home/jzt/nb_arm_ws/install/arm_msgs/include/arm_msgs/arm_msgs/msg/detail/robot_mit_cmd_tau__type_support.hpp
-- Up-to-date symlink: /home/jzt/nb_arm_ws/install/arm_msgs/include/arm_msgs/arm_msgs/msg/detail/robot_state__builder.hpp
-- Up-to-date symlink: /home/jzt/nb_arm_ws/install/arm_msgs/include/arm_msgs/arm_msgs/msg/detail/robot_state__struct.hpp
-- Up-to-date symlink: /home/jzt/nb_arm_ws/install/arm_msgs/include/arm_msgs/arm_msgs/msg/detail/robot_state__traits.hpp
-- Up-to-date symlink: /home/jzt/nb_arm_ws/install/arm_msgs/include/arm_msgs/arm_msgs/msg/detail/robot_state__type_support.hpp
-- Up-to-date symlink: /home/jzt/nb_arm_ws/install/arm_msgs/include/arm_msgs/arm_msgs/msg/motor_command.hpp
-- Up-to-date symlink: /home/jzt/nb_arm_ws/install/arm_msgs/include/arm_msgs/arm_msgs/msg/motor_mit_cmd_tau.hpp
-- Up-to-date symlink: /home/jzt/nb_arm_ws/install/arm_msgs/include/arm_msgs/arm_msgs/msg/motor_state.hpp
-- Up-to-date symlink: /home/jzt/nb_arm_ws/install/arm_msgs/include/arm_msgs/arm_msgs/msg/robot_command.hpp
-- Up-to-date symlink: /home/jzt/nb_arm_ws/install/arm_msgs/include/arm_msgs/arm_msgs/msg/robot_mit_cmd_tau.hpp
-- Up-to-date symlink: /home/jzt/nb_arm_ws/install/arm_msgs/include/arm_msgs/arm_msgs/msg/robot_state.hpp
-- Up-to-date symlink: /home/jzt/nb_arm_ws/install/arm_msgs/include/arm_msgs/arm_msgs/msg/rosidl_generator_cpp__visibility_control.hpp
-- Up-to-date symlink: /home/jzt/nb_arm_ws/install/arm_msgs/include/arm_msgs/arm_msgs/msg/detail/motor_command__rosidl_typesupport_fastrtps_cpp.hpp
-- Up-to-date symlink: /home/jzt/nb_arm_ws/install/arm_msgs/include/arm_msgs/arm_msgs/msg/detail/motor_mit_cmd_tau__rosidl_typesupport_fastrtps_cpp.hpp
-- Up-to-date symlink: /home/jzt/nb_arm_ws/install/arm_msgs/include/arm_msgs/arm_msgs/msg/detail/motor_state__rosidl_typesupport_fastrtps_cpp.hpp
-- Up-to-date symlink: /home/jzt/nb_arm_ws/install/arm_msgs/include/arm_msgs/arm_msgs/msg/detail/robot_command__rosidl_typesupport_fastrtps_cpp.hpp
-- Up-to-date symlink: /home/jzt/nb_arm_ws/install/arm_msgs/include/arm_msgs/arm_msgs/msg/detail/robot_mit_cmd_tau__rosidl_typesupport_fastrtps_cpp.hpp
-- Up-to-date symlink: /home/jzt/nb_arm_ws/install/arm_msgs/include/arm_msgs/arm_msgs/msg/detail/robot_state__rosidl_typesupport_fastrtps_cpp.hpp
-- Up-to-date symlink: /home/jzt/nb_arm_ws/install/arm_msgs/include/arm_msgs/arm_msgs/msg/rosidl_typesupport_fastrtps_cpp__visibility_control.h
-- Up-to-date symlink: /home/jzt/nb_arm_ws/install/arm_msgs/include/arm_msgs/arm_msgs/msg/detail/motor_command__rosidl_typesupport_introspection_cpp.hpp
-- Up-to-date symlink: /home/jzt/nb_arm_ws/install/arm_msgs/include/arm_msgs/arm_msgs/msg/detail/motor_mit_cmd_tau__rosidl_typesupport_introspection_cpp.hpp
-- Up-to-date symlink: /home/jzt/nb_arm_ws/install/arm_msgs/include/arm_msgs/arm_msgs/msg/detail/motor_state__rosidl_typesupport_introspection_cpp.hpp
-- Up-to-date symlink: /home/jzt/nb_arm_ws/install/arm_msgs/include/arm_msgs/arm_msgs/msg/detail/robot_command__rosidl_typesupport_introspection_cpp.hpp
-- Up-to-date symlink: /home/jzt/nb_arm_ws/install/arm_msgs/include/arm_msgs/arm_msgs/msg/detail/robot_mit_cmd_tau__rosidl_typesupport_introspection_cpp.hpp
-- Up-to-date symlink: /home/jzt/nb_arm_ws/install/arm_msgs/include/arm_msgs/arm_msgs/msg/detail/robot_state__rosidl_typesupport_introspection_cpp.hpp
-- Up-to-date symlink: /home/jzt/nb_arm_ws/install/arm_msgs/share/arm_msgs/environment/pythonpath.sh
-- Up-to-date symlink: /home/jzt/nb_arm_ws/install/arm_msgs/share/arm_msgs/environment/pythonpath.dsv
-- Up-to-date symlink: /home/jzt/nb_arm_ws/install/arm_msgs/local/lib/python3.10/dist-packages/arm_msgs-0.0.0-py3.10.egg-info/PKG-INFO
-- Up-to-date symlink: /home/jzt/nb_arm_ws/install/arm_msgs/local/lib/python3.10/dist-packages/arm_msgs-0.0.0-py3.10.egg-info/SOURCES.txt
-- Up-to-date symlink: /home/jzt/nb_arm_ws/install/arm_msgs/local/lib/python3.10/dist-packages/arm_msgs-0.0.0-py3.10.egg-info/dependency_links.txt
-- Up-to-date symlink: /home/jzt/nb_arm_ws/install/arm_msgs/local/lib/python3.10/dist-packages/arm_msgs-0.0.0-py3.10.egg-info/top_level.txt
-- Up-to-date symlink: /home/jzt/nb_arm_ws/install/arm_msgs/local/lib/python3.10/dist-packages/arm_msgs/__init__.py
-- Up-to-date symlink: /home/jzt/nb_arm_ws/install/arm_msgs/local/lib/python3.10/dist-packages/arm_msgs/_arm_msgs_s.ep.rosidl_typesupport_c.c
-- Up-to-date symlink: /home/jzt/nb_arm_ws/install/arm_msgs/local/lib/python3.10/dist-packages/arm_msgs/_arm_msgs_s.ep.rosidl_typesupport_fastrtps_c.c
-- Up-to-date symlink: /home/jzt/nb_arm_ws/install/arm_msgs/local/lib/python3.10/dist-packages/arm_msgs/_arm_msgs_s.ep.rosidl_typesupport_introspection_c.c
-- Up-to-date symlink: /home/jzt/nb_arm_ws/install/arm_msgs/local/lib/python3.10/dist-packages/arm_msgs/arm_msgs_s__rosidl_typesupport_c.cpython-310-x86_64-linux-gnu.so
-- Up-to-date symlink: /home/jzt/nb_arm_ws/install/arm_msgs/local/lib/python3.10/dist-packages/arm_msgs/arm_msgs_s__rosidl_typesupport_fastrtps_c.cpython-310-x86_64-linux-gnu.so
-- Up-to-date symlink: /home/jzt/nb_arm_ws/install/arm_msgs/local/lib/python3.10/dist-packages/arm_msgs/arm_msgs_s__rosidl_typesupport_introspection_c.cpython-310-x86_64-linux-gnu.so
-- Up-to-date symlink: /home/jzt/nb_arm_ws/install/arm_msgs/local/lib/python3.10/dist-packages/arm_msgs/libarm_msgs__rosidl_generator_py.so
-- Up-to-date symlink: /home/jzt/nb_arm_ws/install/arm_msgs/local/lib/python3.10/dist-packages/arm_msgs/msg/__init__.py
-- Up-to-date symlink: /home/jzt/nb_arm_ws/install/arm_msgs/local/lib/python3.10/dist-packages/arm_msgs/msg/_motor_command.py
-- Up-to-date symlink: /home/jzt/nb_arm_ws/install/arm_msgs/local/lib/python3.10/dist-packages/arm_msgs/msg/_motor_command_s.c
-- Up-to-date symlink: /home/jzt/nb_arm_ws/install/arm_msgs/local/lib/python3.10/dist-packages/arm_msgs/msg/_motor_mit_cmd_tau.py
-- Up-to-date symlink: /home/jzt/nb_arm_ws/install/arm_msgs/local/lib/python3.10/dist-packages/arm_msgs/msg/_motor_mit_cmd_tau_s.c
-- Up-to-date symlink: /home/jzt/nb_arm_ws/install/arm_msgs/local/lib/python3.10/dist-packages/arm_msgs/msg/_motor_state.py
-- Up-to-date symlink: /home/jzt/nb_arm_ws/install/arm_msgs/local/lib/python3.10/dist-packages/arm_msgs/msg/_motor_state_s.c
-- Up-to-date symlink: /home/jzt/nb_arm_ws/install/arm_msgs/local/lib/python3.10/dist-packages/arm_msgs/msg/_robot_command.py
-- Up-to-date symlink: /home/jzt/nb_arm_ws/install/arm_msgs/local/lib/python3.10/dist-packages/arm_msgs/msg/_robot_command_s.c
-- Up-to-date symlink: /home/jzt/nb_arm_ws/install/arm_msgs/local/lib/python3.10/dist-packages/arm_msgs/msg/_robot_mit_cmd_tau.py
-- Up-to-date symlink: /home/jzt/nb_arm_ws/install/arm_msgs/local/lib/python3.10/dist-packages/arm_msgs/msg/_robot_mit_cmd_tau_s.c
-- Up-to-date symlink: /home/jzt/nb_arm_ws/install/arm_msgs/local/lib/python3.10/dist-packages/arm_msgs/msg/_robot_state.py
-- Up-to-date symlink: /home/jzt/nb_arm_ws/install/arm_msgs/local/lib/python3.10/dist-packages/arm_msgs/msg/_robot_state_s.c
-- Up-to-date symlink: /home/jzt/nb_arm_ws/install/arm_msgs/local/lib/python3.10/dist-packages/arm_msgs/arm_msgs_s__rosidl_typesupport_fastrtps_c.cpython-310-x86_64-linux-gnu.so
-- Up-to-date symlink: /home/jzt/nb_arm_ws/install/arm_msgs/local/lib/python3.10/dist-packages/arm_msgs/arm_msgs_s__rosidl_typesupport_introspection_c.cpython-310-x86_64-linux-gnu.so
-- Up-to-date symlink: /home/jzt/nb_arm_ws/install/arm_msgs/local/lib/python3.10/dist-packages/arm_msgs/arm_msgs_s__rosidl_typesupport_c.cpython-310-x86_64-linux-gnu.so
-- Up-to-date symlink: /home/jzt/nb_arm_ws/install/arm_msgs/share/arm_msgs/msg/MotorCommand.idl
-- Up-to-date symlink: /home/jzt/nb_arm_ws/install/arm_msgs/share/arm_msgs/msg/MotorState.idl
-- Up-to-date symlink: /home/jzt/nb_arm_ws/install/arm_msgs/share/arm_msgs/msg/RobotCommand.idl
-- Up-to-date symlink: /home/jzt/nb_arm_ws/install/arm_msgs/share/arm_msgs/msg/RobotState.idl
-- Up-to-date symlink: /home/jzt/nb_arm_ws/install/arm_msgs/share/arm_msgs/msg/MotorMitCmdTau.idl
-- Up-to-date symlink: /home/jzt/nb_arm_ws/install/arm_msgs/share/arm_msgs/msg/RobotMitCmdTau.idl
-- Up-to-date symlink: /home/jzt/nb_arm_ws/install/arm_msgs/share/arm_msgs/msg/MotorCommand.msg
-- Up-to-date symlink: /home/jzt/nb_arm_ws/install/arm_msgs/share/arm_msgs/msg/MotorState.msg
-- Up-to-date symlink: /home/jzt/nb_arm_ws/install/arm_msgs/share/arm_msgs/msg/RobotCommand.msg
-- Up-to-date symlink: /home/jzt/nb_arm_ws/install/arm_msgs/share/arm_msgs/msg/RobotState.msg
-- Up-to-date symlink: /home/jzt/nb_arm_ws/install/arm_msgs/share/arm_msgs/msg/MotorMitCmdTau.msg
-- Up-to-date symlink: /home/jzt/nb_arm_ws/install/arm_msgs/share/arm_msgs/msg/RobotMitCmdTau.msg
-- Up-to-date symlink: /home/jzt/nb_arm_ws/install/arm_msgs/share/ament_index/resource_index/package_run_dependencies/arm_msgs
-- Up-to-date symlink: /home/jzt/nb_arm_ws/install/arm_msgs/share/ament_index/resource_index/parent_prefix_path/arm_msgs
-- Up-to-date symlink: /home/jzt/nb_arm_ws/install/arm_msgs/share/arm_msgs/environment/ament_prefix_path.sh
-- Up-to-date symlink: /home/jzt/nb_arm_ws/install/arm_msgs/share/arm_msgs/environment/ament_prefix_path.dsv
-- Up-to-date symlink: /home/jzt/nb_arm_ws/install/arm_msgs/share/arm_msgs/environment/path.sh
-- Up-to-date symlink: /home/jzt/nb_arm_ws/install/arm_msgs/share/arm_msgs/environment/path.dsv
-- Up-to-date symlink: /home/jzt/nb_arm_ws/install/arm_msgs/share/arm_msgs/local_setup.bash
-- Up-to-date symlink: /home/jzt/nb_arm_ws/install/arm_msgs/share/arm_msgs/local_setup.sh
-- Up-to-date symlink: /home/jzt/nb_arm_ws/install/arm_msgs/share/arm_msgs/local_setup.zsh
-- Up-to-date symlink: /home/jzt/nb_arm_ws/install/arm_msgs/share/arm_msgs/local_setup.dsv
-- Symlinking: /home/jzt/nb_arm_ws/install/arm_msgs/share/arm_msgs/package.dsv
-- Up-to-date symlink: /home/jzt/nb_arm_ws/install/arm_msgs/share/ament_index/resource_index/packages/arm_msgs
-- Up-to-date symlink: /home/jzt/nb_arm_ws/install/arm_msgs/share/arm_msgs/cmake/rosidl_cmake-extras.cmake
-- Up-to-date symlink: /home/jzt/nb_arm_ws/install/arm_msgs/share/arm_msgs/cmake/ament_cmake_export_dependencies-extras.cmake
-- Up-to-date symlink: /home/jzt/nb_arm_ws/install/arm_msgs/share/arm_msgs/cmake/ament_cmake_export_include_directories-extras.cmake
-- Up-to-date symlink: /home/jzt/nb_arm_ws/install/arm_msgs/share/arm_msgs/cmake/ament_cmake_export_libraries-extras.cmake
-- Up-to-date symlink: /home/jzt/nb_arm_ws/install/arm_msgs/share/arm_msgs/cmake/ament_cmake_export_targets-extras.cmake
-- Up-to-date symlink: /home/jzt/nb_arm_ws/install/arm_msgs/share/arm_msgs/cmake/rosidl_cmake_export_typesupport_targets-extras.cmake
-- Up-to-date symlink: /home/jzt/nb_arm_ws/install/arm_msgs/share/arm_msgs/cmake/rosidl_cmake_export_typesupport_libraries-extras.cmake
-- Up-to-date symlink: /home/jzt/nb_arm_ws/install/arm_msgs/share/arm_msgs/cmake/arm_msgsConfig.cmake
-- Up-to-date symlink: /home/jzt/nb_arm_ws/install/arm_msgs/share/arm_msgs/cmake/arm_msgsConfig-version.cmake
-- Up-to-date symlink: /home/jzt/nb_arm_ws/install/arm_msgs/share/arm_msgs/package.xml
-- Up-to-date: /home/jzt/nb_arm_ws/install/arm_msgs/lib/libarm_msgs__rosidl_generator_c.so
-- Up-to-date: /home/jzt/nb_arm_ws/install/arm_msgs/lib/libarm_msgs__rosidl_typesupport_fastrtps_c.so
-- Up-to-date: /home/jzt/nb_arm_ws/install/arm_msgs/lib/libarm_msgs__rosidl_typesupport_introspection_c.so
-- Up-to-date: /home/jzt/nb_arm_ws/install/arm_msgs/lib/libarm_msgs__rosidl_typesupport_c.so
-- Up-to-date: /home/jzt/nb_arm_ws/install/arm_msgs/lib/libarm_msgs__rosidl_typesupport_fastrtps_cpp.so
-- Up-to-date: /home/jzt/nb_arm_ws/install/arm_msgs/lib/libarm_msgs__rosidl_typesupport_introspection_cpp.so
-- Up-to-date: /home/jzt/nb_arm_ws/install/arm_msgs/lib/libarm_msgs__rosidl_typesupport_cpp.so
Listing '/home/jzt/nb_arm_ws/install/arm_msgs/local/lib/python3.10/dist-packages/arm_msgs'...
Listing '/home/jzt/nb_arm_ws/install/arm_msgs/local/lib/python3.10/dist-packages/arm_msgs/msg'...
-- Up-to-date: /home/jzt/nb_arm_ws/install/arm_msgs/lib/libarm_msgs__rosidl_generator_py.so
-- Up-to-date: /home/jzt/nb_arm_ws/install/arm_msgs/share/arm_msgs/cmake/export_arm_msgs__rosidl_generator_cExport.cmake
-- Up-to-date: /home/jzt/nb_arm_ws/install/arm_msgs/share/arm_msgs/cmake/export_arm_msgs__rosidl_generator_cExport-noconfig.cmake
-- Up-to-date: /home/jzt/nb_arm_ws/install/arm_msgs/share/arm_msgs/cmake/export_arm_msgs__rosidl_typesupport_fastrtps_cExport.cmake
-- Up-to-date: /home/jzt/nb_arm_ws/install/arm_msgs/share/arm_msgs/cmake/export_arm_msgs__rosidl_typesupport_fastrtps_cExport-noconfig.cmake
-- Up-to-date: /home/jzt/nb_arm_ws/install/arm_msgs/share/arm_msgs/cmake/arm_msgs__rosidl_typesupport_introspection_cExport.cmake
-- Up-to-date: /home/jzt/nb_arm_ws/install/arm_msgs/share/arm_msgs/cmake/arm_msgs__rosidl_typesupport_introspection_cExport-noconfig.cmake
-- Up-to-date: /home/jzt/nb_arm_ws/install/arm_msgs/share/arm_msgs/cmake/arm_msgs__rosidl_typesupport_cExport.cmake
-- Up-to-date: /home/jzt/nb_arm_ws/install/arm_msgs/share/arm_msgs/cmake/arm_msgs__rosidl_typesupport_cExport-noconfig.cmake
-- Up-to-date: /home/jzt/nb_arm_ws/install/arm_msgs/share/arm_msgs/cmake/export_arm_msgs__rosidl_generator_cppExport.cmake
-- Up-to-date: /home/jzt/nb_arm_ws/install/arm_msgs/share/arm_msgs/cmake/export_arm_msgs__rosidl_typesupport_fastrtps_cppExport.cmake
-- Up-to-date: /home/jzt/nb_arm_ws/install/arm_msgs/share/arm_msgs/cmake/export_arm_msgs__rosidl_typesupport_fastrtps_cppExport-noconfig.cmake
-- Up-to-date: /home/jzt/nb_arm_ws/install/arm_msgs/share/arm_msgs/cmake/arm_msgs__rosidl_typesupport_introspection_cppExport.cmake
-- Up-to-date: /home/jzt/nb_arm_ws/install/arm_msgs/share/arm_msgs/cmake/arm_msgs__rosidl_typesupport_introspection_cppExport-noconfig.cmake
-- Up-to-date: /home/jzt/nb_arm_ws/install/arm_msgs/share/arm_msgs/cmake/arm_msgs__rosidl_typesupport_cppExport.cmake
-- Up-to-date: /home/jzt/nb_arm_ws/install/arm_msgs/share/arm_msgs/cmake/arm_msgs__rosidl_typesupport_cppExport-noconfig.cmake
-- Up-to-date: /home/jzt/nb_arm_ws/install/arm_msgs/share/arm_msgs/cmake/export_arm_msgs__rosidl_generator_pyExport.cmake
-- Up-to-date: /home/jzt/nb_arm_ws/install/arm_msgs/share/arm_msgs/cmake/export_arm_msgs__rosidl_generator_pyExport-noconfig.cmake
