[0.048s] DEBUG:colcon:Command line arguments: ['/usr/bin/colcon', 'build', '--symlink-install']
[0.048s] DEBUG:colcon:Parsed command line arguments: Namespace(log_base=None, log_level=None, verb_name='build', build_base='build', install_base='install', merge_install=False, symlink_install=True, test_result_base=None, continue_on_error=False, executor='parallel', parallel_workers=32, event_handlers=None, ignore_user_meta=False, metas=['./colcon.meta'], base_paths=['.'], packages_ignore=None, packages_ignore_regex=None, paths=None, packages_up_to=None, packages_up_to_regex=None, packages_above=None, packages_above_and_dependencies=None, packages_above_depth=None, packages_select_by_dep=None, packages_skip_by_dep=None, packages_skip_up_to=None, packages_select_build_failed=False, packages_skip_build_finished=False, packages_select_test_failures=False, packages_skip_test_passed=False, packages_select=None, packages_skip=None, packages_select_regex=None, packages_skip_regex=None, packages_start=None, packages_end=None, allow_overriding=[], cmake_args=None, cmake_target=None, cmake_target_skip_unavailable=False, cmake_clean_cache=False, cmake_clean_first=False, cmake_force_configure=False, ament_cmake_args=None, catkin_cmake_args=None, catkin_skip_building_tests=False, verb_parser=<colcon_defaults.argument_parser.defaults.DefaultArgumentsDecorator object at 0x7bf41904afe0>, verb_extension=<colcon_core.verb.build.BuildVerb object at 0x7bf4191803d0>, main=<bound method BuildVerb.main of <colcon_core.verb.build.BuildVerb object at 0x7bf4191803d0>>)
[0.120s] Level 1:colcon.colcon_core.package_discovery:discover_packages(colcon_meta) check parameters
[0.120s] Level 1:colcon.colcon_core.package_discovery:discover_packages(recursive) check parameters
[0.120s] Level 1:colcon.colcon_core.package_discovery:discover_packages(ignore) check parameters
[0.120s] Level 1:colcon.colcon_core.package_discovery:discover_packages(path) check parameters
[0.120s] Level 1:colcon.colcon_core.package_discovery:discover_packages(colcon_meta) discover
[0.120s] Level 1:colcon.colcon_core.package_discovery:discover_packages(recursive) discover
[0.120s] INFO:colcon.colcon_core.package_discovery:Crawling recursively for packages in '/home/jzt/nb_arm_ws'
[0.120s] Level 1:colcon.colcon_core.package_identification:_identify(.) by extensions ['ignore', 'ignore_ament_install']
[0.120s] Level 1:colcon.colcon_core.package_identification:_identify(.) by extension 'ignore'
[0.120s] Level 1:colcon.colcon_core.package_identification:_identify(.) by extension 'ignore_ament_install'
[0.120s] Level 1:colcon.colcon_core.package_identification:_identify(.) by extensions ['colcon_pkg']
[0.120s] Level 1:colcon.colcon_core.package_identification:_identify(.) by extension 'colcon_pkg'
[0.120s] Level 1:colcon.colcon_core.package_identification:_identify(.) by extensions ['colcon_meta']
[0.120s] Level 1:colcon.colcon_core.package_identification:_identify(.) by extension 'colcon_meta'
[0.120s] Level 1:colcon.colcon_core.package_identification:_identify(.) by extensions ['ros']
[0.120s] Level 1:colcon.colcon_core.package_identification:_identify(.) by extension 'ros'
[0.125s] Level 1:colcon.colcon_core.package_identification:_identify(.) by extensions ['cmake', 'python']
[0.125s] Level 1:colcon.colcon_core.package_identification:_identify(.) by extension 'cmake'
[0.125s] Level 1:colcon.colcon_core.package_identification:_identify(.) by extension 'python'
[0.125s] Level 1:colcon.colcon_core.package_identification:_identify(.) by extensions ['python_setup_py']
[0.125s] Level 1:colcon.colcon_core.package_identification:_identify(.) by extension 'python_setup_py'
[0.125s] Level 1:colcon.colcon_core.package_identification:_identify(build) by extensions ['ignore', 'ignore_ament_install']
[0.125s] Level 1:colcon.colcon_core.package_identification:_identify(build) by extension 'ignore'
[0.125s] Level 1:colcon.colcon_core.package_identification:_identify(build) ignored
[0.125s] Level 1:colcon.colcon_core.package_identification:_identify(install) by extensions ['ignore', 'ignore_ament_install']
[0.125s] Level 1:colcon.colcon_core.package_identification:_identify(install) by extension 'ignore'
[0.126s] Level 1:colcon.colcon_core.package_identification:_identify(install) ignored
[0.126s] Level 1:colcon.colcon_core.package_identification:_identify(log) by extensions ['ignore', 'ignore_ament_install']
[0.126s] Level 1:colcon.colcon_core.package_identification:_identify(log) by extension 'ignore'
[0.126s] Level 1:colcon.colcon_core.package_identification:_identify(log) ignored
[0.126s] Level 1:colcon.colcon_core.package_identification:_identify(src) by extensions ['ignore', 'ignore_ament_install']
[0.126s] Level 1:colcon.colcon_core.package_identification:_identify(src) by extension 'ignore'
[0.126s] Level 1:colcon.colcon_core.package_identification:_identify(src) by extension 'ignore_ament_install'
[0.126s] Level 1:colcon.colcon_core.package_identification:_identify(src) by extensions ['colcon_pkg']
[0.126s] Level 1:colcon.colcon_core.package_identification:_identify(src) by extension 'colcon_pkg'
[0.126s] Level 1:colcon.colcon_core.package_identification:_identify(src) by extensions ['colcon_meta']
[0.126s] Level 1:colcon.colcon_core.package_identification:_identify(src) by extension 'colcon_meta'
[0.126s] Level 1:colcon.colcon_core.package_identification:_identify(src) by extensions ['ros']
[0.126s] Level 1:colcon.colcon_core.package_identification:_identify(src) by extension 'ros'
[0.126s] Level 1:colcon.colcon_core.package_identification:_identify(src) by extensions ['cmake', 'python']
[0.126s] Level 1:colcon.colcon_core.package_identification:_identify(src) by extension 'cmake'
[0.126s] Level 1:colcon.colcon_core.package_identification:_identify(src) by extension 'python'
[0.126s] Level 1:colcon.colcon_core.package_identification:_identify(src) by extensions ['python_setup_py']
[0.126s] Level 1:colcon.colcon_core.package_identification:_identify(src) by extension 'python_setup_py'
[0.126s] Level 1:colcon.colcon_core.package_identification:_identify(src/arm_msgs) by extensions ['ignore', 'ignore_ament_install']
[0.126s] Level 1:colcon.colcon_core.package_identification:_identify(src/arm_msgs) by extension 'ignore'
[0.126s] Level 1:colcon.colcon_core.package_identification:_identify(src/arm_msgs) by extension 'ignore_ament_install'
[0.126s] Level 1:colcon.colcon_core.package_identification:_identify(src/arm_msgs) by extensions ['colcon_pkg']
[0.126s] Level 1:colcon.colcon_core.package_identification:_identify(src/arm_msgs) by extension 'colcon_pkg'
[0.126s] Level 1:colcon.colcon_core.package_identification:_identify(src/arm_msgs) by extensions ['colcon_meta']
[0.126s] Level 1:colcon.colcon_core.package_identification:_identify(src/arm_msgs) by extension 'colcon_meta'
[0.126s] Level 1:colcon.colcon_core.package_identification:_identify(src/arm_msgs) by extensions ['ros']
[0.126s] Level 1:colcon.colcon_core.package_identification:_identify(src/arm_msgs) by extension 'ros'
[0.127s] DEBUG:colcon.colcon_core.package_identification:Package 'src/arm_msgs' with type 'ros.ament_cmake' and name 'arm_msgs'
[0.127s] Level 1:colcon.colcon_core.package_identification:_identify(src/nb_arm) by extensions ['ignore', 'ignore_ament_install']
[0.128s] Level 1:colcon.colcon_core.package_identification:_identify(src/nb_arm) by extension 'ignore'
[0.128s] Level 1:colcon.colcon_core.package_identification:_identify(src/nb_arm) by extension 'ignore_ament_install'
[0.128s] Level 1:colcon.colcon_core.package_identification:_identify(src/nb_arm) by extensions ['colcon_pkg']
[0.128s] Level 1:colcon.colcon_core.package_identification:_identify(src/nb_arm) by extension 'colcon_pkg'
[0.128s] Level 1:colcon.colcon_core.package_identification:_identify(src/nb_arm) by extensions ['colcon_meta']
[0.128s] Level 1:colcon.colcon_core.package_identification:_identify(src/nb_arm) by extension 'colcon_meta'
[0.128s] Level 1:colcon.colcon_core.package_identification:_identify(src/nb_arm) by extensions ['ros']
[0.128s] Level 1:colcon.colcon_core.package_identification:_identify(src/nb_arm) by extension 'ros'
[0.128s] DEBUG:colcon.colcon_core.package_identification:Package 'src/nb_arm' with type 'ros.ament_cmake' and name 'nb_arm'
[0.128s] Level 1:colcon.colcon_core.package_discovery:discover_packages(recursive) using defaults
[0.128s] Level 1:colcon.colcon_core.package_discovery:discover_packages(ignore) discover
[0.128s] Level 1:colcon.colcon_core.package_discovery:discover_packages(ignore) using defaults
[0.128s] Level 1:colcon.colcon_core.package_discovery:discover_packages(path) discover
[0.128s] Level 1:colcon.colcon_core.package_discovery:discover_packages(path) using defaults
[0.143s] Level 1:colcon.colcon_core.package_discovery:discover_packages(prefix_path) check parameters
[0.143s] Level 1:colcon.colcon_core.package_discovery:discover_packages(prefix_path) discover
[0.144s] DEBUG:colcon.colcon_installed_package_information.package_discovery:Found 3 installed packages in /home/jzt/fastdds_ws/install
[0.145s] DEBUG:colcon.colcon_installed_package_information.package_discovery:Found 2 installed packages in /home/jzt/elite_robot_ros2/install
[0.145s] DEBUG:colcon.colcon_installed_package_information.package_discovery:Found 56 installed packages in /home/jzt/moveit2_ws/install
[0.146s] DEBUG:colcon.colcon_installed_package_information.package_discovery:Found 420 installed packages in /opt/ros/humble
[0.147s] Level 1:colcon.colcon_core.package_discovery:discover_packages(prefix_path) using defaults
[0.172s] Level 5:colcon.colcon_core.verb:set package 'arm_msgs' build argument 'cmake_args' from command line to 'None'
[0.172s] Level 5:colcon.colcon_core.verb:set package 'arm_msgs' build argument 'cmake_target' from command line to 'None'
[0.172s] Level 5:colcon.colcon_core.verb:set package 'arm_msgs' build argument 'cmake_target_skip_unavailable' from command line to 'False'
[0.172s] Level 5:colcon.colcon_core.verb:set package 'arm_msgs' build argument 'cmake_clean_cache' from command line to 'False'
[0.172s] Level 5:colcon.colcon_core.verb:set package 'arm_msgs' build argument 'cmake_clean_first' from command line to 'False'
[0.172s] Level 5:colcon.colcon_core.verb:set package 'arm_msgs' build argument 'cmake_force_configure' from command line to 'False'
[0.172s] Level 5:colcon.colcon_core.verb:set package 'arm_msgs' build argument 'ament_cmake_args' from command line to 'None'
[0.172s] Level 5:colcon.colcon_core.verb:set package 'arm_msgs' build argument 'catkin_cmake_args' from command line to 'None'
[0.172s] Level 5:colcon.colcon_core.verb:set package 'arm_msgs' build argument 'catkin_skip_building_tests' from command line to 'False'
[0.172s] DEBUG:colcon.colcon_core.verb:Building package 'arm_msgs' with the following arguments: {'ament_cmake_args': None, 'build_base': '/home/jzt/nb_arm_ws/build/arm_msgs', 'catkin_cmake_args': None, 'catkin_skip_building_tests': False, 'cmake_args': None, 'cmake_clean_cache': False, 'cmake_clean_first': False, 'cmake_force_configure': False, 'cmake_target': None, 'cmake_target_skip_unavailable': False, 'install_base': '/home/jzt/nb_arm_ws/install/arm_msgs', 'merge_install': False, 'path': '/home/jzt/nb_arm_ws/src/arm_msgs', 'symlink_install': True, 'test_result_base': None}
[0.172s] Level 5:colcon.colcon_core.verb:set package 'nb_arm' build argument 'cmake_args' from command line to 'None'
[0.172s] Level 5:colcon.colcon_core.verb:set package 'nb_arm' build argument 'cmake_target' from command line to 'None'
[0.173s] Level 5:colcon.colcon_core.verb:set package 'nb_arm' build argument 'cmake_target_skip_unavailable' from command line to 'False'
[0.173s] Level 5:colcon.colcon_core.verb:set package 'nb_arm' build argument 'cmake_clean_cache' from command line to 'False'
[0.173s] Level 5:colcon.colcon_core.verb:set package 'nb_arm' build argument 'cmake_clean_first' from command line to 'False'
[0.173s] Level 5:colcon.colcon_core.verb:set package 'nb_arm' build argument 'cmake_force_configure' from command line to 'False'
[0.173s] Level 5:colcon.colcon_core.verb:set package 'nb_arm' build argument 'ament_cmake_args' from command line to 'None'
[0.173s] Level 5:colcon.colcon_core.verb:set package 'nb_arm' build argument 'catkin_cmake_args' from command line to 'None'
[0.173s] Level 5:colcon.colcon_core.verb:set package 'nb_arm' build argument 'catkin_skip_building_tests' from command line to 'False'
[0.173s] DEBUG:colcon.colcon_core.verb:Building package 'nb_arm' with the following arguments: {'ament_cmake_args': None, 'build_base': '/home/jzt/nb_arm_ws/build/nb_arm', 'catkin_cmake_args': None, 'catkin_skip_building_tests': False, 'cmake_args': None, 'cmake_clean_cache': False, 'cmake_clean_first': False, 'cmake_force_configure': False, 'cmake_target': None, 'cmake_target_skip_unavailable': False, 'install_base': '/home/jzt/nb_arm_ws/install/nb_arm', 'merge_install': False, 'path': '/home/jzt/nb_arm_ws/src/nb_arm', 'symlink_install': True, 'test_result_base': None}
[0.173s] INFO:colcon.colcon_core.executor:Executing jobs using 'parallel' executor
[0.173s] DEBUG:colcon.colcon_parallel_executor.executor.parallel:run_until_complete
[0.173s] INFO:colcon.colcon_ros.task.ament_cmake.build:Building ROS package in '/home/jzt/nb_arm_ws/src/arm_msgs' with build type 'ament_cmake'
[0.173s] INFO:colcon.colcon_cmake.task.cmake.build:Building CMake package in '/home/jzt/nb_arm_ws/src/arm_msgs'
[0.175s] INFO:colcon.colcon_core.plugin_system:Skipping extension 'colcon_core.shell.bat': Not used on non-Windows systems
[0.175s] INFO:colcon.colcon_core.shell:Skip shell extension 'powershell' for command environment: Not usable outside of PowerShell
[0.175s] DEBUG:colcon.colcon_core.shell:Skip shell extension 'dsv' for command environment
[0.184s] DEBUG:colcon.colcon_core.event_handler.log_command:Invoking command in '/home/jzt/nb_arm_ws/build/arm_msgs': CMAKE_PREFIX_PATH=${CMAKE_PREFIX_PATH}:/home/jzt/moveit2_ws/install/moveit_configs_utils:/home/jzt/moveit2_ws/install/launch_param_builder:/opt/ros/humble /usr/local/bin/cmake /home/jzt/nb_arm_ws/src/arm_msgs -DAMENT_CMAKE_SYMLINK_INSTALL=1 -DCMAKE_INSTALL_PREFIX=/home/jzt/nb_arm_ws/install/arm_msgs
[1.747s] DEBUG:colcon.colcon_core.event_handler.log_command:Invoked command in '/home/jzt/nb_arm_ws/build/arm_msgs' returned '0': CMAKE_PREFIX_PATH=${CMAKE_PREFIX_PATH}:/home/jzt/moveit2_ws/install/moveit_configs_utils:/home/jzt/moveit2_ws/install/launch_param_builder:/opt/ros/humble /usr/local/bin/cmake /home/jzt/nb_arm_ws/src/arm_msgs -DAMENT_CMAKE_SYMLINK_INSTALL=1 -DCMAKE_INSTALL_PREFIX=/home/jzt/nb_arm_ws/install/arm_msgs
[1.747s] DEBUG:colcon.colcon_core.event_handler.log_command:Invoking command in '/home/jzt/nb_arm_ws/build/arm_msgs': CMAKE_PREFIX_PATH=${CMAKE_PREFIX_PATH}:/home/jzt/moveit2_ws/install/moveit_configs_utils:/home/jzt/moveit2_ws/install/launch_param_builder:/opt/ros/humble /usr/local/bin/cmake --build /home/jzt/nb_arm_ws/build/arm_msgs -- -j32 -l32
[3.523s] DEBUG:colcon.colcon_core.event_handler.log_command:Invoked command in '/home/jzt/nb_arm_ws/build/arm_msgs' returned '0': CMAKE_PREFIX_PATH=${CMAKE_PREFIX_PATH}:/home/jzt/moveit2_ws/install/moveit_configs_utils:/home/jzt/moveit2_ws/install/launch_param_builder:/opt/ros/humble /usr/local/bin/cmake --build /home/jzt/nb_arm_ws/build/arm_msgs -- -j32 -l32
[3.527s] DEBUG:colcon.colcon_core.event_handler.log_command:Invoking command in '/home/jzt/nb_arm_ws/build/arm_msgs': CMAKE_PREFIX_PATH=${CMAKE_PREFIX_PATH}:/home/jzt/moveit2_ws/install/moveit_configs_utils:/home/jzt/moveit2_ws/install/launch_param_builder:/opt/ros/humble /usr/local/bin/cmake --install /home/jzt/nb_arm_ws/build/arm_msgs
[4.048s] Level 1:colcon.colcon_core.environment:create_environment_scripts_only(arm_msgs)
[4.048s] DEBUG:colcon.colcon_core.event_handler.log_command:Invoked command in '/home/jzt/nb_arm_ws/build/arm_msgs' returned '0': CMAKE_PREFIX_PATH=${CMAKE_PREFIX_PATH}:/home/jzt/moveit2_ws/install/moveit_configs_utils:/home/jzt/moveit2_ws/install/launch_param_builder:/opt/ros/humble /usr/local/bin/cmake --install /home/jzt/nb_arm_ws/build/arm_msgs
[4.050s] Level 1:colcon.colcon_core.environment:checking '/home/jzt/nb_arm_ws/install/arm_msgs' for CMake module files
[4.050s] Level 1:colcon.colcon_core.environment:checking '/home/jzt/nb_arm_ws/install/arm_msgs' for CMake config files
[4.050s] Level 1:colcon.colcon_core.shell:create_environment_hook('arm_msgs', 'cmake_prefix_path')
[4.050s] INFO:colcon.colcon_core.shell:Creating environment hook '/home/jzt/nb_arm_ws/install/arm_msgs/share/arm_msgs/hook/cmake_prefix_path.ps1'
[4.051s] INFO:colcon.colcon_core.shell:Creating environment descriptor '/home/jzt/nb_arm_ws/install/arm_msgs/share/arm_msgs/hook/cmake_prefix_path.dsv'
[4.051s] INFO:colcon.colcon_core.shell:Creating environment hook '/home/jzt/nb_arm_ws/install/arm_msgs/share/arm_msgs/hook/cmake_prefix_path.sh'
[4.051s] Level 1:colcon.colcon_core.environment:checking '/home/jzt/nb_arm_ws/install/arm_msgs/lib'
[4.051s] Level 1:colcon.colcon_core.shell:create_environment_hook('arm_msgs', 'ld_library_path_lib')
[4.051s] INFO:colcon.colcon_core.shell:Creating environment hook '/home/jzt/nb_arm_ws/install/arm_msgs/share/arm_msgs/hook/ld_library_path_lib.ps1'
[4.051s] INFO:colcon.colcon_core.shell:Creating environment descriptor '/home/jzt/nb_arm_ws/install/arm_msgs/share/arm_msgs/hook/ld_library_path_lib.dsv'
[4.052s] INFO:colcon.colcon_core.shell:Creating environment hook '/home/jzt/nb_arm_ws/install/arm_msgs/share/arm_msgs/hook/ld_library_path_lib.sh'
[4.052s] Level 1:colcon.colcon_core.environment:checking '/home/jzt/nb_arm_ws/install/arm_msgs/bin'
[4.052s] Level 1:colcon.colcon_core.environment:checking '/home/jzt/nb_arm_ws/install/arm_msgs/lib/pkgconfig/arm_msgs.pc'
[4.052s] Level 1:colcon.colcon_core.environment:checking '/home/jzt/nb_arm_ws/install/arm_msgs/lib/python3.10/site-packages'
[4.052s] Level 1:colcon.colcon_core.environment:checking '/home/jzt/nb_arm_ws/install/arm_msgs/bin'
[4.052s] INFO:colcon.colcon_core.shell:Creating package script '/home/jzt/nb_arm_ws/install/arm_msgs/share/arm_msgs/package.ps1'
[4.053s] INFO:colcon.colcon_core.shell:Creating package descriptor '/home/jzt/nb_arm_ws/install/arm_msgs/share/arm_msgs/package.dsv'
[4.053s] INFO:colcon.colcon_core.shell:Creating package script '/home/jzt/nb_arm_ws/install/arm_msgs/share/arm_msgs/package.sh'
[4.053s] INFO:colcon.colcon_core.shell:Creating package script '/home/jzt/nb_arm_ws/install/arm_msgs/share/arm_msgs/package.bash'
[4.053s] INFO:colcon.colcon_core.shell:Creating package script '/home/jzt/nb_arm_ws/install/arm_msgs/share/arm_msgs/package.zsh'
[4.054s] Level 1:colcon.colcon_core.environment:create_file_with_runtime_dependencies(/home/jzt/nb_arm_ws/install/arm_msgs/share/colcon-core/packages/arm_msgs)
[4.054s] Level 1:colcon.colcon_core.environment:create_environment_scripts_only(arm_msgs)
[4.054s] Level 1:colcon.colcon_core.environment:checking '/home/jzt/nb_arm_ws/install/arm_msgs' for CMake module files
[4.054s] Level 1:colcon.colcon_core.environment:checking '/home/jzt/nb_arm_ws/install/arm_msgs' for CMake config files
[4.054s] Level 1:colcon.colcon_core.shell:create_environment_hook('arm_msgs', 'cmake_prefix_path')
[4.054s] INFO:colcon.colcon_core.shell:Creating environment hook '/home/jzt/nb_arm_ws/install/arm_msgs/share/arm_msgs/hook/cmake_prefix_path.ps1'
[4.055s] INFO:colcon.colcon_core.shell:Creating environment descriptor '/home/jzt/nb_arm_ws/install/arm_msgs/share/arm_msgs/hook/cmake_prefix_path.dsv'
[4.055s] INFO:colcon.colcon_core.shell:Creating environment hook '/home/jzt/nb_arm_ws/install/arm_msgs/share/arm_msgs/hook/cmake_prefix_path.sh'
[4.055s] Level 1:colcon.colcon_core.environment:checking '/home/jzt/nb_arm_ws/install/arm_msgs/lib'
[4.055s] Level 1:colcon.colcon_core.shell:create_environment_hook('arm_msgs', 'ld_library_path_lib')
[4.055s] INFO:colcon.colcon_core.shell:Creating environment hook '/home/jzt/nb_arm_ws/install/arm_msgs/share/arm_msgs/hook/ld_library_path_lib.ps1'
[4.055s] INFO:colcon.colcon_core.shell:Creating environment descriptor '/home/jzt/nb_arm_ws/install/arm_msgs/share/arm_msgs/hook/ld_library_path_lib.dsv'
[4.055s] INFO:colcon.colcon_core.shell:Creating environment hook '/home/jzt/nb_arm_ws/install/arm_msgs/share/arm_msgs/hook/ld_library_path_lib.sh'
[4.056s] Level 1:colcon.colcon_core.environment:checking '/home/jzt/nb_arm_ws/install/arm_msgs/bin'
[4.056s] Level 1:colcon.colcon_core.environment:checking '/home/jzt/nb_arm_ws/install/arm_msgs/lib/pkgconfig/arm_msgs.pc'
[4.056s] Level 1:colcon.colcon_core.environment:checking '/home/jzt/nb_arm_ws/install/arm_msgs/lib/python3.10/site-packages'
[4.056s] Level 1:colcon.colcon_core.environment:checking '/home/jzt/nb_arm_ws/install/arm_msgs/bin'
[4.056s] INFO:colcon.colcon_core.shell:Creating package script '/home/jzt/nb_arm_ws/install/arm_msgs/share/arm_msgs/package.ps1'
[4.056s] INFO:colcon.colcon_core.shell:Creating package descriptor '/home/jzt/nb_arm_ws/install/arm_msgs/share/arm_msgs/package.dsv'
[4.056s] INFO:colcon.colcon_core.shell:Creating package script '/home/jzt/nb_arm_ws/install/arm_msgs/share/arm_msgs/package.sh'
[4.057s] INFO:colcon.colcon_core.shell:Creating package script '/home/jzt/nb_arm_ws/install/arm_msgs/share/arm_msgs/package.bash'
[4.057s] INFO:colcon.colcon_core.shell:Creating package script '/home/jzt/nb_arm_ws/install/arm_msgs/share/arm_msgs/package.zsh'
[4.057s] Level 1:colcon.colcon_core.environment:create_file_with_runtime_dependencies(/home/jzt/nb_arm_ws/install/arm_msgs/share/colcon-core/packages/arm_msgs)
[4.057s] INFO:colcon.colcon_ros.task.ament_cmake.build:Building ROS package in '/home/jzt/nb_arm_ws/src/nb_arm' with build type 'ament_cmake'
[4.057s] INFO:colcon.colcon_cmake.task.cmake.build:Building CMake package in '/home/jzt/nb_arm_ws/src/nb_arm'
[4.057s] INFO:colcon.colcon_core.shell:Skip shell extension 'powershell' for command environment: Not usable outside of PowerShell
[4.057s] DEBUG:colcon.colcon_core.shell:Skip shell extension 'dsv' for command environment
[4.068s] DEBUG:colcon.colcon_core.event_handler.log_command:Invoking command in '/home/jzt/nb_arm_ws/build/nb_arm': AMENT_PREFIX_PATH=/home/jzt/nb_arm_ws/install/arm_msgs:${AMENT_PREFIX_PATH} CMAKE_PREFIX_PATH=/home/jzt/nb_arm_ws/install/arm_msgs:/home/jzt/fastdds_ws/install/fastdds:/home/jzt/fastdds_ws/install/foonathan_memory_vendor:/home/jzt/fastdds_ws/install/fastcdr:/home/jzt/elite_robot_ros2/install/elite_ec66_moveit_config:/home/jzt/elite_robot_ros2/install/elite_description:/home/jzt/moveit2_ws/install/pilz_industrial_motion_planner_testutils:/home/jzt/moveit2_ws/install/moveit_runtime:/home/jzt/moveit2_ws/install/moveit2_tutorials:/home/jzt/moveit2_ws/install/moveit:/home/jzt/moveit2_ws/install/moveit_planners:/home/jzt/moveit2_ws/install/pilz_industrial_motion_planner:/home/jzt/moveit2_ws/install/hello_moveit:/home/jzt/moveit2_ws/install/moveit_visual_tools:/home/jzt/moveit2_ws/install/moveit_task_constructor_visualization:/home/jzt/moveit2_ws/install/moveit_task_constructor_demo:/home/jzt/moveit2_ws/install/moveit_task_constructor_capabilities:/home/jzt/moveit2_ws/install/moveit_task_constructor_core:/home/jzt/moveit2_ws/install/moveit_ros_control_interface:/home/jzt/moveit2_ws/install/moveit_plugins:/home/jzt/moveit2_ws/install/moveit_simple_controller_manager:/home/jzt/moveit2_ws/install/moveit_setup_assistant:/home/jzt/moveit2_ws/install/moveit_setup_srdf_plugins:/home/jzt/moveit2_ws/install/moveit_setup_core_plugins:/home/jzt/moveit2_ws/install/moveit_setup_controllers:/home/jzt/moveit2_ws/install/moveit_setup_app_plugins:/home/jzt/moveit2_ws/install/moveit_setup_framework:/home/jzt/moveit2_ws/install/moveit_servo:/home/jzt/moveit2_ws/install/moveit_ros:/home/jzt/moveit2_ws/install/moveit_ros_visualization:/home/jzt/moveit2_ws/install/moveit_hybrid_planning:/home/jzt/moveit2_ws/install/moveit_ros_planning_interface:/home/jzt/moveit2_ws/install/moveit_ros_benchmarks:/home/jzt/moveit2_ws/install/moveit_ros_warehouse:/home/jzt/moveit2_ws/install/moveit_ros_robot_interaction:/home/jzt/moveit2_ws/install/moveit_ros_perception:/home/jzt/moveit2_ws/install/moveit_resources_prbt_pg70_support:/home/jzt/moveit2_ws/install/moveit_resources_prbt_moveit_config:/home/jzt/moveit2_ws/install/moveit_ros_move_group:/home/jzt/moveit2_ws/install/moveit_planners_ompl:/home/jzt/moveit2_ws/install/moveit_ros_planning:/home/jzt/moveit2_ws/install/moveit_ros_occupancy_map_monitor:/home/jzt/moveit2_ws/install/moveit_resources_prbt_ikfast_manipulator_plugin:/home/jzt/moveit2_ws/install/moveit_planners_chomp:/home/jzt/moveit2_ws/install/moveit_kinematics:/home/jzt/moveit2_ws/install/moveit_chomp_optimizer_adapter:/home/jzt/moveit2_ws/install/chomp_motion_planner:/home/jzt/moveit2_ws/install/moveit_core:/home/jzt/moveit2_ws/install/srdfdom:/home/jzt/moveit2_ws/install/rviz_marker_tools:/home/jzt/moveit2_ws/install/rosparam_shortcuts:/home/jzt/moveit2_ws/install/moveit_task_constructor_msgs:/home/jzt/moveit2_ws/install/moveit_resources_prbt_support:/home/jzt/moveit2_ws/install/moveit_resources:/home/jzt/moveit2_ws/install/moveit_resources_pr2_description:/home/jzt/moveit2_ws/install/moveit_resources_panda_moveit_config:/home/jzt/moveit2_ws/install/moveit_resources_panda_description:/home/jzt/moveit2_ws/install/moveit_resources_fanuc_moveit_config:/home/jzt/moveit2_ws/install/moveit_resources_fanuc_description:/home/jzt/moveit2_ws/install/moveit_common:/home/jzt/moveit2_ws/install/moveit_configs_utils:/home/jzt/moveit2_ws/install/launch_param_builder:/opt/ros/humble LD_LIBRARY_PATH=/home/jzt/nb_arm_ws/install/arm_msgs/lib:/home/jzt/fastdds_ws/install/fastdds/lib:/home/jzt/fastdds_ws/install/fastcdr/lib:/home/jzt/moveit2_ws/install/pilz_industrial_motion_planner_testutils/lib:/home/jzt/moveit2_ws/install/pilz_industrial_motion_planner/lib:/home/jzt/moveit2_ws/install/moveit_visual_tools/lib:/home/jzt/moveit2_ws/install/moveit_task_constructor_visualization/lib:/home/jzt/moveit2_ws/install/moveit_task_constructor_demo/lib:/home/jzt/moveit2_ws/install/moveit_task_constructor_capabilities/lib:/home/jzt/moveit2_ws/install/moveit_task_constructor_core/lib:/home/jzt/moveit2_ws/install/moveit_ros_control_interface/lib:/home/jzt/moveit2_ws/install/moveit_simple_controller_manager/lib:/home/jzt/moveit2_ws/install/moveit_setup_assistant/lib:/home/jzt/moveit2_ws/install/moveit_setup_srdf_plugins/lib:/home/jzt/moveit2_ws/install/moveit_setup_core_plugins/lib:/home/jzt/moveit2_ws/install/moveit_setup_controllers/lib:/home/jzt/moveit2_ws/install/moveit_setup_app_plugins/lib:/home/jzt/moveit2_ws/install/moveit_setup_framework/lib:/home/jzt/moveit2_ws/install/moveit_servo/lib:/home/jzt/moveit2_ws/install/moveit_ros_visualization/lib:/home/jzt/moveit2_ws/install/moveit_hybrid_planning/lib:/home/jzt/moveit2_ws/install/moveit_ros_planning_interface/lib:/home/jzt/moveit2_ws/install/moveit_ros_benchmarks/lib:/home/jzt/moveit2_ws/install/moveit_ros_warehouse/lib:/home/jzt/moveit2_ws/install/moveit_ros_robot_interaction/lib:/home/jzt/moveit2_ws/install/moveit_ros_perception/lib:/home/jzt/moveit2_ws/install/moveit_ros_move_group/lib:/home/jzt/moveit2_ws/install/moveit_planners_ompl/lib:/home/jzt/moveit2_ws/install/moveit_ros_planning/lib:/home/jzt/moveit2_ws/install/moveit_ros_occupancy_map_monitor/lib:/home/jzt/moveit2_ws/install/moveit_resources_prbt_ikfast_manipulator_plugin/lib:/home/jzt/moveit2_ws/install/moveit_planners_chomp/lib:/home/jzt/moveit2_ws/install/moveit_kinematics/lib:/home/jzt/moveit2_ws/install/moveit_chomp_optimizer_adapter/lib:/home/jzt/moveit2_ws/install/chomp_motion_planner/lib:/home/jzt/moveit2_ws/install/moveit_core/lib:/home/jzt/moveit2_ws/install/srdfdom/lib:/home/jzt/moveit2_ws/install/rviz_marker_tools/lib:/home/jzt/moveit2_ws/install/rosparam_shortcuts/lib:/home/jzt/moveit2_ws/install/moveit_task_constructor_msgs/lib:/usr/lib/x86_64-linux-gnu/gazebo-11/plugins:/opt/ros/humble/opt/rviz_ogre_vendor/lib:/opt/ros/humble/lib/x86_64-linux-gnu:/opt/ros/humble/lib:/usr/lib/x86_64-linux-gnu/gazebo-11/plugins:/usr/lib/x86_64-linux-gnu/gazebo-11/plugins:/usr/lib/x86_64-linux-gnu/gazebo-11/plugins PYTHONPATH=/home/jzt/nb_arm_ws/install/arm_msgs/local/lib/python3.10/dist-packages:${PYTHONPATH} /usr/local/bin/cmake /home/jzt/nb_arm_ws/src/nb_arm -DAMENT_CMAKE_SYMLINK_INSTALL=1 -DCMAKE_INSTALL_PREFIX=/home/jzt/nb_arm_ws/install/nb_arm
[5.248s] DEBUG:colcon.colcon_core.event_handler.log_command:Invoked command in '/home/jzt/nb_arm_ws/build/nb_arm' returned '0': AMENT_PREFIX_PATH=/home/jzt/nb_arm_ws/install/arm_msgs:${AMENT_PREFIX_PATH} CMAKE_PREFIX_PATH=/home/jzt/nb_arm_ws/install/arm_msgs:/home/jzt/fastdds_ws/install/fastdds:/home/jzt/fastdds_ws/install/foonathan_memory_vendor:/home/jzt/fastdds_ws/install/fastcdr:/home/jzt/elite_robot_ros2/install/elite_ec66_moveit_config:/home/jzt/elite_robot_ros2/install/elite_description:/home/jzt/moveit2_ws/install/pilz_industrial_motion_planner_testutils:/home/jzt/moveit2_ws/install/moveit_runtime:/home/jzt/moveit2_ws/install/moveit2_tutorials:/home/jzt/moveit2_ws/install/moveit:/home/jzt/moveit2_ws/install/moveit_planners:/home/jzt/moveit2_ws/install/pilz_industrial_motion_planner:/home/jzt/moveit2_ws/install/hello_moveit:/home/jzt/moveit2_ws/install/moveit_visual_tools:/home/jzt/moveit2_ws/install/moveit_task_constructor_visualization:/home/jzt/moveit2_ws/install/moveit_task_constructor_demo:/home/jzt/moveit2_ws/install/moveit_task_constructor_capabilities:/home/jzt/moveit2_ws/install/moveit_task_constructor_core:/home/jzt/moveit2_ws/install/moveit_ros_control_interface:/home/jzt/moveit2_ws/install/moveit_plugins:/home/jzt/moveit2_ws/install/moveit_simple_controller_manager:/home/jzt/moveit2_ws/install/moveit_setup_assistant:/home/jzt/moveit2_ws/install/moveit_setup_srdf_plugins:/home/jzt/moveit2_ws/install/moveit_setup_core_plugins:/home/jzt/moveit2_ws/install/moveit_setup_controllers:/home/jzt/moveit2_ws/install/moveit_setup_app_plugins:/home/jzt/moveit2_ws/install/moveit_setup_framework:/home/jzt/moveit2_ws/install/moveit_servo:/home/jzt/moveit2_ws/install/moveit_ros:/home/jzt/moveit2_ws/install/moveit_ros_visualization:/home/jzt/moveit2_ws/install/moveit_hybrid_planning:/home/jzt/moveit2_ws/install/moveit_ros_planning_interface:/home/jzt/moveit2_ws/install/moveit_ros_benchmarks:/home/jzt/moveit2_ws/install/moveit_ros_warehouse:/home/jzt/moveit2_ws/install/moveit_ros_robot_interaction:/home/jzt/moveit2_ws/install/moveit_ros_perception:/home/jzt/moveit2_ws/install/moveit_resources_prbt_pg70_support:/home/jzt/moveit2_ws/install/moveit_resources_prbt_moveit_config:/home/jzt/moveit2_ws/install/moveit_ros_move_group:/home/jzt/moveit2_ws/install/moveit_planners_ompl:/home/jzt/moveit2_ws/install/moveit_ros_planning:/home/jzt/moveit2_ws/install/moveit_ros_occupancy_map_monitor:/home/jzt/moveit2_ws/install/moveit_resources_prbt_ikfast_manipulator_plugin:/home/jzt/moveit2_ws/install/moveit_planners_chomp:/home/jzt/moveit2_ws/install/moveit_kinematics:/home/jzt/moveit2_ws/install/moveit_chomp_optimizer_adapter:/home/jzt/moveit2_ws/install/chomp_motion_planner:/home/jzt/moveit2_ws/install/moveit_core:/home/jzt/moveit2_ws/install/srdfdom:/home/jzt/moveit2_ws/install/rviz_marker_tools:/home/jzt/moveit2_ws/install/rosparam_shortcuts:/home/jzt/moveit2_ws/install/moveit_task_constructor_msgs:/home/jzt/moveit2_ws/install/moveit_resources_prbt_support:/home/jzt/moveit2_ws/install/moveit_resources:/home/jzt/moveit2_ws/install/moveit_resources_pr2_description:/home/jzt/moveit2_ws/install/moveit_resources_panda_moveit_config:/home/jzt/moveit2_ws/install/moveit_resources_panda_description:/home/jzt/moveit2_ws/install/moveit_resources_fanuc_moveit_config:/home/jzt/moveit2_ws/install/moveit_resources_fanuc_description:/home/jzt/moveit2_ws/install/moveit_common:/home/jzt/moveit2_ws/install/moveit_configs_utils:/home/jzt/moveit2_ws/install/launch_param_builder:/opt/ros/humble LD_LIBRARY_PATH=/home/jzt/nb_arm_ws/install/arm_msgs/lib:/home/jzt/fastdds_ws/install/fastdds/lib:/home/jzt/fastdds_ws/install/fastcdr/lib:/home/jzt/moveit2_ws/install/pilz_industrial_motion_planner_testutils/lib:/home/jzt/moveit2_ws/install/pilz_industrial_motion_planner/lib:/home/jzt/moveit2_ws/install/moveit_visual_tools/lib:/home/jzt/moveit2_ws/install/moveit_task_constructor_visualization/lib:/home/jzt/moveit2_ws/install/moveit_task_constructor_demo/lib:/home/jzt/moveit2_ws/install/moveit_task_constructor_capabilities/lib:/home/jzt/moveit2_ws/install/moveit_task_constructor_core/lib:/home/jzt/moveit2_ws/install/moveit_ros_control_interface/lib:/home/jzt/moveit2_ws/install/moveit_simple_controller_manager/lib:/home/jzt/moveit2_ws/install/moveit_setup_assistant/lib:/home/jzt/moveit2_ws/install/moveit_setup_srdf_plugins/lib:/home/jzt/moveit2_ws/install/moveit_setup_core_plugins/lib:/home/jzt/moveit2_ws/install/moveit_setup_controllers/lib:/home/jzt/moveit2_ws/install/moveit_setup_app_plugins/lib:/home/jzt/moveit2_ws/install/moveit_setup_framework/lib:/home/jzt/moveit2_ws/install/moveit_servo/lib:/home/jzt/moveit2_ws/install/moveit_ros_visualization/lib:/home/jzt/moveit2_ws/install/moveit_hybrid_planning/lib:/home/jzt/moveit2_ws/install/moveit_ros_planning_interface/lib:/home/jzt/moveit2_ws/install/moveit_ros_benchmarks/lib:/home/jzt/moveit2_ws/install/moveit_ros_warehouse/lib:/home/jzt/moveit2_ws/install/moveit_ros_robot_interaction/lib:/home/jzt/moveit2_ws/install/moveit_ros_perception/lib:/home/jzt/moveit2_ws/install/moveit_ros_move_group/lib:/home/jzt/moveit2_ws/install/moveit_planners_ompl/lib:/home/jzt/moveit2_ws/install/moveit_ros_planning/lib:/home/jzt/moveit2_ws/install/moveit_ros_occupancy_map_monitor/lib:/home/jzt/moveit2_ws/install/moveit_resources_prbt_ikfast_manipulator_plugin/lib:/home/jzt/moveit2_ws/install/moveit_planners_chomp/lib:/home/jzt/moveit2_ws/install/moveit_kinematics/lib:/home/jzt/moveit2_ws/install/moveit_chomp_optimizer_adapter/lib:/home/jzt/moveit2_ws/install/chomp_motion_planner/lib:/home/jzt/moveit2_ws/install/moveit_core/lib:/home/jzt/moveit2_ws/install/srdfdom/lib:/home/jzt/moveit2_ws/install/rviz_marker_tools/lib:/home/jzt/moveit2_ws/install/rosparam_shortcuts/lib:/home/jzt/moveit2_ws/install/moveit_task_constructor_msgs/lib:/usr/lib/x86_64-linux-gnu/gazebo-11/plugins:/opt/ros/humble/opt/rviz_ogre_vendor/lib:/opt/ros/humble/lib/x86_64-linux-gnu:/opt/ros/humble/lib:/usr/lib/x86_64-linux-gnu/gazebo-11/plugins:/usr/lib/x86_64-linux-gnu/gazebo-11/plugins:/usr/lib/x86_64-linux-gnu/gazebo-11/plugins PYTHONPATH=/home/jzt/nb_arm_ws/install/arm_msgs/local/lib/python3.10/dist-packages:${PYTHONPATH} /usr/local/bin/cmake /home/jzt/nb_arm_ws/src/nb_arm -DAMENT_CMAKE_SYMLINK_INSTALL=1 -DCMAKE_INSTALL_PREFIX=/home/jzt/nb_arm_ws/install/nb_arm
[5.248s] DEBUG:colcon.colcon_core.event_handler.log_command:Invoking command in '/home/jzt/nb_arm_ws/build/nb_arm': AMENT_PREFIX_PATH=/home/jzt/nb_arm_ws/install/arm_msgs:${AMENT_PREFIX_PATH} CMAKE_PREFIX_PATH=/home/jzt/nb_arm_ws/install/arm_msgs:/home/jzt/fastdds_ws/install/fastdds:/home/jzt/fastdds_ws/install/foonathan_memory_vendor:/home/jzt/fastdds_ws/install/fastcdr:/home/jzt/elite_robot_ros2/install/elite_ec66_moveit_config:/home/jzt/elite_robot_ros2/install/elite_description:/home/jzt/moveit2_ws/install/pilz_industrial_motion_planner_testutils:/home/jzt/moveit2_ws/install/moveit_runtime:/home/jzt/moveit2_ws/install/moveit2_tutorials:/home/jzt/moveit2_ws/install/moveit:/home/jzt/moveit2_ws/install/moveit_planners:/home/jzt/moveit2_ws/install/pilz_industrial_motion_planner:/home/jzt/moveit2_ws/install/hello_moveit:/home/jzt/moveit2_ws/install/moveit_visual_tools:/home/jzt/moveit2_ws/install/moveit_task_constructor_visualization:/home/jzt/moveit2_ws/install/moveit_task_constructor_demo:/home/jzt/moveit2_ws/install/moveit_task_constructor_capabilities:/home/jzt/moveit2_ws/install/moveit_task_constructor_core:/home/jzt/moveit2_ws/install/moveit_ros_control_interface:/home/jzt/moveit2_ws/install/moveit_plugins:/home/jzt/moveit2_ws/install/moveit_simple_controller_manager:/home/jzt/moveit2_ws/install/moveit_setup_assistant:/home/jzt/moveit2_ws/install/moveit_setup_srdf_plugins:/home/jzt/moveit2_ws/install/moveit_setup_core_plugins:/home/jzt/moveit2_ws/install/moveit_setup_controllers:/home/jzt/moveit2_ws/install/moveit_setup_app_plugins:/home/jzt/moveit2_ws/install/moveit_setup_framework:/home/jzt/moveit2_ws/install/moveit_servo:/home/jzt/moveit2_ws/install/moveit_ros:/home/jzt/moveit2_ws/install/moveit_ros_visualization:/home/jzt/moveit2_ws/install/moveit_hybrid_planning:/home/jzt/moveit2_ws/install/moveit_ros_planning_interface:/home/jzt/moveit2_ws/install/moveit_ros_benchmarks:/home/jzt/moveit2_ws/install/moveit_ros_warehouse:/home/jzt/moveit2_ws/install/moveit_ros_robot_interaction:/home/jzt/moveit2_ws/install/moveit_ros_perception:/home/jzt/moveit2_ws/install/moveit_resources_prbt_pg70_support:/home/jzt/moveit2_ws/install/moveit_resources_prbt_moveit_config:/home/jzt/moveit2_ws/install/moveit_ros_move_group:/home/jzt/moveit2_ws/install/moveit_planners_ompl:/home/jzt/moveit2_ws/install/moveit_ros_planning:/home/jzt/moveit2_ws/install/moveit_ros_occupancy_map_monitor:/home/jzt/moveit2_ws/install/moveit_resources_prbt_ikfast_manipulator_plugin:/home/jzt/moveit2_ws/install/moveit_planners_chomp:/home/jzt/moveit2_ws/install/moveit_kinematics:/home/jzt/moveit2_ws/install/moveit_chomp_optimizer_adapter:/home/jzt/moveit2_ws/install/chomp_motion_planner:/home/jzt/moveit2_ws/install/moveit_core:/home/jzt/moveit2_ws/install/srdfdom:/home/jzt/moveit2_ws/install/rviz_marker_tools:/home/jzt/moveit2_ws/install/rosparam_shortcuts:/home/jzt/moveit2_ws/install/moveit_task_constructor_msgs:/home/jzt/moveit2_ws/install/moveit_resources_prbt_support:/home/jzt/moveit2_ws/install/moveit_resources:/home/jzt/moveit2_ws/install/moveit_resources_pr2_description:/home/jzt/moveit2_ws/install/moveit_resources_panda_moveit_config:/home/jzt/moveit2_ws/install/moveit_resources_panda_description:/home/jzt/moveit2_ws/install/moveit_resources_fanuc_moveit_config:/home/jzt/moveit2_ws/install/moveit_resources_fanuc_description:/home/jzt/moveit2_ws/install/moveit_common:/home/jzt/moveit2_ws/install/moveit_configs_utils:/home/jzt/moveit2_ws/install/launch_param_builder:/opt/ros/humble LD_LIBRARY_PATH=/home/jzt/nb_arm_ws/install/arm_msgs/lib:/home/jzt/fastdds_ws/install/fastdds/lib:/home/jzt/fastdds_ws/install/fastcdr/lib:/home/jzt/moveit2_ws/install/pilz_industrial_motion_planner_testutils/lib:/home/jzt/moveit2_ws/install/pilz_industrial_motion_planner/lib:/home/jzt/moveit2_ws/install/moveit_visual_tools/lib:/home/jzt/moveit2_ws/install/moveit_task_constructor_visualization/lib:/home/jzt/moveit2_ws/install/moveit_task_constructor_demo/lib:/home/jzt/moveit2_ws/install/moveit_task_constructor_capabilities/lib:/home/jzt/moveit2_ws/install/moveit_task_constructor_core/lib:/home/jzt/moveit2_ws/install/moveit_ros_control_interface/lib:/home/jzt/moveit2_ws/install/moveit_simple_controller_manager/lib:/home/jzt/moveit2_ws/install/moveit_setup_assistant/lib:/home/jzt/moveit2_ws/install/moveit_setup_srdf_plugins/lib:/home/jzt/moveit2_ws/install/moveit_setup_core_plugins/lib:/home/jzt/moveit2_ws/install/moveit_setup_controllers/lib:/home/jzt/moveit2_ws/install/moveit_setup_app_plugins/lib:/home/jzt/moveit2_ws/install/moveit_setup_framework/lib:/home/jzt/moveit2_ws/install/moveit_servo/lib:/home/jzt/moveit2_ws/install/moveit_ros_visualization/lib:/home/jzt/moveit2_ws/install/moveit_hybrid_planning/lib:/home/jzt/moveit2_ws/install/moveit_ros_planning_interface/lib:/home/jzt/moveit2_ws/install/moveit_ros_benchmarks/lib:/home/jzt/moveit2_ws/install/moveit_ros_warehouse/lib:/home/jzt/moveit2_ws/install/moveit_ros_robot_interaction/lib:/home/jzt/moveit2_ws/install/moveit_ros_perception/lib:/home/jzt/moveit2_ws/install/moveit_ros_move_group/lib:/home/jzt/moveit2_ws/install/moveit_planners_ompl/lib:/home/jzt/moveit2_ws/install/moveit_ros_planning/lib:/home/jzt/moveit2_ws/install/moveit_ros_occupancy_map_monitor/lib:/home/jzt/moveit2_ws/install/moveit_resources_prbt_ikfast_manipulator_plugin/lib:/home/jzt/moveit2_ws/install/moveit_planners_chomp/lib:/home/jzt/moveit2_ws/install/moveit_kinematics/lib:/home/jzt/moveit2_ws/install/moveit_chomp_optimizer_adapter/lib:/home/jzt/moveit2_ws/install/chomp_motion_planner/lib:/home/jzt/moveit2_ws/install/moveit_core/lib:/home/jzt/moveit2_ws/install/srdfdom/lib:/home/jzt/moveit2_ws/install/rviz_marker_tools/lib:/home/jzt/moveit2_ws/install/rosparam_shortcuts/lib:/home/jzt/moveit2_ws/install/moveit_task_constructor_msgs/lib:/usr/lib/x86_64-linux-gnu/gazebo-11/plugins:/opt/ros/humble/opt/rviz_ogre_vendor/lib:/opt/ros/humble/lib/x86_64-linux-gnu:/opt/ros/humble/lib:/usr/lib/x86_64-linux-gnu/gazebo-11/plugins:/usr/lib/x86_64-linux-gnu/gazebo-11/plugins:/usr/lib/x86_64-linux-gnu/gazebo-11/plugins PYTHONPATH=/home/jzt/nb_arm_ws/install/arm_msgs/local/lib/python3.10/dist-packages:${PYTHONPATH} /usr/local/bin/cmake --build /home/jzt/nb_arm_ws/build/nb_arm -- -j32 -l32
[12.963s] DEBUG:colcon.colcon_core.event_handler.log_command:Invoked command in '/home/jzt/nb_arm_ws/build/nb_arm' returned '0': AMENT_PREFIX_PATH=/home/jzt/nb_arm_ws/install/arm_msgs:${AMENT_PREFIX_PATH} CMAKE_PREFIX_PATH=/home/jzt/nb_arm_ws/install/arm_msgs:/home/jzt/fastdds_ws/install/fastdds:/home/jzt/fastdds_ws/install/foonathan_memory_vendor:/home/jzt/fastdds_ws/install/fastcdr:/home/jzt/elite_robot_ros2/install/elite_ec66_moveit_config:/home/jzt/elite_robot_ros2/install/elite_description:/home/jzt/moveit2_ws/install/pilz_industrial_motion_planner_testutils:/home/jzt/moveit2_ws/install/moveit_runtime:/home/jzt/moveit2_ws/install/moveit2_tutorials:/home/jzt/moveit2_ws/install/moveit:/home/jzt/moveit2_ws/install/moveit_planners:/home/jzt/moveit2_ws/install/pilz_industrial_motion_planner:/home/jzt/moveit2_ws/install/hello_moveit:/home/jzt/moveit2_ws/install/moveit_visual_tools:/home/jzt/moveit2_ws/install/moveit_task_constructor_visualization:/home/jzt/moveit2_ws/install/moveit_task_constructor_demo:/home/jzt/moveit2_ws/install/moveit_task_constructor_capabilities:/home/jzt/moveit2_ws/install/moveit_task_constructor_core:/home/jzt/moveit2_ws/install/moveit_ros_control_interface:/home/jzt/moveit2_ws/install/moveit_plugins:/home/jzt/moveit2_ws/install/moveit_simple_controller_manager:/home/jzt/moveit2_ws/install/moveit_setup_assistant:/home/jzt/moveit2_ws/install/moveit_setup_srdf_plugins:/home/jzt/moveit2_ws/install/moveit_setup_core_plugins:/home/jzt/moveit2_ws/install/moveit_setup_controllers:/home/jzt/moveit2_ws/install/moveit_setup_app_plugins:/home/jzt/moveit2_ws/install/moveit_setup_framework:/home/jzt/moveit2_ws/install/moveit_servo:/home/jzt/moveit2_ws/install/moveit_ros:/home/jzt/moveit2_ws/install/moveit_ros_visualization:/home/jzt/moveit2_ws/install/moveit_hybrid_planning:/home/jzt/moveit2_ws/install/moveit_ros_planning_interface:/home/jzt/moveit2_ws/install/moveit_ros_benchmarks:/home/jzt/moveit2_ws/install/moveit_ros_warehouse:/home/jzt/moveit2_ws/install/moveit_ros_robot_interaction:/home/jzt/moveit2_ws/install/moveit_ros_perception:/home/jzt/moveit2_ws/install/moveit_resources_prbt_pg70_support:/home/jzt/moveit2_ws/install/moveit_resources_prbt_moveit_config:/home/jzt/moveit2_ws/install/moveit_ros_move_group:/home/jzt/moveit2_ws/install/moveit_planners_ompl:/home/jzt/moveit2_ws/install/moveit_ros_planning:/home/jzt/moveit2_ws/install/moveit_ros_occupancy_map_monitor:/home/jzt/moveit2_ws/install/moveit_resources_prbt_ikfast_manipulator_plugin:/home/jzt/moveit2_ws/install/moveit_planners_chomp:/home/jzt/moveit2_ws/install/moveit_kinematics:/home/jzt/moveit2_ws/install/moveit_chomp_optimizer_adapter:/home/jzt/moveit2_ws/install/chomp_motion_planner:/home/jzt/moveit2_ws/install/moveit_core:/home/jzt/moveit2_ws/install/srdfdom:/home/jzt/moveit2_ws/install/rviz_marker_tools:/home/jzt/moveit2_ws/install/rosparam_shortcuts:/home/jzt/moveit2_ws/install/moveit_task_constructor_msgs:/home/jzt/moveit2_ws/install/moveit_resources_prbt_support:/home/jzt/moveit2_ws/install/moveit_resources:/home/jzt/moveit2_ws/install/moveit_resources_pr2_description:/home/jzt/moveit2_ws/install/moveit_resources_panda_moveit_config:/home/jzt/moveit2_ws/install/moveit_resources_panda_description:/home/jzt/moveit2_ws/install/moveit_resources_fanuc_moveit_config:/home/jzt/moveit2_ws/install/moveit_resources_fanuc_description:/home/jzt/moveit2_ws/install/moveit_common:/home/jzt/moveit2_ws/install/moveit_configs_utils:/home/jzt/moveit2_ws/install/launch_param_builder:/opt/ros/humble LD_LIBRARY_PATH=/home/jzt/nb_arm_ws/install/arm_msgs/lib:/home/jzt/fastdds_ws/install/fastdds/lib:/home/jzt/fastdds_ws/install/fastcdr/lib:/home/jzt/moveit2_ws/install/pilz_industrial_motion_planner_testutils/lib:/home/jzt/moveit2_ws/install/pilz_industrial_motion_planner/lib:/home/jzt/moveit2_ws/install/moveit_visual_tools/lib:/home/jzt/moveit2_ws/install/moveit_task_constructor_visualization/lib:/home/jzt/moveit2_ws/install/moveit_task_constructor_demo/lib:/home/jzt/moveit2_ws/install/moveit_task_constructor_capabilities/lib:/home/jzt/moveit2_ws/install/moveit_task_constructor_core/lib:/home/jzt/moveit2_ws/install/moveit_ros_control_interface/lib:/home/jzt/moveit2_ws/install/moveit_simple_controller_manager/lib:/home/jzt/moveit2_ws/install/moveit_setup_assistant/lib:/home/jzt/moveit2_ws/install/moveit_setup_srdf_plugins/lib:/home/jzt/moveit2_ws/install/moveit_setup_core_plugins/lib:/home/jzt/moveit2_ws/install/moveit_setup_controllers/lib:/home/jzt/moveit2_ws/install/moveit_setup_app_plugins/lib:/home/jzt/moveit2_ws/install/moveit_setup_framework/lib:/home/jzt/moveit2_ws/install/moveit_servo/lib:/home/jzt/moveit2_ws/install/moveit_ros_visualization/lib:/home/jzt/moveit2_ws/install/moveit_hybrid_planning/lib:/home/jzt/moveit2_ws/install/moveit_ros_planning_interface/lib:/home/jzt/moveit2_ws/install/moveit_ros_benchmarks/lib:/home/jzt/moveit2_ws/install/moveit_ros_warehouse/lib:/home/jzt/moveit2_ws/install/moveit_ros_robot_interaction/lib:/home/jzt/moveit2_ws/install/moveit_ros_perception/lib:/home/jzt/moveit2_ws/install/moveit_ros_move_group/lib:/home/jzt/moveit2_ws/install/moveit_planners_ompl/lib:/home/jzt/moveit2_ws/install/moveit_ros_planning/lib:/home/jzt/moveit2_ws/install/moveit_ros_occupancy_map_monitor/lib:/home/jzt/moveit2_ws/install/moveit_resources_prbt_ikfast_manipulator_plugin/lib:/home/jzt/moveit2_ws/install/moveit_planners_chomp/lib:/home/jzt/moveit2_ws/install/moveit_kinematics/lib:/home/jzt/moveit2_ws/install/moveit_chomp_optimizer_adapter/lib:/home/jzt/moveit2_ws/install/chomp_motion_planner/lib:/home/jzt/moveit2_ws/install/moveit_core/lib:/home/jzt/moveit2_ws/install/srdfdom/lib:/home/jzt/moveit2_ws/install/rviz_marker_tools/lib:/home/jzt/moveit2_ws/install/rosparam_shortcuts/lib:/home/jzt/moveit2_ws/install/moveit_task_constructor_msgs/lib:/usr/lib/x86_64-linux-gnu/gazebo-11/plugins:/opt/ros/humble/opt/rviz_ogre_vendor/lib:/opt/ros/humble/lib/x86_64-linux-gnu:/opt/ros/humble/lib:/usr/lib/x86_64-linux-gnu/gazebo-11/plugins:/usr/lib/x86_64-linux-gnu/gazebo-11/plugins:/usr/lib/x86_64-linux-gnu/gazebo-11/plugins PYTHONPATH=/home/jzt/nb_arm_ws/install/arm_msgs/local/lib/python3.10/dist-packages:${PYTHONPATH} /usr/local/bin/cmake --build /home/jzt/nb_arm_ws/build/nb_arm -- -j32 -l32
[12.965s] DEBUG:colcon.colcon_core.event_handler.log_command:Invoking command in '/home/jzt/nb_arm_ws/build/nb_arm': AMENT_PREFIX_PATH=/home/jzt/nb_arm_ws/install/arm_msgs:${AMENT_PREFIX_PATH} CMAKE_PREFIX_PATH=/home/jzt/nb_arm_ws/install/arm_msgs:/home/jzt/fastdds_ws/install/fastdds:/home/jzt/fastdds_ws/install/foonathan_memory_vendor:/home/jzt/fastdds_ws/install/fastcdr:/home/jzt/elite_robot_ros2/install/elite_ec66_moveit_config:/home/jzt/elite_robot_ros2/install/elite_description:/home/jzt/moveit2_ws/install/pilz_industrial_motion_planner_testutils:/home/jzt/moveit2_ws/install/moveit_runtime:/home/jzt/moveit2_ws/install/moveit2_tutorials:/home/jzt/moveit2_ws/install/moveit:/home/jzt/moveit2_ws/install/moveit_planners:/home/jzt/moveit2_ws/install/pilz_industrial_motion_planner:/home/jzt/moveit2_ws/install/hello_moveit:/home/jzt/moveit2_ws/install/moveit_visual_tools:/home/jzt/moveit2_ws/install/moveit_task_constructor_visualization:/home/jzt/moveit2_ws/install/moveit_task_constructor_demo:/home/jzt/moveit2_ws/install/moveit_task_constructor_capabilities:/home/jzt/moveit2_ws/install/moveit_task_constructor_core:/home/jzt/moveit2_ws/install/moveit_ros_control_interface:/home/jzt/moveit2_ws/install/moveit_plugins:/home/jzt/moveit2_ws/install/moveit_simple_controller_manager:/home/jzt/moveit2_ws/install/moveit_setup_assistant:/home/jzt/moveit2_ws/install/moveit_setup_srdf_plugins:/home/jzt/moveit2_ws/install/moveit_setup_core_plugins:/home/jzt/moveit2_ws/install/moveit_setup_controllers:/home/jzt/moveit2_ws/install/moveit_setup_app_plugins:/home/jzt/moveit2_ws/install/moveit_setup_framework:/home/jzt/moveit2_ws/install/moveit_servo:/home/jzt/moveit2_ws/install/moveit_ros:/home/jzt/moveit2_ws/install/moveit_ros_visualization:/home/jzt/moveit2_ws/install/moveit_hybrid_planning:/home/jzt/moveit2_ws/install/moveit_ros_planning_interface:/home/jzt/moveit2_ws/install/moveit_ros_benchmarks:/home/jzt/moveit2_ws/install/moveit_ros_warehouse:/home/jzt/moveit2_ws/install/moveit_ros_robot_interaction:/home/jzt/moveit2_ws/install/moveit_ros_perception:/home/jzt/moveit2_ws/install/moveit_resources_prbt_pg70_support:/home/jzt/moveit2_ws/install/moveit_resources_prbt_moveit_config:/home/jzt/moveit2_ws/install/moveit_ros_move_group:/home/jzt/moveit2_ws/install/moveit_planners_ompl:/home/jzt/moveit2_ws/install/moveit_ros_planning:/home/jzt/moveit2_ws/install/moveit_ros_occupancy_map_monitor:/home/jzt/moveit2_ws/install/moveit_resources_prbt_ikfast_manipulator_plugin:/home/jzt/moveit2_ws/install/moveit_planners_chomp:/home/jzt/moveit2_ws/install/moveit_kinematics:/home/jzt/moveit2_ws/install/moveit_chomp_optimizer_adapter:/home/jzt/moveit2_ws/install/chomp_motion_planner:/home/jzt/moveit2_ws/install/moveit_core:/home/jzt/moveit2_ws/install/srdfdom:/home/jzt/moveit2_ws/install/rviz_marker_tools:/home/jzt/moveit2_ws/install/rosparam_shortcuts:/home/jzt/moveit2_ws/install/moveit_task_constructor_msgs:/home/jzt/moveit2_ws/install/moveit_resources_prbt_support:/home/jzt/moveit2_ws/install/moveit_resources:/home/jzt/moveit2_ws/install/moveit_resources_pr2_description:/home/jzt/moveit2_ws/install/moveit_resources_panda_moveit_config:/home/jzt/moveit2_ws/install/moveit_resources_panda_description:/home/jzt/moveit2_ws/install/moveit_resources_fanuc_moveit_config:/home/jzt/moveit2_ws/install/moveit_resources_fanuc_description:/home/jzt/moveit2_ws/install/moveit_common:/home/jzt/moveit2_ws/install/moveit_configs_utils:/home/jzt/moveit2_ws/install/launch_param_builder:/opt/ros/humble LD_LIBRARY_PATH=/home/jzt/nb_arm_ws/install/arm_msgs/lib:/home/jzt/fastdds_ws/install/fastdds/lib:/home/jzt/fastdds_ws/install/fastcdr/lib:/home/jzt/moveit2_ws/install/pilz_industrial_motion_planner_testutils/lib:/home/jzt/moveit2_ws/install/pilz_industrial_motion_planner/lib:/home/jzt/moveit2_ws/install/moveit_visual_tools/lib:/home/jzt/moveit2_ws/install/moveit_task_constructor_visualization/lib:/home/jzt/moveit2_ws/install/moveit_task_constructor_demo/lib:/home/jzt/moveit2_ws/install/moveit_task_constructor_capabilities/lib:/home/jzt/moveit2_ws/install/moveit_task_constructor_core/lib:/home/jzt/moveit2_ws/install/moveit_ros_control_interface/lib:/home/jzt/moveit2_ws/install/moveit_simple_controller_manager/lib:/home/jzt/moveit2_ws/install/moveit_setup_assistant/lib:/home/jzt/moveit2_ws/install/moveit_setup_srdf_plugins/lib:/home/jzt/moveit2_ws/install/moveit_setup_core_plugins/lib:/home/jzt/moveit2_ws/install/moveit_setup_controllers/lib:/home/jzt/moveit2_ws/install/moveit_setup_app_plugins/lib:/home/jzt/moveit2_ws/install/moveit_setup_framework/lib:/home/jzt/moveit2_ws/install/moveit_servo/lib:/home/jzt/moveit2_ws/install/moveit_ros_visualization/lib:/home/jzt/moveit2_ws/install/moveit_hybrid_planning/lib:/home/jzt/moveit2_ws/install/moveit_ros_planning_interface/lib:/home/jzt/moveit2_ws/install/moveit_ros_benchmarks/lib:/home/jzt/moveit2_ws/install/moveit_ros_warehouse/lib:/home/jzt/moveit2_ws/install/moveit_ros_robot_interaction/lib:/home/jzt/moveit2_ws/install/moveit_ros_perception/lib:/home/jzt/moveit2_ws/install/moveit_ros_move_group/lib:/home/jzt/moveit2_ws/install/moveit_planners_ompl/lib:/home/jzt/moveit2_ws/install/moveit_ros_planning/lib:/home/jzt/moveit2_ws/install/moveit_ros_occupancy_map_monitor/lib:/home/jzt/moveit2_ws/install/moveit_resources_prbt_ikfast_manipulator_plugin/lib:/home/jzt/moveit2_ws/install/moveit_planners_chomp/lib:/home/jzt/moveit2_ws/install/moveit_kinematics/lib:/home/jzt/moveit2_ws/install/moveit_chomp_optimizer_adapter/lib:/home/jzt/moveit2_ws/install/chomp_motion_planner/lib:/home/jzt/moveit2_ws/install/moveit_core/lib:/home/jzt/moveit2_ws/install/srdfdom/lib:/home/jzt/moveit2_ws/install/rviz_marker_tools/lib:/home/jzt/moveit2_ws/install/rosparam_shortcuts/lib:/home/jzt/moveit2_ws/install/moveit_task_constructor_msgs/lib:/usr/lib/x86_64-linux-gnu/gazebo-11/plugins:/opt/ros/humble/opt/rviz_ogre_vendor/lib:/opt/ros/humble/lib/x86_64-linux-gnu:/opt/ros/humble/lib:/usr/lib/x86_64-linux-gnu/gazebo-11/plugins:/usr/lib/x86_64-linux-gnu/gazebo-11/plugins:/usr/lib/x86_64-linux-gnu/gazebo-11/plugins PYTHONPATH=/home/jzt/nb_arm_ws/install/arm_msgs/local/lib/python3.10/dist-packages:${PYTHONPATH} /usr/local/bin/cmake --install /home/jzt/nb_arm_ws/build/nb_arm
[13.038s] Level 1:colcon.colcon_core.environment:create_environment_scripts_only(nb_arm)
[13.038s] Level 1:colcon.colcon_core.environment:checking '/home/jzt/nb_arm_ws/install/nb_arm' for CMake module files
[13.038s] DEBUG:colcon.colcon_core.event_handler.log_command:Invoked command in '/home/jzt/nb_arm_ws/build/nb_arm' returned '0': AMENT_PREFIX_PATH=/home/jzt/nb_arm_ws/install/arm_msgs:${AMENT_PREFIX_PATH} CMAKE_PREFIX_PATH=/home/jzt/nb_arm_ws/install/arm_msgs:/home/jzt/fastdds_ws/install/fastdds:/home/jzt/fastdds_ws/install/foonathan_memory_vendor:/home/jzt/fastdds_ws/install/fastcdr:/home/jzt/elite_robot_ros2/install/elite_ec66_moveit_config:/home/jzt/elite_robot_ros2/install/elite_description:/home/jzt/moveit2_ws/install/pilz_industrial_motion_planner_testutils:/home/jzt/moveit2_ws/install/moveit_runtime:/home/jzt/moveit2_ws/install/moveit2_tutorials:/home/jzt/moveit2_ws/install/moveit:/home/jzt/moveit2_ws/install/moveit_planners:/home/jzt/moveit2_ws/install/pilz_industrial_motion_planner:/home/jzt/moveit2_ws/install/hello_moveit:/home/jzt/moveit2_ws/install/moveit_visual_tools:/home/jzt/moveit2_ws/install/moveit_task_constructor_visualization:/home/jzt/moveit2_ws/install/moveit_task_constructor_demo:/home/jzt/moveit2_ws/install/moveit_task_constructor_capabilities:/home/jzt/moveit2_ws/install/moveit_task_constructor_core:/home/jzt/moveit2_ws/install/moveit_ros_control_interface:/home/jzt/moveit2_ws/install/moveit_plugins:/home/jzt/moveit2_ws/install/moveit_simple_controller_manager:/home/jzt/moveit2_ws/install/moveit_setup_assistant:/home/jzt/moveit2_ws/install/moveit_setup_srdf_plugins:/home/jzt/moveit2_ws/install/moveit_setup_core_plugins:/home/jzt/moveit2_ws/install/moveit_setup_controllers:/home/jzt/moveit2_ws/install/moveit_setup_app_plugins:/home/jzt/moveit2_ws/install/moveit_setup_framework:/home/jzt/moveit2_ws/install/moveit_servo:/home/jzt/moveit2_ws/install/moveit_ros:/home/jzt/moveit2_ws/install/moveit_ros_visualization:/home/jzt/moveit2_ws/install/moveit_hybrid_planning:/home/jzt/moveit2_ws/install/moveit_ros_planning_interface:/home/jzt/moveit2_ws/install/moveit_ros_benchmarks:/home/jzt/moveit2_ws/install/moveit_ros_warehouse:/home/jzt/moveit2_ws/install/moveit_ros_robot_interaction:/home/jzt/moveit2_ws/install/moveit_ros_perception:/home/jzt/moveit2_ws/install/moveit_resources_prbt_pg70_support:/home/jzt/moveit2_ws/install/moveit_resources_prbt_moveit_config:/home/jzt/moveit2_ws/install/moveit_ros_move_group:/home/jzt/moveit2_ws/install/moveit_planners_ompl:/home/jzt/moveit2_ws/install/moveit_ros_planning:/home/jzt/moveit2_ws/install/moveit_ros_occupancy_map_monitor:/home/jzt/moveit2_ws/install/moveit_resources_prbt_ikfast_manipulator_plugin:/home/jzt/moveit2_ws/install/moveit_planners_chomp:/home/jzt/moveit2_ws/install/moveit_kinematics:/home/jzt/moveit2_ws/install/moveit_chomp_optimizer_adapter:/home/jzt/moveit2_ws/install/chomp_motion_planner:/home/jzt/moveit2_ws/install/moveit_core:/home/jzt/moveit2_ws/install/srdfdom:/home/jzt/moveit2_ws/install/rviz_marker_tools:/home/jzt/moveit2_ws/install/rosparam_shortcuts:/home/jzt/moveit2_ws/install/moveit_task_constructor_msgs:/home/jzt/moveit2_ws/install/moveit_resources_prbt_support:/home/jzt/moveit2_ws/install/moveit_resources:/home/jzt/moveit2_ws/install/moveit_resources_pr2_description:/home/jzt/moveit2_ws/install/moveit_resources_panda_moveit_config:/home/jzt/moveit2_ws/install/moveit_resources_panda_description:/home/jzt/moveit2_ws/install/moveit_resources_fanuc_moveit_config:/home/jzt/moveit2_ws/install/moveit_resources_fanuc_description:/home/jzt/moveit2_ws/install/moveit_common:/home/jzt/moveit2_ws/install/moveit_configs_utils:/home/jzt/moveit2_ws/install/launch_param_builder:/opt/ros/humble LD_LIBRARY_PATH=/home/jzt/nb_arm_ws/install/arm_msgs/lib:/home/jzt/fastdds_ws/install/fastdds/lib:/home/jzt/fastdds_ws/install/fastcdr/lib:/home/jzt/moveit2_ws/install/pilz_industrial_motion_planner_testutils/lib:/home/jzt/moveit2_ws/install/pilz_industrial_motion_planner/lib:/home/jzt/moveit2_ws/install/moveit_visual_tools/lib:/home/jzt/moveit2_ws/install/moveit_task_constructor_visualization/lib:/home/jzt/moveit2_ws/install/moveit_task_constructor_demo/lib:/home/jzt/moveit2_ws/install/moveit_task_constructor_capabilities/lib:/home/jzt/moveit2_ws/install/moveit_task_constructor_core/lib:/home/jzt/moveit2_ws/install/moveit_ros_control_interface/lib:/home/jzt/moveit2_ws/install/moveit_simple_controller_manager/lib:/home/jzt/moveit2_ws/install/moveit_setup_assistant/lib:/home/jzt/moveit2_ws/install/moveit_setup_srdf_plugins/lib:/home/jzt/moveit2_ws/install/moveit_setup_core_plugins/lib:/home/jzt/moveit2_ws/install/moveit_setup_controllers/lib:/home/jzt/moveit2_ws/install/moveit_setup_app_plugins/lib:/home/jzt/moveit2_ws/install/moveit_setup_framework/lib:/home/jzt/moveit2_ws/install/moveit_servo/lib:/home/jzt/moveit2_ws/install/moveit_ros_visualization/lib:/home/jzt/moveit2_ws/install/moveit_hybrid_planning/lib:/home/jzt/moveit2_ws/install/moveit_ros_planning_interface/lib:/home/jzt/moveit2_ws/install/moveit_ros_benchmarks/lib:/home/jzt/moveit2_ws/install/moveit_ros_warehouse/lib:/home/jzt/moveit2_ws/install/moveit_ros_robot_interaction/lib:/home/jzt/moveit2_ws/install/moveit_ros_perception/lib:/home/jzt/moveit2_ws/install/moveit_ros_move_group/lib:/home/jzt/moveit2_ws/install/moveit_planners_ompl/lib:/home/jzt/moveit2_ws/install/moveit_ros_planning/lib:/home/jzt/moveit2_ws/install/moveit_ros_occupancy_map_monitor/lib:/home/jzt/moveit2_ws/install/moveit_resources_prbt_ikfast_manipulator_plugin/lib:/home/jzt/moveit2_ws/install/moveit_planners_chomp/lib:/home/jzt/moveit2_ws/install/moveit_kinematics/lib:/home/jzt/moveit2_ws/install/moveit_chomp_optimizer_adapter/lib:/home/jzt/moveit2_ws/install/chomp_motion_planner/lib:/home/jzt/moveit2_ws/install/moveit_core/lib:/home/jzt/moveit2_ws/install/srdfdom/lib:/home/jzt/moveit2_ws/install/rviz_marker_tools/lib:/home/jzt/moveit2_ws/install/rosparam_shortcuts/lib:/home/jzt/moveit2_ws/install/moveit_task_constructor_msgs/lib:/usr/lib/x86_64-linux-gnu/gazebo-11/plugins:/opt/ros/humble/opt/rviz_ogre_vendor/lib:/opt/ros/humble/lib/x86_64-linux-gnu:/opt/ros/humble/lib:/usr/lib/x86_64-linux-gnu/gazebo-11/plugins:/usr/lib/x86_64-linux-gnu/gazebo-11/plugins:/usr/lib/x86_64-linux-gnu/gazebo-11/plugins PYTHONPATH=/home/jzt/nb_arm_ws/install/arm_msgs/local/lib/python3.10/dist-packages:${PYTHONPATH} /usr/local/bin/cmake --install /home/jzt/nb_arm_ws/build/nb_arm
[13.039s] Level 1:colcon.colcon_core.environment:checking '/home/jzt/nb_arm_ws/install/nb_arm' for CMake config files
[13.039s] Level 1:colcon.colcon_core.shell:create_environment_hook('nb_arm', 'cmake_prefix_path')
[13.039s] INFO:colcon.colcon_core.shell:Creating environment hook '/home/jzt/nb_arm_ws/install/nb_arm/share/nb_arm/hook/cmake_prefix_path.ps1'
[13.040s] INFO:colcon.colcon_core.shell:Creating environment descriptor '/home/jzt/nb_arm_ws/install/nb_arm/share/nb_arm/hook/cmake_prefix_path.dsv'
[13.040s] INFO:colcon.colcon_core.shell:Creating environment hook '/home/jzt/nb_arm_ws/install/nb_arm/share/nb_arm/hook/cmake_prefix_path.sh'
[13.040s] Level 1:colcon.colcon_core.environment:checking '/home/jzt/nb_arm_ws/install/nb_arm/lib'
[13.040s] Level 1:colcon.colcon_core.environment:checking '/home/jzt/nb_arm_ws/install/nb_arm/bin'
[13.040s] Level 1:colcon.colcon_core.environment:checking '/home/jzt/nb_arm_ws/install/nb_arm/lib/pkgconfig/nb_arm.pc'
[13.041s] Level 1:colcon.colcon_core.environment:checking '/home/jzt/nb_arm_ws/install/nb_arm/lib/python3.10/site-packages'
[13.041s] Level 1:colcon.colcon_core.environment:checking '/home/jzt/nb_arm_ws/install/nb_arm/bin'
[13.041s] INFO:colcon.colcon_core.shell:Creating package script '/home/jzt/nb_arm_ws/install/nb_arm/share/nb_arm/package.ps1'
[13.041s] INFO:colcon.colcon_core.shell:Creating package descriptor '/home/jzt/nb_arm_ws/install/nb_arm/share/nb_arm/package.dsv'
[13.042s] INFO:colcon.colcon_core.shell:Creating package script '/home/jzt/nb_arm_ws/install/nb_arm/share/nb_arm/package.sh'
[13.042s] INFO:colcon.colcon_core.shell:Creating package script '/home/jzt/nb_arm_ws/install/nb_arm/share/nb_arm/package.bash'
[13.042s] INFO:colcon.colcon_core.shell:Creating package script '/home/jzt/nb_arm_ws/install/nb_arm/share/nb_arm/package.zsh'
[13.042s] Level 1:colcon.colcon_core.environment:create_file_with_runtime_dependencies(/home/jzt/nb_arm_ws/install/nb_arm/share/colcon-core/packages/nb_arm)
[13.042s] Level 1:colcon.colcon_core.environment:create_environment_scripts_only(nb_arm)
[13.043s] Level 1:colcon.colcon_core.environment:checking '/home/jzt/nb_arm_ws/install/nb_arm' for CMake module files
[13.043s] Level 1:colcon.colcon_core.environment:checking '/home/jzt/nb_arm_ws/install/nb_arm' for CMake config files
[13.043s] Level 1:colcon.colcon_core.shell:create_environment_hook('nb_arm', 'cmake_prefix_path')
[13.043s] INFO:colcon.colcon_core.shell:Creating environment hook '/home/jzt/nb_arm_ws/install/nb_arm/share/nb_arm/hook/cmake_prefix_path.ps1'
[13.043s] INFO:colcon.colcon_core.shell:Creating environment descriptor '/home/jzt/nb_arm_ws/install/nb_arm/share/nb_arm/hook/cmake_prefix_path.dsv'
[13.043s] INFO:colcon.colcon_core.shell:Creating environment hook '/home/jzt/nb_arm_ws/install/nb_arm/share/nb_arm/hook/cmake_prefix_path.sh'
[13.043s] Level 1:colcon.colcon_core.environment:checking '/home/jzt/nb_arm_ws/install/nb_arm/lib'
[13.043s] Level 1:colcon.colcon_core.environment:checking '/home/jzt/nb_arm_ws/install/nb_arm/bin'
[13.043s] Level 1:colcon.colcon_core.environment:checking '/home/jzt/nb_arm_ws/install/nb_arm/lib/pkgconfig/nb_arm.pc'
[13.044s] Level 1:colcon.colcon_core.environment:checking '/home/jzt/nb_arm_ws/install/nb_arm/lib/python3.10/site-packages'
[13.044s] Level 1:colcon.colcon_core.environment:checking '/home/jzt/nb_arm_ws/install/nb_arm/bin'
[13.044s] INFO:colcon.colcon_core.shell:Creating package script '/home/jzt/nb_arm_ws/install/nb_arm/share/nb_arm/package.ps1'
[13.044s] INFO:colcon.colcon_core.shell:Creating package descriptor '/home/jzt/nb_arm_ws/install/nb_arm/share/nb_arm/package.dsv'
[13.044s] INFO:colcon.colcon_core.shell:Creating package script '/home/jzt/nb_arm_ws/install/nb_arm/share/nb_arm/package.sh'
[13.044s] INFO:colcon.colcon_core.shell:Creating package script '/home/jzt/nb_arm_ws/install/nb_arm/share/nb_arm/package.bash'
[13.045s] INFO:colcon.colcon_core.shell:Creating package script '/home/jzt/nb_arm_ws/install/nb_arm/share/nb_arm/package.zsh'
[13.045s] Level 1:colcon.colcon_core.environment:create_file_with_runtime_dependencies(/home/jzt/nb_arm_ws/install/nb_arm/share/colcon-core/packages/nb_arm)
[13.045s] DEBUG:colcon.colcon_parallel_executor.executor.parallel:closing loop
[13.045s] DEBUG:colcon.colcon_parallel_executor.executor.parallel:loop closed
[13.045s] DEBUG:colcon.colcon_parallel_executor.executor.parallel:run_until_complete finished with '0'
[13.045s] DEBUG:colcon.colcon_core.event_reactor:joining thread
[13.048s] INFO:colcon.colcon_core.plugin_system:Skipping extension 'colcon_notification.desktop_notification.terminal_notifier': Not used on non-Darwin systems
[13.048s] INFO:colcon.colcon_core.plugin_system:Skipping extension 'colcon_notification.desktop_notification.win32': Not used on non-Windows systems
[13.048s] INFO:colcon.colcon_notification.desktop_notification:Sending desktop notification using 'notify2'
[13.054s] DEBUG:colcon.colcon_core.event_reactor:joined thread
[13.054s] INFO:colcon.colcon_core.shell:Creating prefix script '/home/jzt/nb_arm_ws/install/local_setup.ps1'
[13.054s] INFO:colcon.colcon_core.shell:Creating prefix util module '/home/jzt/nb_arm_ws/install/_local_setup_util_ps1.py'
[13.055s] INFO:colcon.colcon_core.shell:Creating prefix chain script '/home/jzt/nb_arm_ws/install/setup.ps1'
[13.056s] INFO:colcon.colcon_core.shell:Creating prefix script '/home/jzt/nb_arm_ws/install/local_setup.sh'
[13.056s] INFO:colcon.colcon_core.shell:Creating prefix util module '/home/jzt/nb_arm_ws/install/_local_setup_util_sh.py'
[13.057s] INFO:colcon.colcon_core.shell:Creating prefix chain script '/home/jzt/nb_arm_ws/install/setup.sh'
[13.058s] INFO:colcon.colcon_core.shell:Creating prefix script '/home/jzt/nb_arm_ws/install/local_setup.bash'
[13.058s] INFO:colcon.colcon_core.shell:Creating prefix chain script '/home/jzt/nb_arm_ws/install/setup.bash'
[13.059s] INFO:colcon.colcon_core.shell:Creating prefix script '/home/jzt/nb_arm_ws/install/local_setup.zsh'
[13.060s] INFO:colcon.colcon_core.shell:Creating prefix chain script '/home/jzt/nb_arm_ws/install/setup.zsh'
